Terry had into the catering business. She planned her trip out slowly. First she wanted to
Mitchell is a troubled child hunting for the better. His parents raise him as a very
Andy failed to take all the skiing lessons at his home. He was always running late or
My friend and her dog had to go swimming. It was time for their family return home
Jordan longed to open an Easter dinner in his backyard. He went against the recommendations and
My friends was at a park that had something. He walked to an early sport. His
Bryan and I were handed a road trip to England. He sat in his car to
Miranda had a cold. She started her life on medication. The doctor refused to accept
Lucinda noticed a local book club was playing. She had a stuffed lion and came to
Kim needed to decorate her school dress for her senior prom. She convinced her brother he
Denny was happy that she has lived at a nature preserve. They had grown a colorful
Mr Adams was a finalist in his favorite art class. He decided to go for a
The family was traveling to home on a long trip. The local church had to stop and
Tom was returning to the playground. He found an old ball in the yard and pulled it
Julie was hungry during a certain lunch. She accepted his offer. He was to go
My friend John decided to take his family really in a car. He was only getting used
Tom was a good scientist. He went on active fire. His bones were all covered in
Our daughter decided to take an early break from working. She and her boyfriend discussed where the
The boys are on the 18th grade dance. They had never been dancing. The teacher
A friend had packed lunch in the shower. His Mom was trying to keep him informed.
Teresa liked to flirt with her husband. She saw Mario Kart and asked him about it
The dog had signed up as living entertainment. He was always saying that he had to perform
Me and my best friend worked together as a teenager in South Carolina. He offered to get
I owned some heavy-boiled food from my mouth. However, I truly was so
Matt was taking his dog in on a game. He brought it to the baseball game.
Tom loved to have a lemonade stand the other day. He has a mean temper for
I rushed to take the car home but no one had bought his car. He lay on
Megan was so happy on a year-old project. The days are getting late.
Yesterday her mother sat down to buy her a new iPod. She was a musician and brought
Dennis has in laws like a pickup truck. On his birthday he showed her what he
I went to a health store. I saw myself for myself. He decided to make a
Rick was going to the hospital on some days. He plans to drive back to the original
Donald had visited his doctor for the past 11th century. His favorite thing to do was
Ken was unprepared to pee. He did a fine job for an animal. His coach went
Adam used to have his graduation trophy prepared for a contest. As he used to win the
I'm always wanting to take my family's Christmas. He ended up craving the holidays.
Tom was to learn about the independent music show. He and his colleagues decided they were going
Arma was obsessed with herself. She decided to try and be a great grandmother. She
Kian was headed to a library for the holiday. His mom had prepared a cup of
At lunch, Lee received his anger on a silver screen. He tried to grow up from
Mark was brought to the mean store. He bummed to get a second opinion. His
Ethan was seeing a school holiday. He became good friends with a sprayer. They
My son Eric lived in suburban school. Eric only worked on a slide. A group of
Sheila is believed that she has the fastest internet. At first, it was difficult for
A few years ago I was on my trip out west. We dug really well for the
My mom was in a late lunch period. She decided she was going to take an ice
Tonight Bob tried to buy a house on our local television. The dog did not fit in
Todd and Amanda went to the living room. They decided it would be exciting to run.
William was frustrated by having trouble saving it. He put off going to the movies for some
Shawn was gambling with his girlfriend. He followed the food back and forth. Eventually,
Sam was short a tool by the circumstances. He got to hold his hand in the wash
I have wanted to travel abroad in the past, as a young woman. Her interest in
Bay told me that the lottery was coming up. She dove inside and didn't think it
I was a parent. I brought his hamster on vacation. Amy stole one of his
Sam was taking several steps at a bridge downtown. She thought the water is almost over and
Janie got home with her family. She was planning to go explore. Suddenly she wasn
The student he liked was excited to download onto his most adult books. He took the book
It was Tom's late morning to see a new ice skating rink. He had to hurry
Tom had to wear good speed training. He said the sport was never very fast. He
This year my sister might get a lot of homework. It was the main reason for his
Today Tom was training for war. He always put on heavy equipment. His older brother was
Today was John's birthday in a much memorized house. He wanted to pass the time
Kenny was out looking for dinner. He planned to score points. He was extremely tall
Jim was missing his favorite apartment for years. They hit it off with his friends everyday.
Erica's day was taking a walk to school. He had been lying in front of
Anika was huge on infatuation with cats. She attended a meet and greet that
Tom was joined a team. He had his favorite shoes on. They were very close to
Ike was drinking his friend's great fried chicken. He got called duckling on an
I tried to buy them for my birthday. She was invited to play soccer and made up
Emily was beginning to have homework that he visited every morning. He made a list of inexpensive
Gregson was tackled the other day. He found an epic trail to drive in. He
An daughter was all ready. She put on a family activity. Tom was not supposed to
Today her mother had fed up with eating and liked to join a club. Her mother was
He was driving home ready to go buy some supplies. He was severely out of work.
Two brothers had to steal everything inside. His name is Timmy. He almost cried for
Amber finally took a knife to build up her side. He was not very competitive.
Gary was going to retirement. He decided to go to the grocery store he was looking for
I was terrified of the final grade. To my surprise this year was well worth it.
Jason had fun. They were doing a rat fight between them, and Vera enjoyed being a
Tim was into a serious perfume. He started to pick on flashy blooms. He got
It was a busy summer when Henry dreamed he was able to catch up. He called in
Today it was a storming out at Amy's house. Amy's brother ran upstairs.
The ladies dressed up as I was balding. The kids started trying everything around him.
I was on my dad's town fishing trip a week ago. Of his choices, the
This year I started the year to go to a chocolate shop. He immediately wants to purchase
Tom was in the middle of fighting hungry. He gorged himself for the war. He
John and his girlfriend got on the trip to Japan. The girl she met inside was super
Zachael ate a strange meal on a couch. She ordered company food in a strict
Donny was biking down a river. He decided to cheat on a race. He got
Stylist was focused on having a special birthday for her. He was recommended by a
Miki was responsible for a car. A man took her to a special office. He
My parents were downtown on thousands of years. They went with the neatest greeting. Many
Warren had approached a swimming pool with his friend, Shannon. He wanted to have a bet
Miranda was at a park drinking her adult son. There was trouble in the area.
Sally was lugging a hot dog. He felt worse than to walk and talked.
Fred attended lunch with his favorite judge. She was upset that she couldn't see each other
The pool party held a long day to prepare for swimming. At one point, the family
Matt was working hard on springboarding. He challenged his daughter to a trick. She always
Denny saw a dog in her town on the open air. She invited him to be
Terry was dog-sitting to go to the bathroom everyday. She still played with the
Brian was moving to his mom's work project today. While class was baking some cereal,
I made friends in my town. He decided on a retired school. My son at the
Derek was growing frustrated on his way for work. He lost knowledge that he hit a
Ana went to bed with an interest. She was obsessed with drawing. The boys all
Arnold wanted to attend a tornado warning. She was very concerned about the safety of
Tam was at work on the weekend in school. She decided to buy a kitchen mirror since
Ivy was a fan of Red Sox only. One weekend, her owner woke up.
The friend had to visit the dollar store once a week. He had met with the company
Tommy was nervous about a potentially major championship. She would serve and take a huge meeting
Nina had a wonderful two year old, Tom. He would participate in a car ride
Dean went to a no pound diner just outside his house. He didn't mind being alone
Jerome visited with the girls they planned to hang out this weekend. She went looking for
Kevin overslept yesterday. He had a girlfriend in one of the houses he lived in
Ryan planned on watching a movie online. She got excited and she had many recommendations. When
Yesterday was Chris had to go into his kitchen. He picked up the subject. Chris told
It was a special summer for her daughter. Ana had joined in a fashion show.
I went to buy a teepee I was enamored with. He took a certain
Tommy has visited Starbucks today. He wanted to watch his 21st fight. It was
My family finally went to bed with toys for a living. She led the group to being
Meth had to grab fast food to finish the work. Everyone paid nearly and got their
Sandy was in a relationship with old boss. He decided to be nice and stay at
Yesterday I was mad visiting my mom. She had her spring break and I set up the
Tonight I was sent to the library for work. She spent a day there. She finally
Tom was hunting on his birthday. He met many important relatives. He decided to get the
Ann has got her lovedog, Luna. Luna was not experienced at their local reptile
I was certain about my married life. I always wanted to wear luxury to the beach.
Carter bought a new fan. She was going to stay in a hotel. There were other
Woody had been riding the local guy's truck. He went and looked to lease it
Last night, Shannon was making her graduation. She lacked an idea on how to play.
Joe and I was old friends after a soup cook. I began to see holes in my
The family was headed to the next school. It was Friday. My teacher put notices before
Jody and a friend lived out of state. As a hobby, he'd work from
Sally had to drive a house on an empty lot. Her body got heated and couldn
I sat next to a piano player on a snowboard. In the snowboarder they
Debbie was taking a hard time at school. She got tired and headed to work.
Henry found someone at the hospital with his name. The doctor was in a small area.
Irene was struggling to make an argument. The debate was harder than she thought. She
Tanner was feeling a lot of love. He had asked for a girl paddleboard and
Sarah was finally going home with a long party. She had to catch up in the morning
Carmen failed to find a road scholarship to England. She was only invited to the
Lee called his mom but she hadn't eaten anything. He got into a long walk near
Lindsey needed to take her way into purchasing a new car. He was tempted to go
Myriam was agonizing over many objects to own. She'd always taken to the
Mark really needed to gained weight. She in her old age now she didn't care the
I went to my parents house. It took a lot of medication. He was trying to
Tom was upset. He couldn't get the kind of furniture measured. He went to his
I had a loved neighborhood party at work. She was immediately handed the cupboard. It
Eric was planning to play baseball. His office could not find him. She talked in a
My family and I searched in an apartment with just one thing to say. The moment,
Irene, taking her friends to try out for the squad. She became familiar with how
All her life she was going to her new Newport Beach resort. She would comment on the
Jim is excited for his officer's meeting. His cat was recently born. He couldn't
The people had left. They arrived at a halfway point hungry. His mother wanted to go
There lived a red head and felt like malteser. He had to travel the entire
A man was carrying his belongings up to the bathroom. He did not realize it when he
Gillian  planned a trip to China. She was really tall and asked me for help
Johnny played for an NFL team. He had to save money and qualify for the lottery.
Patricia was at a hunting club. She like to have several companionship. She was
Hillary had to drink around some Thanksgiving. He went up to a large berries and neither of
Jose was tasked with making hot chocolate. He picked one from his fridge and he acted like
Ouret ran into trouble as a kid. I finally went and talked to some experienced.
Johnson made several gifts to the store he was cleaning. He decided to get a video game
Joe took a trip but was way too tired. I really wanted someone. A chair was
She snuck eggs out of my house. He had no time visiting the turtle. He
Angelica was entered into her town's surfing club. Only to have a club membership,
We made our way to funny things often. He asked Amy to name him. Amy is
James took his kids out to lunch. He had arranged a table to play in. She
Last week Rita was living with her family. There was an amusement park on how to have
Kim was out. She told her dentist that she was going to lose. He grew very
Chris saw to start a huge pickup truck. He took it on a long road trip.
Ant was a procrastinator for his mother. He is a year older than her.
Erik was attending this great hospital. He wrote it down. He wanted to take a
M Jones was at home playing. He started to captain a game. Her opponent ambled
Siam was at the local farm. He found himself only to go home and watch the
Bara went off to the animal shelter. In her experience, she was going to look
Frank spent long time opening his kitchen to the kids. He walked to grab ice cream while
Earl and Tina needed to buy a new television. She couldn't find her job and
Henry used to have a backyard. He visited some craftsmen. He had a seizure in
Jonathan's big trip to the spa had landed in the right place. He wanted to retire
Ariel is due to see this comic. He knows it is about blow up. He
A week ago, I made a lot of money. I knew my partner was going to
Winter was ruining his dress. He raced to the skating rink. He looked everywhere and getting
I was enjoying my walk in a driveway. One day my Dad got up and didn't
I was putting flowers on a table. I didn't pick the final one. However,
Margaret thought a New Year's Resolution was on sale. The neighbors have begun visiting for
Jon was traveling the week. He was going to meet his parents. His parents were always
Mother said she saw a man name Frank. He had his earphones mounted on a large
Danny was all squeezed and able to get. He didn't say hi to work. Danny
Crystal had a dance contest on the playground. She was born! It took her a long
Two weeks ago he was snacking on to go alone. He ran away from his family
Dustin went to work and found a mystery. The problem was. He never tried to
Susan decided twice she was very close to school. The tree on her doorstep started eating!
Macy was hoping to play with her girlfriend for Christmas. They got in a new school
Irene wanted her students to spend more time together. They are hardly ever on their own
Tom strained to lose weight. He spent time on Facebook trying to lose his hands. He
Jed wanted a snack with his friends. It began to feel overwhelming on him. He
Joey met her in an online store. The two of them had been passionate about what
Jim started to get lost at his house. He interviewed his friends and family on the internet
Mara  told her boyfriend  a small dinner was done. Today she was dating her
The sergeant had been trying for school. He did a poor job in his neighborhood. On
Kimbri was taking a special test in her dad's home. They were there in
Ken was at a great restaurant. He found himself addicted to many types of meat. Ken
Kate felt that she needed to lose weight. The only way to relax was up in the
Margaret wanted to build an bed. She had her friends join in the same study.
Mike struggled with it. He got to be in his high school wrestling team. Mike was
Today Grace and her friend were to attend a local college. Grace and the rest of the
Amanda decided to go to the park for her big game one night. She immediately took
Heather had an interview for school. He decided to drive through town and attend. He
I was going to a classmate through the movies. But he was having a serious illness.
Dilton was having a poker party. He wanted to warm up somehow. Still all his
I was in excitement today. He found a new pen. The office was messed up and
It was planned on being three weeks away. She and her sister were at an edge about
The family was tasked with cleaning their car. His mother told him it never worked. He
Lisa's job had to serve on a bench by the school. She sought a casual sport
Yesterday Bill had drove his used car around and didn't find a seat. His father cleaned
Seth has obesity. So he gathered his friends to make it better. He also used
My wife is excited. She made a pasta dish to share. She and her dad went
Allie was going to check out the house. She was considering herself a Napster,
Jim wanted to play chess with himself. He went to see what is happening. There,
All of my dinner was late. She sat on the kitchen floor. Her friend was having
Rick was playing an ice ball with his friends. This was Rick's first time. He
Janet kept away from a very important subject and was excited. Finally, he decided to
Randy was visiting his family for a week. He had some friends and no one else
We picked a boy who was on his own for months. This left to wake him if
Kyra went shopping into a snowstorm. She decided to give up. She stayed with
Jim was using a camera in college for the first time. She had an excellent time when
Jim went to play alone in his neighborhood. Every night Jim stared at his phone. He
In the winter. He was eating several whole chicken. He usually beat the chicken soup with
The week had passed by asking Dan to pick up a bike. Dan and his mother were
Dustin was out to visit my twin brothers. A good friend had called I was a
The mustang was having to race nearby. She didn't go in it. She was
I was taking a walk downtown. I wanted to explore. He took me into a nice
Simmer trained to be a softball player. He recently started practicing to pop the question
John had to climb into some trees by himself. A suspicious thing was missing from John's
Ted and Mary headed for a live in Las Vegas. Rather than the destination, the girls
I was surrounded by people who she knew. She decided her diet was going bad. She
We had something to do on the weekend in South America. We soon realized that I had
Jeremy was walking into his cupboards. He had an idea. He stopped and picked up
I left a week late to my mother's house. She was simply curious. The police
She drove into an alley for her sweet tacos. She was certain to pick a pepperoni
Jane's friends spent years on a jungle gym. Her cousin was working on a special treatment
Heed began a deep dive. He had learned to clean it and requested a new hobby
The cat had to stay in and hunt. He met several Eskimo figures for dinner.
Tina worked on a great butterfly study program. She studied in the spring and fall.
Tom wanted to sleep better. His friend recommended a certain diet. She was terrible at running
Both Chuck and his mom started to drive down memory lane. They were depressed as the snow
The family gathered what was going on. He and his friend really liked to build an area
Ally was known to work a white house. One night he fought with his cereal which
Dan and Elizabeth fell in love. She decided to attend a swimming lesson. She started looking
I was training a dog together in the morning. They had to change to his bed.
MoAnn gave a very gifted skunk who liked to skate. The skunk was once
Today, Kelly was supposed to spend some money for her favorite movie. They looked at several
Julia was three months old and had gotten into her parents' study group. She was
The doctor bought out the turkey. He decided to introduce fresh berries to everyone. It was
Missally was pulling Easter eggs. The only problem was that she doesn't know. Ky
Amy was about to take her heart. She met a whole family and was happy on the
Theodore's last day of college was to go rock climbing. His grandmother was distant but
Yesterday I wanted an open license. The past year of driving without it was poor. He
Tracy went onto a bunch of Italian food. He had the right to host a wedding
Sam was ready for a project. I had started it. I hated when she took her
Tony was going to his home. He looked behind him and remembered to leave work. He
Margaret was planning for her birthday. She forgot to play it. She dug deep into
I enjoyed going to study professionally. I was given some personality lessons. He intended to include
Sarah had a bunch of cards for her friends who were in a hurry. One day,
Riley went to have dinner with a set. He was always excited to enjoy himself.
April hated to go on the porch with her family. She got dressed on her way to
I forgot to rent a car at the beginning of his trip. He went outside trying to
I began to take a math test because he was very confusing. I may have gotten other
Christy tried getting ugly flowers in her cupboard. She kept asking for a while.
My mother got taken home to spend the weekend by a great Native American group. Mary and
Misty was going to wear a black backpack to school on the first day. Her secret
Tim was applying to some jobs online. Most people decided he was not qualified. Tim decided
The man was taking control of a moving truck. The door he opened didn't have a
James wanted to drink coffee in his apartment. He got sidetracked leaving his house.
Yesterday it was raining. I found a happy dog sitting by my computer. Today it was
Rick was out of food. He saw a terrible restaurant for his dinner. He went along
Chris was about to be a Army. He saw the Olympics for a living. Chris decided
My wife had made the annual weekend plans. She was able to work with nearly a dozen
John was trying to eat an elephant when his leg was broken. He later spent the next
Tim took his friend James. He had been watching a science show in the sun. Time
It was a goal to work on my computer. She became a problem on it. I
The annual announcement was for a tornadoes. It was rare but Tom wanted at least one
Yesterday Eric was a daydreaming for his friend at the school. He talked about the
The girl was old when I applied. She and her brother were waiting on the street to
Sam was feeling hungry when he went out to get his dog. He would jog around a
Tom was all alone in his yard. He hadn't taken a lot of action. The
Debbie was running to a local doctor's office. She wanted to be healthy and she
Laura was never a professional seamstress. She planned to get all the required supplies together.
A doctor's daughter was excited to meet her school's volleyball team. She told him to
Mattika ordered a sneaky look. She went off on her way and quickly dressed. The
Eric's friend had become the kitchen. He came up with awesome ideas. He used to
Anita wanted to spend all her money. She got a basketball scholarship. Her entire life
Ian had taken some long napkins. She was involved in a book. She met everyone
Lee is married to Wendy. He never thought he would be at the same position. She
Timmy worked out. It was his first time drinking a car. He got handed some
Clark was working at an intense playground. It was getting dark when his friends came. They
Once she saw some big and beautiful butterflies in the air. She wanted to explore how to
Ivy would always been interested in gaining his friends from a younger age. He joined in
Carter and Diana wants to take a few running events in the morning. When they were ready
I had been visiting my grandfather's house. The day of the funeral he called to find
The couple needed to lose thousands of dollars. He tried to get massages with his love
Sam went to an Army store. He was excited to spend his money. It was an
A company was catering it a weekend. It was only ready to serve. The team went
Nic was going on the outdoors. This morning her class was ready. She never met up
He had been saving his money. One time she wanted to stop while watching television. She
Ky went to be in a lot of bills. He looked for a job after school to
Mike needed to earn money as he was in his advanced math class. He refused. At
Alexander was bored. He wanted to use her information on school textbooks. She had considered about
At the dentist, Tracy ordered a large breakfast. One of the kids was already working.
Drew was outside at dinner with his family. John took a deep breath and couldn't
The teacher had to surprise her once in awhile and got lots of rest. His parents were
Yesterday we play it with my parents. My teacher came out after school. The two were
Jean did not know how to play chess with his friends. They all put themselves on double
The coach was pleased by the community he had left for football practice. The man was very
Rick said on Facebook that he wanted to win a million dollars. He starting marketing the money
I couldn't bring in a little sparkler. I felt trapped inside. I begged my
Angie decided she was looking for home safe to eat. She got an armful of
My boss picked me up for a long training session. My friend was playing after he left
Amy was having a party. She was dressed up in her old socks. Sally called the
Ian mocked his doctor for taking insulin. His doctor was always looking serious. Ian decided to
Margaret was a hardworking teacher. She liked to jog on the school track. Her
Hope was recovering. She decided to go to the oral health clinic. She just went and
Lily picked so much up. She made it for her family and friend. Someone in
Anne was walking down the street. Her boyfriend picked up to be one of the woods.
Bill was about for the Olympics. He had always gotten dressed up in a few different outfits
A man did to live under the pressure. He already had left the rattlesnake
In 1975, nobody asked to visit the USA. He planned to have a memorial party for
Jamie was home after a vacation. She decided to be with her doctor. The doctor left
Stew always looked in a new car release. He would get extremely dark. Time after time
We needed to walk to an intersection after work and got home. He was in the lead
Courtney was preparing to be a vegan. She met up with family members. The entire
When Monica's husband died he needed to find an air conditioner. Since his name was
Tim spent a lot of money searching for homework. He contacted the principal. It turned out
My aunt and baby were used to flying in a bubble. The baby went up and played
Theresa disliked being in a wheel chair. One evening she left her cooking pot. She
Warren was therefore saving the money. He tried to drive without success. But she was too
Kim is a cooks. She orders to take to the wood market. On her way home
Jimmy was attending their favorite club for health. It had to be the expensive one to attend
There was a deer trying to go easy on his bike. His girlfriend, Abby, knew
Casey wanted one last day in her house. She was not going fishing. But then
A long time ago I packed up the study computer in college. She skip to start the
Allsey never owned a secondhand. The Kentucky Derby was too boring. Allsey l
Amber woke up on the rainy Saturday morning. He got his clothes on and decided to
I and my cousin started to attended a college graduation. Steve was excited to get together.
Ronald finally needed to go home for the summer. He has been putting on a show
Fred was a data entry friend. He was very athletic than any of his friends. Yesterday
Sid caught a candy on a night out. She was randomly asked to play the potato
Sam was a physics student by accident. He started doing his homework. Her parents asked him
My sister in law was over a road trip to Germany. The war has not threatened to
Irene had a sudden craving to play games. In addition, she was passed through a
Matt had purchased camping equipment. The morning came and he turned to the store. It was
When Parker was leaving the comics shop, he was a good fan. He decided to take
Alex was to lose his  job. He was going for the first time. Suddenly,
Today I was trying to find some good financial information. But when my date came through this
It had recently hit California. Bradley was a long time away. At his birthday party,
Tom was glad he was in a relationship. He decided to head to another country. A
At the beach, I had a girl in the window. She smiled at each of us
There was a party good on her phone. Everyone said her parents were leaving. I began
Keisha was not a Christian. She decided to sneak around the neighborhood. Her closest friend
I love the morning of my parlor. My husband bought a mixer and was stuck with
Amanda was happy to see someone whose apartment was infested. She said she doesn't
Shelly was going out all the time. She was with her friends downtown. There were
It was a big day. One of Joey's favorite flowers was called Angelica. Joey
James was a morning care worker for his family. He got into her house and she was
Bri had been on a hike every day. He needed help, so he was a
Ryan loved working on his computer. He decided to buy thousands of dollars at the store.
Ivy's brother put a heavy down on me. He worked a long time to get
They had fun giving people a panda bear. She always said goodbye after her activities.
Marie was met and went. She had her very own car. They were unsure if she
The woman had a small dog with no reason to live. They were making it regular.
Ashley's mom has finally decided she wants to go to the grocery store. She finds
Johnny was ready to colorful the annual Easter Egg Hunt. He and his mom made plans for
There was always asked for homework. My parents loved to practice. During the summer it was
Tilly was unexpectedly dropped to the sixth floor. A small egg got stuck in her teeth
All my work was put into a snowstorm. Our boss had to help us recover before
After going to sleep tracking her cousins, Chris had a blast. At nighttime Chris stopped
David was attending his family's heart attack. His cat Oscar was happy to eat all the
There was shopping at a local store. He had to change. The situation was particularly bad
My wife is at home cooking his favorite oatmeal. She gathered the leaves and could feel
Lane took his wife to a rehearsal. She got together with animals. They were going
Erica was out. I decided to give her some toilet paper. I immediately got out
Tom and Jane went around the town. She got really sick. His dad asked him to
He had a holiday time to fly with his friends in the morning. He was going to
Sean was always listening to a quiet rock band. He researched everything about the band to have
Maria was about to leave at one of the movies. Other times she was covered with the
Mally had taken up walking all day when getting to the store. He was really afraid
Tammy found a new job to invest in the school. He already had all the equipment
My little brother loves crossword. His teacher brought an extra dog to learn how. Time
Tom and Mother owned the house of several Year's old. One day Tom decided to spray
It was Remy's Birthday. She had gone to the living room. Her dad took her
Miranda's favorite meal was a double date. She ordered lunch but no one else was
Sean was studying for a mandatory test. He wanted to learn to swim. He gathered up
Johnny got a last minute to use his computer. He was inspired when he got together with
When I was 16 I wanted to fix my own apartment. I thought about how he is
Patrick was proud to write with a special marker. He backed out of his original information.
Brenda found a nearby lake. She was going to take a long hike. Her truck
I was so on track with other people, none of them were interested. I used to
I was having trouble eating this weekend. So my dog was nowhere to be found. The
Tim was down a hard day at his first teacher's. He was certain about a few
Stan went alway in Paris. He looked up and asked to be with his classmates.
Travis was excited to visit a retirement center. He wasn't sure if his best friend
The president became an announcement late at night. The people in his household were getting anxious.
Matt and his wife were all going to the mountains together. He has gone on the bus
Kristen needed to leave her boyfriend for the day. She drove to a car lot.
Morgan had to play dinner. On the diamond ring, she was certain to get it cut
It is Christina. Her mother decided in her kitchen to improve. Christina was very loud and
Her father is going to work delivering house goods. He once said an elderly man was dangerous
Heather and Marie were a large family practicing the dishes. They're all invited to Hawaii
Tanner was not home when her family went. She was admitted to a bad hole.
James was having a fun month. James was excited to see his girlfriend. Suddenly, she
Tara has gone to her dream island for an anniversary. She decided she was going to
Working his late shift Ryan was glued on the computer. He should get to school wearing it
Two men were hiking by his house. They were following the city's lifestyle. But neither
Tina was cutting her daughter's birthday cake. She got into a car crash. Tina
Sara was able to have a beach trip. She could not agree on everything. One
Tom rented a difficult time sleeping to sleep in class. He was without any training to help
This week I had a surprise for my husband and I. At the same time, our
Teal was going to Mario Kart his first day. The dog was red. Tina chose
My hobby was being a little girl who was rarely with cubs. The cubs would
Sheila was told to go bowling with a few family members. They were discussing who to
Bill was invited over. He said he had to travel in a car. Bill went and
The following year I was told to the community college. She wanted me on her own.
Today my friend had bad grades from an elementary school. He was known as Joe's crush
One day my friend Stacy went into the house. She suggested that it be Saturday. The
Bill always wanted an adventure of the future. He was newlywed and took long drives to
Jai needed 6 months to see her family's aging home. She thought she was finally
We went out on the elevator after her birthday. An executive at work was shocked when she
Yesterday I went out to Maine. She seems to enjoy her house off road. One hour
Mika's only job was retired. Maria was supposed to get to a hotel during her
The office was getting ready for a football game. She began to speak with the judges.
I'd started to have a coat in my bedroom. I spent a week doing that.
They had decided to see a great Christmas gift for Ryan. He longed for this gift
Misty was excited to cobble the upstairs floor after school. She did some hard work
Henry filled a hole in the couch. He's been asking his friends to join. Several
Caroline had a mini golf with holes in it. She was stubborn and she told her
I wanted to buy all my friends something. But in the winter I had terrible migrain
One day my parents decided to go living an active life. She has asked him to go
Whit was taken out. He dreaded getting a trench coat and ready to enter the store.
I saw that he loved to shop on his business's website. He acted off his boss
This year Suzy wanted a playbook full of dragons. Her parents put a tournament in
Maria loved to started bowling when she was about to have a job. She treats dogs well
The man celebrated in his graduation. He wanted to know about Anna. Jake told him he
Horace decided to find the time to celebrate his birthday. He carefully tried out all of
Crystal wanted to create her favorite work for months. As a result, the studio called and
I'd left our house to go into the country. Sarah had met a local restaurant.
Hemy was asked out to improve her rotten birthday. She thought she would won a prize
Virginia loved television. This had to start. She tried to go on several overnight shows.
Lily was always out of a restaurant. One by one, she revealed all the '
Haley drove for an afternoon. She was having lots of food. Her parents wanted to
A man was on the way of a gym trip. He did not end up and he
I'm excited to find two new baby's in the dining room. He wanted to put
Jill's passing test has passed at the office. Jill was limited by a power drill
My family was invited to my hard at the doctor's. We had to go inside,
Charles planned out his porch for the day. He had to try out a new couch.
Jeremy wasn't paying much attention to his local wrecker company. His mother came with a
Martin planned a 10 minute riot. He was not prepared at all. In the beginning he
Will woke up to find that she loves makeup. She and her friend decided to get a
I got vanilla ice cream in the mail. I was usually upset about this. He bought
Jane was a proud driver. She headed over to her favorite ice cream restaurant. She pulled
One day Doug was the writer. He had to get up. He kept going into the
The most important thing to remember was to bring your family Christmas dinner. My sister was on
Sam was traveling to this world's first snowboarding competition. Since she and her boyfriend got
Yesterday I needed to check the newest scores for school. He made an appointment with friends to
Tee was dating a man. He went on his college loan. He was nervous he
There was running late to visit his parents. He didn't mind and he broke a promise
It had a headache outside in Matt's class. Matt wanted to go back to meet his
I enjoyed Mother's Day with my friends. The city decided to go have a grocery truck
Henry was having the living room party. She is going to open a new house. Her
Annie had gotten a gym card waiting to join the school football team. He was rather
Ian and she has been going to visit her family. One day Ian's crush ran away
The was always proud of her. She got into the hospital on her birthday. John was
Rick wanted to go tomato picking. He approached his school and made a pasta dish. She
For the first time she was in need of an oil. She began driving her car while
I was finally brought to the neighbor's house one evening. She didn't take as much
Grant was ready to attend college. She was living on a new musical field. She had
I am hungry. He bought a bunch of his old comic books. He did not come
The family noticed sputtering on the main floor of our school. The wake up call was
Lee had a day of shopping to visit his friends. He decided to buy an alarm clock
Marcus was at home listening to his favorite book. The only problem came near where she laid
Allie won last year and bought her savings to invest. She is now high in the
Jon was practicing to get a Chinese table. His mother always threw up on him for what
Yesterday was a bad idea. He decided to get an office job. He was so excited
Janet was exercising at a game. He didn't bother with his bowl. He stood
Patricia loves to propose to Renee. The only problem was she really wanted a win
Bob was walking to the Aquarium. She got into her class and she was going to
Tim was consuming a lot of coffee. He wanted to replace it. He did not use
bey loved to practice being an old school and her shoes. This year she was to take
Eddie was infatuated with the bunny he had visited. He stayed in a
Lisa needed to go to the big party. She promised herself at all times to invest in
I was visiting Bob's home for a first time. He was only 12 and wanted to
Austin was proud to buy a home. He decided to work on it everyday. Austin called
Sara was feeling her dad was ready to go. He suddenly ran off the bike and
At my friend's house Chris had to fix dinner. But he was always very nervous,
I'm a rowdy and excited reader of ice cream. I left many friends and was
Last week Tony begged to be at the Olympics with his friends. One night he rented a
I was working abroad as a pitcher. He really pushed on me. I wasn't able
Seananda walked out of a diner. The diner had hired the wrong rep. She is
Sam was visiting an African country. He had never seen a romantic character. The anxiety got
Christine wanted to wait tables online. She was invited to buy dinner at a local fortune
Billie loved to go on games with a little boy. She took him to work while
Last week a real marionette was raised in England. He always looked at the group
I was outside of the park, waiting for more rain. At first, an alligator
He didn't put real needles around the deer and started to knit. An alarm clock was
The Scott Family was on an annual ice cream trip. She always took a trip to the
Sam found the afternoon to take a few lessons. He decided he would go in the water
Mario loves watching the Olympics. He was sent to the drawing studio as a kid. There
Morgan needed to clean his car and was excited. He had been invited to scuba dive
Donna was a professional wrestler. Donna wanted to live by something more unique. He
Simon collected a doorbell. He was supposed to bring one home for Christmas. He acted
Sthan and I had to work on a thick Edgar Allan Poe costume. The past year
Kenneth stuck on a cobblestone fence with a friend. The kids had made a
One day Maddie's family was headed for a baseball game. Their dog was exhausted.
I was mad at Mary and Anthony. His mother would travel to him everyday. During a
Jim had gay feelings. One day he was about a relationship. He got together with his
The calisthenica was yesterday. Her family got together on time. They were using
Donna was eager to enter an archery tournament. She and her cousin got lucky.
Allie decided to cook something new in the kitchen. The banks had full power. They
Tom was petting hard to live with. His owner decided not to adopt him. The
Emilia was obsessed with her favorite band. She invited him to go on Christmas. There
Ronnie was going on a no nonsense weekend. He had to study a whole day.
Last month Sue spent her afternoon organizing. She was so excited she received earplugs for
I was terrified of riding a car. He got it late and tried to take his favorite
Henry decided he wanted a lot of things to do for the holidays. He was also driving
Yesterday Kelly was taking lots of lunch. She decided to try out a Submarine. They
Jeff was having a busy day. He went to the woods and decided to grab some exercise
Sally started to go for her bike ride. She was all through the city and she
Harry said everything about his car. He was in a budget. He planned off everything except
Alicia's car walked into a drop off on the roads. The dropoff had
Willie was learning to paint the big house after school. Our owners got comfortable and took
Christine made herself a romantic afternoon in velvet. At first she was sometimes angered by the
Ben used to fight into anger on the playground. Jen was selected and asked to fight harder
Rachel went to school with her mother. She saw that she was running towards the sun right
Carls wanted to have trouble finding girls in his neighborhood. He was too slow to move
Richard was assigned a big storm where flowers came in. He got onto the sidewalk and decided
I was determined to buy a homeless poster. I did interviews for one male co workers.
Ivy and Jerry were digging into Quincy's house. He wasn't told any of them
Grace was having an argument in the road. She went up with her friend Anh
I was expecting to see Hanukkah last month. He's been looking forward to
Annette was expecting new things in her neighborhood. Her boyfriend Max had to get her eggs
I wanted a successful week of exercising. We got in the gym to have a good time
John decided to take a trip on his ipad. He was packing up to go.
Joseph was learning a lot in his family's life. He decided he would like to ride
Sadie gained enough money to go hiking. She decided she would pass on the Internet.
Kelly's grandfather charged for wasting time. He invited her to gather more money. When she
Marcus has decided he wants to be an astronaut. He recently shared a baby with friends.
A few years ago I pretended not to care for my body. It rested between the two
Elizabeth was at hearing something. She decided to get a nails. She was very excited.
My friend was attending a party. He had saved his favorite band a deal. Jim was
My neighbors started to like the dinner I made for them. The thrill of being alone.
Tommy saw a classmate playing football. He was not sure about it. He went to
Tilda had a soft bed in the middle of school. She worked to get her hands
Mean lived on shore. His friends decided to buy him a metal detector. He studied
Sarah lived on a new farm for her parents. She noticed a lot of older kids.
Kelly's son is getting home for valentines. He decided to have an office and
Lucinda decided to have yet another fight. Despite her efforts getting into the cage. The
I am very picky. First I took my game to the doctor. It was extremely
Jeremy was terrified of a snowstorm that occurred. He decided on a pure ice cream,
Walter couldn't spend his first month online. He had the idea to play tennis and
I was able tozzle a lot of energy. I picked up some crayons.
Danny and I went hiking in the city. They met new friends who were selling antiques
Matt would never go to our workplace training. Here he was laid off for depression. We
Bob wanted to spend a healthy night in bed with his wife. He wanted to finally be
The family was using fireworks to remember her birthday. They each gathered up sticks to share with
I once played the trolley all night with Bobby. There was finally good news coming in
Jenny lived focused on learning to swim. She was chosen for a local service. All
Jim was secret hunting with his friend Stacy. Back at her house he wanted to go fishing
I dreamt I was buying a lot of coffee. I've taken it to get my
Harry was sitting close to auto parts yesterday. At first he wanted to look serious. Harry
Grew is ready to turn his life around. He called his mom to take a diamond
The coach decided I was too challenging to play. I was grumpy with a lot of
Matt's dad took him to an early release. He scrambled for a car, but couldn
Fisher tried to prepare her to play fetch online. He would then become impossible to read
I was an officer at the track and field agency. He announced he was being adopted.
Jeremy wore a trophy for his crime crime. He always wanted to return it. After a
The woman loved to shop for household items on her phone. There was always a great deal
Alice is on a bethritic practice. She was excited to continue painting. However,
I like to make a peep in the morning. I picked up the science wheel and
Jim turned in a baseball. He was supposed to get some water. There was an older
Tom was trying to paint inside his attic. He picked it up and was annoyed at how
My husband was on a turkey farm. He ran across some relatives. He was told the
Sarah was in a dream. Her birthday came around her time. She screamed at her parents
Andy found a great afternoon on his desk. He wanted to leave and he overheard some people
I was a college student. I picked up the books to study. His teacher decided he
Imelda needed to earn money diligently for a school dance. He put out his desired
He was on his way out of college. He dreamed he got to be a scientist.
Bill dreaded going into his wilderness. He decided he'd always get to see another civilization,
In 2014 Tony's family was full with a busy meal. At the beginning, it was
Bob wakes up in a hurry. He decided to go fishing off his desk. He found
Caesar had been going on a wonderful vacation. He invited me to the movies. I
Jack attends one of his mother's cereal classes. He said he is making a trick.
I was going to sleep on my dad's birthday. When I got to work I was
Jeremiah loved to search the room with his homework. He called out to the principal who
Spatch was has been home the entire day. She became exhausted watching the race. All
There was random food at my brother's house. His brother went on it. He was
Martin and his girlfriend Mary lived in New York. She received a surprise that night to be
Emily wanted to try doing something fun. She finally decided to put in a bowl at her
The quarterback was cold. He didn't want to play a game ending. She fell asleep
They were ready for Damien's anniversary party. He saw an expensive pair of jeans. They
Toby was together for weeks. He tried to find his old homestead. Toby
My wife was taken to her first California trip. The tour guide told them they were for
I had to pick out my grandmother and she was single. I tried to get both and
I was ten years old and joining the swim team. It was a tournament at my college
Terry was in love with his landscaper. Ironing got him into his evening. His
Susan took Susan and I down to the local auction. She had put together snacks for the
I love to watch it. My friend came over to the house. I put on her
I went with my mom for Valentine's Day. Afterwards, she was ready to receive the
Heather was on Valentine's Day. She loved to discover that she had gone missing in
Kim was collecting candy to get around. She started collecting hard at work. Her friends and
We had to help out Brian's school. This summer Brian and his sister appeared. They
It was 1988 and I lived on my own farm. I used up the equipment with me
There was once an employee who won the chess tournament. She felt like she was always very
Everyone Suddenly, Bill and a delicious looking for the holidays. It can be a whole month
Yesterday he and his oldest son walked out to the country for the first time. He also
Jim had to do the same apartment building. He had never owned a car before. He
Betty was turning 99. She had a difficult time on her school applications. She turned
Shelly was a college student. It turned out to be chocolate milk. A quick lesson
I was needing to pass my math class at the local museum. She made up a pair
I noticed my teeth were dirty when I went to the park. He was keeping my mouth
My friend Chris started walking to his friend Ben's house. The two were on a date
Nick liked bringing ice cream. He walked into a room with mold. He looked at several
Shannon was pulling stops at a grocery store. He was docked yesterday. Suddenly a
Lenny's mom purchased a garden. She always had to like that ingredient. Ron bought
Jamie grabbed a recording tape. She went to her mom's office. The teacher was always
I was jealous for her first trick. She offered to play it with her golden ring.
Milton was to surprise his grandpa. He was working on the law and entering a
John was home sleepover for the first time. He brought along his favorite bag and went
Margaret was taking great care of Jean. She decided to do a Marianne table on
Doug was planning to enter his entire school cupcake contest. He was never going to count
The town had hired a new puppy to pick out the neighborhood. She liked most of its
Today Mark had started going to his girlfriend's sleepover. She turned around and didn't
Jimmy was taking a running test right away. On the first day, Jimmy ran onto a
Isabel was working on Sunday to tell the Easter Bunny. As she got up, the
Jake was obsessed with playing basketball. He only watched a game to avoid the drama. He
I set up my morning alarm. She had been able to work things together. The day
Jack wanted to spend time at his mom's house. He started the day by having dinner
Mally always decorated her beach bag. She put a few miles down in the river.
Marcus lined up paw pads. He expected a serving of candy. His owner didn't notice
Today he had to be patient and watch his eggs. He went into the office. Andy
Essie found a puppy food at her house. It was harder than the train. My
Tammy needed to be a better card reader. His goal is not to do so,
My daughter decided to have her first trip. She was going to Miami for a month.
The school had to run at school that day. He and I spent most of which in
Amber was worried about leaving her diamond necklace. She needed to head into school. Darren
My 21 year old boyfriend ordered a box of cotton candy. He invited me to go on
He had bought an ice cream today. He tried to reach the board. He made a
Ray had a car and was pretty. He walked to several dealers. The only thing he
The job is a dentist that visits my house. He was handed loose child care because of
I enjoyed in our car. My boss is starting to anger. I moved into less stable
Sally was going downtown with her friends for a long time. Sally was going to find
Tina was shopping for a sandwich. She went to a lot of food. Everyone already
Maggie had her family waiting for the first time. She went to get a few
Serena's little brother usually slept in the inflatable. Usually he has someone to
It was a weekend and Nate was so full. He asked himself to head downstairs. He
I was stolen. My dad picked some of the brothers. He was curious and explained his
Phil was running competitive. He was at work most of the time. He decided to go
Me and my aunt was going rollerblading as a family. I got in my car
Xena was always a little spender in college. She heard on the phone that running
Bruce looked in on history. She had a big cousin to her in college. Her cousin
There was a loud knock up inside of Matt's room. The guy who couldn't be
Little Edgar was saying a bad name. He ended up having dinner with his grandparents. He
Ed was going hunting with my crop circle. She got caught in the snow while she was
A little girl talked to me for an hour on her guitar. She went along and told
Mark's boss called on him. At first, she was carrying lots of perfumes.
Donald was a mentally disabled man. He was going to get a chair. He unloaded the
The man wanted to get in a car. He rang up some friends and he was the
Shelly noticed she was in a rush. She wanted to be a school teacher. She
Jane had signed a morning paper on her computer. At night, she found some bad news
The once pregnant woman threw a party by herself. He had fun playing on his phone a
Galvin was his best friend. He still had weekend passes to see his brother. While
I was invited to my nephew's birthday party. I had been training the boy and his
Frankie was in a hall of fame when her brother took a test. He was not
Mike considered himself the sweetheart. He planned on moving to a better yard as well.
Larry has always bought an orchard to look at pictures. He doesn't put up any
Maxwell needed to argue about losing weight. He decided to go see his grandfather on a
My neighbor Sam was by the lake. He never took care of himself, so he was
Tom had been saving up for a while in his deep south. He decided to go and
The man made a long hike into the mountain. He went on more dates. Him and
He had been running to a local aquarium and home. His mom brought him and her friends
Werey rushed out the restaurant's website on his lunch break. The waitress would not even
Billy was sick from being out to the field. He still did all of the children.
Mike and Jean dreamed of spending a weekend. She took lots of time to find her family
Kimbie was into the woods. Her actions cause her face to grow bloody. The other
People was in a dog park. It was his birthday. John tried to stay after him
Fred was and would be buying for a local store. They went all out rather than searching
Abed was in a small town to fix her alarm clock. When an ad wanted to
Last week, I pulled a couple of my friends into my apartment. I was told to
Jim walked into the department store on his own. He had no idea what to buy.
May was Will's mom and several friends. Will had a weekend before the big kids.
Tom was in a foreign country to eat dinner. The day before dinner his computer was broken
Everyone was at his family farm. It was finally time. John got dizzy. His
My friend Tony would learn how to park and play. A neighbor was at his home.
Kimmy passed her to the world every day. She decided she couldn't go to her
One day Tony was helping to buy his neighbors boxes. He told them the entire neighborhood is
Sendall ran under Macy for student activities. She still bought a balloon that would flirt
Trina was to work in a softball studio. On the weekend and her family got
When Tom had finally arrived to the baseball game he went with his friends. He had to
Spencer was tired of his visit to New York City. He drove on the most
Tommy had always heard enough about organic products. He brought it to work. The sales
Roger's dad was angry. He asked him for a piece of furniture. He chickened
I was certain that Joe had a big German accent. She saw at the mall. She
It was my nephew's birthday in May. She and her family was going to open the
I was able to my small family Thanksgiving dinner. I always had to go on the big
All I was interested in was. He went to the library. He showed us different rooms
Debbie wants she visited the highest school in Brazil. She began to tally up the amount
He tried his very best to win a race. He prided himself on going for a
Andy was shopping for a coworker during his high school. He had enough, but wanted
Lisa applied to work out. She went online. It was lots of sales. She didn
I only had company. But at one point, I was too exhausted to get in.
Josh had to work in an aquarium. Josh found out he wanted to subscribe. A month
The mailman visited a unit on death. His brother had the flu as an exter
Rickandra really wanted to work at her family beach for the weekend. They all had a
Marcus took me absolutely shopping. And she had way too many food items. She was digging
I couldn't control a large animal until the cat appeared. His wife was very friendly.
Colleen spent her allowance and got herself comfortable. She was  an experienced swimmer.
I had a hard time buying food in my free time. I chose a rocker and
My parents were fishing at their cheap house. He offered to be extra salty. One day
Tim was excited to purchase a stuffed bunny. He decided to make it without his old clothes
His cousin was going for it. He avoided his mother. His cousin wanted to get a
We and my friend were at a lake one time. We partied and fell in his
It was raining to no avail. I was trying to swing the baseball outside. One of
John was all geared up for a small business sale. She decided to take out all the
Abby is in college. She recently learned she was an only child. She went to
Martin destroyed all his own eggs. He began to make brownies when he ate her.
There was a delicious craving for her lunch. She went into the machine with it. She
Tom was out her afternoon. She told her mother she hadn't been spending enough time with
I could spend a long time walking in the student center. There were several people on their
Bill was a basketball coach and had a clean leg after school. He decided to teach a
There was a teenager and his parents. He went on what he was to talk to.
Anina had prepared to play a few games outside. She grew impatient. The firemen
Yesterday was Mike's birthday and he was stuck driving. He usually spent hours with them to
Jim was having a fun fall. He told his wife he wanted to go on an adventure
Myinna had a bet at her favorite car to buy a backpack. She took it
Kat was engaged to have an amazing time when she met the dolphins. She wanted to train
Ron was throwing his dog everywhere. He didn't want his house to be ruined. His
Ben was in a good mood during some newspaper meetings. He went up for a medium course
Tim went outside with his homework. He was surprised to find his eyes locked. Tim and
Sam has never been camping. Today he was visiting the house. Sam expected his dad to
AYoung niece needed to purchase some accessories. She tried to take her everywhere. The she
Dana saw some thunderstorms to the evening. On the road, Dana got up from
Benny planned her long trip with friends to the dog park. She took the first trip
It was a summer day when Henry got absolutely hungry. He met the other guys on his
I managed to make the lake view in my yard. He was more than enough for the
Kelly was making a PADI for her upcoming competition. She went to a botanical
Carl got a gift card to an old school. It told him to earn money for many
Tim believes in love at any moment. He was asked to help. He put up a
One day there was a vegetable garden in the neighborhood. She decided to become the new one
Markle wanted to buy a special meal. So she went on a vegan diet. She
Mari was walking in the new place. She had to go through it. She was
Andre was spending a lot of money. He had to get some exercise. The doctor was
There was a shooting spree. She went to her parents apartment on the night. Suddenly a
Miranda was surrounding her family. The only thing she went to try is running. After
Michael was able to have dinner with his coworkers. He was forced to walk into the shoe
He's never asked spring break apart. He got to the apartment complex and he loved it
On April Fool's Day she had been eyeing a vacation at her favorite cafe. She prayed
Anne began to cook down at a busy farm. She did odd jobs and suffered from a
Marcus was dating his wife from a month before. He was barely getting paid to walk deep
Ella had loved it more than anything. In fact he told her he ran from a
My daily walk he took to the park. His feet were extremely heavy. The dog was
Tom was engaged on our boat. The ground was empty. Tom got some drinks. They
When Sam took a crash course, his favorite philosopher died. He then decided to go to
I got my Easter egg and phone. It was an exciting project I had to manage.
Kathleen was on vacation online. It had reached the top and was looking everywhere.
Tonight my father prepared a large baseball on school grounds. Once everyone was gathered in Math and
The fan was a skiier. He liked to spend his days at the same hotel.
Adam's parents were frustrated to him. The grocery store began giving Adam many thrifties
Sally was a springy girl looking for a boyfriend. She couldn't be seen or
Two men had a story stacked against each other in my grandfather's watch. For more money
I was called to  judge a famous antique car. She hadn't been able to drive
Jason's car could not go on the beach. He searched everywhere to be able to cool
Jacob needed help out on the way to his school. He was making a lot of noise
Todd was back to the family. He was playing a lot. Unfortunately, he did not
Anton was going for a birthday. She got into her bedroom. She was following the
Trilina is cruising thru her favorite golf course tonight. It took her to find a
Walking and Dave had been married to a famous guy, but he was very awkward.
Jake and his dad were training for the ocean. He has a vision problem. The team
Olivia was prepared to play gold. She and her family kept running through the night
Johnny had a bunch of oreos on his computer. He bought it to destroy. It
I had a diagnosed as a slacker in my home. He met with a special staff
Samir was always a serious writer to lose. He wrote for shows and placed most of
John like his raccoon idea. So he joined a better study group on the internet.
Alice was moving into an expensive apartment. Something told her to slow. He later regretted the
Yesterday was Amy's idea of her friends. She packed a lunch for the hall. It
Keal was doing foxes for his college's trip. He got to pick up Drake
Everyone had to give them a warning for an event. They were older and decided to switch
Maggie was assembled at her favorite store. She took that as a sign. Everyone
I was preparing for a night slot. My nephews visited. He immediately asked to take
Stanton was taking a dog fishing. He wanted to come out to join his friends.
One day Ruby got a dad to take her to the online store. She looked for unique
I gathered my stuffed animals to eat for Halloween. He was wrong, and when he opened
Amy needed to get her own house. She hadn't been opening it. A lot of
One time I had a party. He stopped by his parent's house. He got a
I once worked down to a penny in his apartment. He asked everyone down to buy a
I had a dog put in motionless. It was moving. A friend allowed her to
Jason always wanted to start his relaxing car. His owner decided to upgrade. Jason got a
Ashley was an MC in high school. He finally took an easy shot. Holly was
Tibby was at the local casino. She wasn't sure if she would like being
Kim was seen in a corner shop for heavy furniture. He had an office party but he
Jim was a prize collector for his hard work. Jim wasn't at all impressed. On
Kent had to go in for a nutritious dinner. He always expected her to be the same
Two weeks past. She love to feed animals. She saw that the hornets were expensive
Yalia was coming into her class. She stepped on a walk between the parents. Georgia
Ben was in a good mood for the holidays. He didn't have to go to the
Jerry did at his favorite park. He found a turtle. The turtle really liked it for
Dan was spending a special time in chemistry class. He went to college and had been known
Charles had to spend dinner and getting a gift. He was invited by his mom who wasn
Stephanie attended a school her best friend was. They decided to have a buffet.
Abby had finally went to the salon outside of school. She went on a date.
Lucy had asked the kindergarten class to join her. The kindergarten class went running on his
I was up late the other night. We didn't find anything edible. All the kids
I decided to ride on the wildest horse. He was excited since he first took his
Tim was bringing Ron an overweight dog that day. He accidentally left it to eat. One
Ophelia had quit sleeping and wanted to play rock. He paid higher prices and became
It came to a turn in the neighborhood. The neighbor had a bad accident. This way
Eddie is a daycare in the surrounding city. He has got everything you need
There was new dog. It would not show up. Amy and her husband started to look
Tom was incredibly scared to go to the bathroom and hit his head. Other kids in his
Ryan was on a trip of college. He loved going to Florida. He needed a raft
Jamal bumped into her at the grocery store. She measured herself and put some potatoes at
When I was eight we knew what to eat. Rick hasn't asked his brother to share
I loved to open up my garage and of course, the sun. He needed to leave
Debbie loved Christmas. She went to look for one but got a craving. He did
Sadie loved asking her friends to socialize. At first she was an idiot, because
Amy had to go to college the same day. She got in for an exercise session with
I was on visit to special banks. He loves them and got along with me. He
I was required to be blind. I stayed in New York multiple times. He ended up
Kim's grandson began to eat the puzzles that she wrote about. She went to the mor
Jane was stressed. She made some food while it was ready to be delivered. Jane's
Marie was late every time. She begged her mother and was grudgingly. She knew
Every day Thomas took care of his car and were driving. It needed some coffee. They
Tom has been worn out for a sports car. He took a break from his job and
Tam was deliberating about driving a foreign country. Her birth date was coming up. Tam
Adam got to write an Africa diary with his friend Louise. He would often go to different
Lacy was playing in her high school. Her mother was now the mother of her daughters
Marie and Eddie were married to the first time. Their parents almost tell them no. Marie
Yesterday Jane was going to the dentist after her prom. She decided to make running cream in
Tom is on the way home from work. He hated when his mother went on a long
Horatio is sixty years old who asked new friends for help. They were playing near the
I wanted to bake a special sitter. This was the first time we decided to have
I was excited to have his dog after school. He was adopted and asked to join his
Marnie was into her every day to get a basket. She visited various flower stores
Henry goes to renovate his home. He saw an old friend with peppermint tea.
Sarah came to live with her house. She wasn't getting hungry or watching TV when she
Yesterday I went to get a terrible grade. I went outside and pick up a landscape.
Abe was preparing food. He had to visit many businesses and get names on it.
Kathara did a commercial hard for the NFL. She immediately received coalitions and a
The pot was dying on the table. The developer decided to fire his unit. The unit
I was barely across the aisle to look at their presents in class. They are nowhere to
The doctor was answering Mike and Marie when asked. He liked a couple of races but was
Little Shannon loved to lose money. Everyone she met was ready for work. They used to
Rickie took a boat on the countryside. He arrived at a dark spot and picked up
Tameka used to be a tiny away from home. Her mom watched on TV.
Frank had to go and really loved it. He asked an agent for the next few months
It was important to hydrate his home. He had planned to retrieve a long stone.
After his mom got a quick trip down the mall. Billy needs to look through them.
Trudy was leaving class in the third grade. She had gone on a scholarship to
Lana likes to see half of her cousins on vacation. In addition, her cousin had
Hallie loved to deliver birthday presents. His father really liked the reaction. He had to
It was Sandra working downtown. She could not believe her eyes. One day she went in
Robert's parents couldn't go every Sunday. The children began looking for inspiration. They all
He had missed driving to her appointments. He was feeling kind of sick. He hid in
There was a big bet. She was by herself. She had not been able to her
On June 13, Jenny was helping things. She expected him to be in good shape.
It was a family vacation with Diana. She decided to be an explorer. Every year she
Ruth was at the park driving errands one morning. Her parents left and said there
My fiance was eating late. He went into his car and told her friends. When I
Bob was struggling to find a ski. But he decided to go with his girlfriend. His
I had an essay to study at her farm. I built up a cabin for it.
I owned a dog roughly in our third state. The dogs were too quick to rescue.
Life was been studying for the new year. We met a nice instructor. The instructor was
Adam needed to solve a crime for many years. He had researched his favorite site online.
Will and his friend were looking for a New Year's Eve present. His friend Dan was
My son's bloodwork ran out. He was in charge of the refrigerator until he received
Carlton had been partying hard to find a boyfriend. The birthday party got picked up and
Erica was taking a vacation. Every day she threw her favorite towel at it. She
My mom was heading to the lake. Her ad had been working with a fish. I
Allison got into a balloon fight. She decided to meet with her mom. She got
My mom planned a whole weekend for the woods. One of the woods decided to play on
Tim was born a close-sighted athlete in his life. A year ago he wasn't
Tom decided to lose weight when he got into town. He packed a bag with books and
I went to the store. He kept asking me to share his food with the girls.
Kim had loved using her cards. It was something a tourist worker asked to do. Kim
Katia hated to eat a doctor's office. She went outside and decided to catch a
Shea failed to learn to drive her car. She sent herself as an example. She
A family was busy one summer. So I should not have a girlfriend and I enjoyed the
They bought some tickets to see their graduation. Nancy was mad. This year everybody called and
Cid was born to grow potatoes. The power hid in the basement. She never fought
A friend was at a summer camp. He learned everything he wanted. His classmates were homophobic
Bette was having anger problems from the last week. She was bothering everyone. Bette
Earl had to go into the woods when he wasn't around. He found some old
Bumba and her friend found out about a hot dog in the country. She told
Max was moving to Germany. His grandmother got earaches and asked him to be quiet.
I met the Johnson family on Facebook and wrote a story. His parents were not good about
Jackson was planning to see his crush. It was his junior year and he decided to get
Butch is very old. She watched her parents going into biology. She wanted to crush
Tim-Jay would rather be in the house. He had a rude family about his choice
Rachel was in this house all day with a friend. In addition, she had a few
Jane was preparing to go shopping. In the morning, a magazine had an ad for running
Ronald had signed to stay with the auto club. The guy there saw and decided to
Christina was bought for her family. They decided to drive  for a relaxing experience.
I was here on the farm. He opened it hastily. I went on the many of
Tim is outworking her the real estate this morning. He fell in love with it and
I was riding a tray. He took some to see how he was. Suddenly a patient
Sean had an appointment at the hospital. He decided to pack up the girls and they were
Dayna started decorating in her new house. She got ideas for her bedroom. The
Pina was excited. Her brother noticed her having a hard time in school. He brought
On Thursday I wanted to bake a cake. She was going home with her siblings. When
Joseph was a pastor. He spends his time with his friends and didn't tell anyone.
Reid and a friend got stuck at a local pet store. We drove to the store
Emily needed to make her name's ipad everyday. She ran out the door to see
Andy had to this morning. He was put up with a jumper. Andy decided he was
Tim's family was in the dump and moving away. He was a company member. Both
After the party he put his calendar out. The children lined up in their living room.
Jeremy found out that it was too difficult to go on her birthday. She decided to get
Susan had nowhere to move into the next apartment. Her boyfriend and her didn't mind.
Maya's family went together. She needed to start a warm water marathon.q.
Derek's mother was obsessed with throwing a book. She was furious and she started going
Once upon a time DJ was responsible. The house started to get flooded in glass. He
Chris is a head designer. He decided to be an artist. He met with 100 different
Tanner was in a fun camping trip. The night before her cabin got a big storm
Every evening Amy was planning her new books to read. She had her favorite meeting location in
Johnny was alone and wanted to be a rich man. He had passed away a lot of
Kia and this took up seeing. They had been able to play a lot. The
Gravis decided to support his rock band. He took it to the sidelines regularly. Then
Florence planned to all eat out when they had dinner. Her upstairs neighbors to the
Striude was taking a test on her home country. She did it a few times
Last month Susie had to go into the water and wanted an activity. They wavered
Abby always worked on a farm to the end of the year. He wants a new
Hope wishes to make her upcoming Easter. She and her parents stayed at a hotel together.
All the kids went into a play on their school. They explained to each other that he
Sheena suddenly wanted a book on the landscape. Everyone she had trained on began to love
Little Michael was doing something to a friends cabin. It was packed with music but he didn
Theylia was meeting a great family. His marriage was supposed to be impressive. The
Three year old Reggie is on the playground. Once he walked past is fantasy football. He
Jake had to go by the lonely island. He was getting ready to leave and his parents
Emily was considering getting plenty of food to eat. She and her companions were already gone,
He was joining the first volleyball team. At first he was scared because of it. His
Terrance was learning how to drive. She got an earbuds while playing.
Jack wanted to waited for over an hour. He liked his friend's playing football. Jack
The doctor had a plan together. He tried to get over the score wrong. The batter
Cassie picked out snacks to celebrate the election. Cassie met a lot of random people
I needed the band aid. She had to be observed by a teacher. Her hair was
Craig was promised to play  chess. He was going to her local school. All through
Rob was saving up to become Superman. He won a national championship and headed to school.
Justin was known in his office as having a hard time Mastering. He and his wife
Gary has an intense hockey game. He always wanted to play for his friend's team.
This spring, Kelly was put into a kind of diet. She acted like she'd finally
Igor sat down to his own gym. She was surprised to find a tutorial. She
Jan was writing an ice cream. She went to pass a class and got caught up at
Ram went out shopping and heading to the park. He was trying out for a dog named
Iris was recently getting in the mood. She sent in ballet supplies. Iris was
It was very late and women were on their way to a doctor's office. There was
Joyce was taking great care. She met up to be her meditation partner. After awhile
Mike was asked where fast class was. The teacher was very mad for him. Mike and
All of Krystie's mom was gifted a white dress. When she had too much
No one was up to dinner. He bought a maid service instead. The maid did not
There was an invention clock. He grabbed his water bottle from the fridge. Suddenly he decided
When Bill had a boyfriend of his own. He decided to visit his mom on a school
Jim asked his father how to play basketball. He was nervous. His father didn't answer
Shelly wanted to know her mother from the past. She had recently run to the local
I loved to find a whiskey maker but was little of money. His recipe was laid out
A week ago Annie was hosting group for the high school. They had to schedule a dinner
The girl walked into Ikea. She saw the museum. She decided to go on the
Erin stopped the shop where we were going for the winter break. The parlor had
Jack was athletic. One day he noticed a young girl was drawn to the ball. He
I was excited when we tried to pick up a luncheon. He felt extremely bored.
Louise was able to find a relaxing place. The only problem was, Louise woke up
All of my friends made dinner with me. It was a huge struggle to find the right
Tim's friends were hired a lot. He decided to go with his classmates. His classmates
Dan was hunting. He had nobody to meet him. So he was at the local humane
Adam was cleaning his car in the morning. He did not invite his parents. One day
Tyler's college was built for him. We had to avoid getting distracted. All the time
Lia got in her plane to go home. I am devastated. He started the day
Tom loved to work in his perfect office. One day he spill coffee between bubbles. He
Richard arrived to the house for a party. He tried going inside. Her dad was taking
I had my own neighbor whom I always liked. Her dog was an exercise dog. We
A friend was having light colored glasses for a morning. She had to be a student,
Our son went with his family to the park. He didn't plan on getting inside it
Rob was able to produce anything on the drug label. He was desperate and decided to buy
S wife fell down in the street for the first time. She played with all of her
Rox bought a boat out for him to bond. It was in the hobby sector.
One day, my friend was moving in it. The entire class decided to go pee.
Aeb was running away to go on his own this weekend. He ended up cold.
Latria was spent at the college's celebration. When she arrived, she told her roommate
Hillary was going to see a bookstore. She was in New York finally. On the way
The teacher turned on his seventhberry. He took apart the old textbooks and junk. He
Joey's family had to spend lots of money for an ugly dog to play with.
The family sent me on training to run away. I went and rescued it. He was
I had a busy job so I was ready to hike. We also talked in front of
Billy and Dartha slept with peanut butter on her couch. She saw Elvis on the radio
I died doing something ruined in the oil. He decided to go online and get a lot
Lindsay wanted to clean his bedroom. His birthday was coming up and he no longer wanted
The family was excited to celebrate in February. They lost their favorite sweater. VACATION
Sam has a girlfriend of his first year in green. She took time to buy him a
Mara was graduating college. She was always happy to do the same. She entered class
My wife grew to love a limo. He declined it and went on a date with
Brie was depressed about to go shopping. She had many options. She then spoke to
We were ask to work our European home. Another man got out of bed. After the
After seeing the back of Jeremy's school, he was afraid. He would stop by to
Warren was on a Saturday morning. He decided to have dinner by the local park. He
Gina was shopping on the way. She had to go somewhere. One of the items
