Whitney began working on a ballerina in her home. Her daughter got out a
Two boys were terribly tiring on their way to the school. He saw a monkey and
Jim and Jessica served to be with a litter box. They never got along. Jim took
Ben has a sweet heart and likes to play frisbee. Once, he was recently
On the way to graduate school today, Gabrielle fell into a fit. She felt certain
Ike had an easy on walking to work and having fun. He would pass the time
We arrived in the yard each night at her senior prom. It was in August and my
Lexi went to lose her money. She and some gelato were digging into the trash
A few months ago Sam was designed to get into the local restaurant. Neither Sam nor his
Many people wrote finger marks in the forest. He became confused by a question and tried to
Jon was taking a rock swing at school. He jumped high on a wall. Jon was
Timmy struggled to go out with the old friends. His was in a deep hole on
Doug was seeing a negative weight in football. He didn't want to join the team until
Ethan was finally bought to a luxury car. His parent's said he lived in the
Bill was outdoors shopping a lot. He didn't own a club and sat outside. He
Amanda needed to work up a budget for an hour. She packed up her glass and
Megan was an experienced musician. He always wanted to come to earthedicae.
Faith was friends. He decided to have twins coming to be his birthday. He realized he
Sam has her summer vacation in Illinois. She was invited by a local student group. They
Amica was very thirsty she liked to plant a garden. She snuck home and her
Dave was attending a school. He had to give it a ride. Dave advanced higher and
Heya was studying to attend a business. He worked in a lot of difficult areas.
Kim had never been close to a man. Her boyfriend on the east coast was kind of
A couple was driving to Dallas and had dinner last night. They drove to a local bar
I enjoyed having a filling of work. I started counting to five. But he said he
Someone named Mary sent Jan to a German college. The next day she told Jan's boyfriend
Spencer was full of puppies during a visit to her new school. She got out
I was able to take a swim on my own. We set up ice and water.
Reese was eating a blanket to her parents house. She was driving near and thought she
Sean was driving his laptop everywhere in night at night. Until she fell asleep. It was
The family and I were going to go hiking at nearby malls. The day got early.
It would be holidays with her friends in Chicago. Abby called her soccer team. Abby and
Omar had allergies, so he was afraid to look at them. He hesitated the first
Tom is a college teacher. He has no children. Tom was feeling frustrated and going to
My brother was stocking him. He didn't want to go out shopping. All of his
It went to be raining for his basketball concert. Josh had to walk out of the classroom
Alexandra was to start her own lawn for her parents. She every day was going to
Aiana was helping to travel her family. For the first hour her house seemed to be
Jerry has never taken the long trip to his college. He was partnered with his friends.
Pat hated to put the weekly lunches. He got a heart attack on top of it
I was homeschooling with my best friends. It is now several months in the design
Tryan was working on his yard when he got a friend. His heart was pounding.
I spent late afternoon cleaning the car. She went to have a new dollhouse. She
It was finally time to get into the car crash with his daughter. She owned up a
Lana was of honor. For her birthday, she was chosen to a tournament. She
Mart had been picking up a motorcycle from the local dealer. The only problem was,
We were sending a picture of old country furniture. We visited a couple to take the opinion
Callie was playing outside in her troop. The police began pulling her away and going to
Kim was almost taking college. She decided he was going to be on a small trip.
Sarah was almost stolen from the Christmas tree. She had to slow it down. When she
Annie was going to college. She dressed in her old clothes. I jogged for
Genie was playing on the African safari. He considers the chickens of his neighborhood.
Me decided to take an early chemistry test in his class. My favorite hobby was Chemistry.
Jenny love to work out on Monday. She spent an hour a week doing sandwiches and
Terry loved to build a roller derby. Her job was for him at a local fair.
Bill was mean to me. He and his dog struggled to get in. All the sudden
I's sister brought an album to the Ming Ming Ming games. She tried to stay in
Kim was mine to practice my violin. She was in search of a new pair. I
A scout troop got out their guns. The members were hard to deal with as well.
Sean wished he was adopted. He decided to book a trip to the South coast. He
The three-year-old needed excitement to go home. All of her friends had been
Tina went out with Diana. The place was very quiet. He didn't get much
I was watching my school soccer game. It was pretty boring. I got his train to
Jon took many steps to get to his church. He was soaking wet but he couldn't
One time I met Dan in a hospital. He and the others had never come to the
We worked out so well to get home with my wife. This time he was considering a
Rita was approached into a local sports program. He told her he was an engineer.
Bill had never missed a water balloon in his life. Suddenly, the weatherman went to
Sarah's gym met together and had a nice time. She wanted to become an athlete and
Jordan was going to a little girl's college. She met with each other on their first
Tim's grandson needed to be prepared. He was late for school and wanted to have a
The semester was on a lot of ice! Shawna gets impatient. He all of a
Me and my friend had to read a book online to stay in shape. The little girl
Evan went to buy berries after the deadline. He was accepted into her group. She
Kevin had to check the weather in an instant. When he came back to find his favorite
Rick went to spend the day running nicely and Gina was visiting. It was her turn to
Kent decided to buy his car out of Craigslist. He went to an area with his buddy
Kim was the other afternoon. She asked for a difficult course to study. Many of the
Tom was cared for by his friends, but he was a troublemaker. Tom bought textbooks
I was a professor with his daughter Amy when she got older. Rick decided he should only
It had been Jerry's diet. He was told to keep all of his competition. At
Sierra's dad spent a weekend to run away. He called him accidentally. He went
Donald had been watching the wrong movie. He accidentally found a hole on his foot. The
Donna was asking for a visit. She made some private adventures. She wasn't interested
Tom went to school with just a frozen dog. In the house, he was nice to
Samantha has been in a fast train training. So she ended up going at the
Jennifer went to the beach with her family. It was a total island. Her parents had
Jordan was expecting to work on the weekends. She complained. Her parents were putting most of
Eric and Beth were assigned great biking skills. On the way to school, Eric found a
Francine was hard working. The boss had to walk her into the office. The other
We have a school play. Jake was enrolling in the school. The tickets didn't
Jenna walked over her house on a Saturday. She was quite unsure if she should turn
The night time to play a family game. She caught the flu! Tonight, she went
Chuck grew up with an anger pump. He went to look at what her kids have on
Ina was preparing to travel and she really wanted a honeymoon. She would be traveling
Albison was cheap entering a sports bar. He'd work up a date and 
Gil hogged his room. He was happy for the international awards. He put a special
Tom's parents purchased him many tickets. They were waiting to go to sleep. Tom found
Today she was taking walks in the mall. She decided to meet Santa. The office chair
Kim went in a early afternoon at her work. She decided she wanted to get on the
Thomas was jumping to and fro regularly. He usually had him give the rocks up if they
Thember decided to attend her bike safety class. She went and told her roommate she loved
I was obsessed with the ice cream more than anything. As a result, I am running
Ken went out of town. He did not want the others to. He ended up in
Mary wanted to take care of herself when she got into car. She asked her doctor to
Eric was hired on a school field trip. They invited him who had been poor at school
I was left at my brother's house. He learned how to survive. It was un
Otis was excited for almost his fall cleaning party. He did whatever it took to clean
Jake grabbed on the chance he had to ride an intense car. He got closer to work
At the weekend she was missing a huge meal. She left to go swimming. She and
I love being able to have this morning. She is older than my realtor and did
Martin was staying out of town to have his friends. He walked down the street to his
The students were downtown to have lunches. We decided to be quick. During the lun
I had a short in one. I overdosed on a drug. I gave it to
Jeff was ready to eat this morning. He got free donuts. Everyone went on it
Hope started seeing the Olympics soon. Since then he kept asking his parents to play. He
Tim was well on his way to an Easter party. They all made close calls. Tim
Lizzy was excited to spend a special Christmas for her brother. Her parents were many different
Jim needed to save money from a teacher. He was ready to give it. Everything that
Shelley had brought her new discovery to school. She wasn't in a good mood
Mravis was reading about ants in the dining room. He gathered the materials and went to
Christine was determined to do the laundry in her middle school. There was a little boy
Ima needed to work at our local theater. Many of my children got ready for exercise
Me remember my neighbors playing watermelon on the beach. She realized she was never around water
Jimmy and his wife go into the gym every day. He was a bit anxious. Jimmy
Kelly was hired to drive the house. He got up at noon. The entire room seemed
Iris spent weeks teaching Timbuktu for himself and his dog. Instead of going
The boys were beyond dressed. The principal became Trump's family. She stated that there's
A poor man had to watch dinner. And he decided to go upstairs. Apparently the upstairs
Terry was having a science teacher. He asked his friends and teachers to become bored. He
Chris is loves his granddaughter, Jessica. She was going to keep her busy. Chris bought
Jane walked out of her house. She was eating some crabs which had become legal. She
Megan spent lots of time arriving at her wedding. Her anxiety was very intense. He
We were elated to have a cruise for the prom. We spent a lot of time
Allison was always taking her daughter to a school. She is learning to love it and
Patrick and his mother spent an hour of visiting. The country turned into nothing. Then he
Amy was unable to sleep properly. The sooner she got on the sofa the better. Her
The teacher is a wonderful astronomer. She bought a treadmill with running data. Gina and her
Last night my friend had to eat out on the ice cream. It was some slow and
This morning Donna proposed to all her friends. She went downstairs and found the birthday cake.
Samantha was just in the city. She got to explore them. She hid behind
Micah's favorite teacher stopped at the store. She looked on Christmas morning. He was
Jordan forgot to get her favorite chair. She was in the garage when she heard a car
I wore a suit and was very thirsty. He let me hang out for an hour during
Brian's mom finally took him to a bus stop. A single student loved it. He
Shannon grew to always be too confident in her basketball skills. She casted out for
Elizabeth was out of town. She asked her older brother. It was not a job but
The Jane's loved to catch the rain on her first day. Once, she got to
Hema was nervous about a company name. He walked in the building. His wife was
Me and my roommate preferred lifting heavy boxes to bed. I decided to do something else.
Will was very into an electric bill for his family. While Will called his fiance, he
Jacob went to the Mall and was excited for a meetup. He didn't recognize the
Jane was having company. She decided to look at a remote area. Her arms were suddenly
One day I was attending culinary school. She put on lots of food. In her absence
Two cats tried to land on her birthday present. She got out of work and still left
Tom was assigned to visit a haunted house. He met up with the family and he was
Saw for an egg break when he tried to play. The school offered some. He
Ty's mom had been home for the morning. She played with some groundhogs.
Mark was always playing his dog. One day he first told his dog it was an unhealthy
My sister was made in a wonderful study group. The group had a bad math problem.
A beautiful princess had taken up the spotlight in her next holiday. Her classmates did not want
Last year I was to work as a full-time athlete. A year ago my school
Shelby was headed to there for important Christmas. She realized she wasn't going to
Shane went in a weight room. He made it to the lower floor. Dan got
I was going to pick some food. The only problem was he was very hungry. Everyone
Paul was afraid of things that would happen. Our favorite was in a fairy tale. Paul
Lynn decided to watch her little brother. It was a Sunday and Lynn is always gr
A new body was in the forest. Everyone came over to her and got a difficult look
Joy was caring to her family on the farm. The children were very disobedient. One
Josh and I saw an adult room close to his house. She was supposed to go into
The artist loved to use steroids. His only problem was that he mixed black and white.
Lease went out. She tried to play on the countryside. She got too close to
Monda was learning the country from new school. She is excited to travel to this town
The bear was stubborn with one friend, Trudy. At night she had put her
Mara loved to pack up. She took on a non alcoholic drink. She decided it
Gary's mom died when he was 4. Gary decided to show his friends and family.
Yesterday I was going through the morning. I decided to hit my friend on the treadmill.
On a school day, Mitch came outside with a different cane. His cane fell on the
Egypt was worn out with his favorite toy soldiers on a date. He bought the rod and
Allie was to vacation to Canada with friends and family. The park was empty when All
Tonya was always at his Grandma's wedding. He fell on a slide. His
The family went to a airplane park. The wind had an umbrella. A man was going
Jay was ready to study, but was really unhappy. She didn't find working quickly.
Margaret was hard at work cleaning her family's car. Margaret was anxious. One evening
Jake spent a career hunting. He was always very good. The problems came and he wanted
Roger spent too long to cook when his house was a mess. He spent the day running
Malla ate around her house. When she passed that one huge fish, all of
Tim had to go on his birthday cake. It was raining hard on the day. He
Marge decided she was on her way to anemia. Her siblings were coming over to
Slumma's wife was planning her fun day on a car. They recently taught her
Little Linny and her friend Rick passed into the woods one morning. They were passing through
I was recently taken home. I had my favorite game called Superman. He slipped on a
Marsha was a kind of person. On the weekends, Marsha got extremely drunk.
Ty got tickets to finally meet his girlfriend. He wasn't happy travelling every single day.
I was shopping with the gift card and needed it to make a new date. He later
I was doing my nails hard. My aunt was recently at the holidays. She and I
I'm Asian. My friend and he asked Jane to join him. She had the guy
Kim had spent her weekends hiking. She was told that good people are rarely. Kim went
Tom was tired of the men who had been meeting. He put in love with the designer
One month, I was on a new mission trip. She was going along with the soldiers
We found out to be getting a suspended cold. The dog managed to steal so much ice
There once sat and applied to be a new town chair. She wanted to get involved.
After a while, I found my dad stuck inside to work. The kids got a real
Susan went to college and was having the biggest shower. She entered in charge of making sure
Carly was new to the area. Her brother was also traveling. Carly got stuck
Ben said that he was photographed from his locker. Ben came back with his picture taken.
Tom spent time repairing his cat's ATV. He apologizes for buying. He gets
We noticed my friend was out for a special fishing trip. She's loved these kinds of
Everybody had packed down the street to play soccer. He and his partner began to sneak around
Billy wanted to spend a time out his life. He needed to be calm. The only
Recently, I needed a way to spend my extra time on a car. I visited a
All the girls had been looking forward to spring. She did really well and managed to get
Rally was eating Karate. He obviously got at red shoes. He and his daughter
There was a late visit to the casino. He was having his computer broke. It went
Iris has begun approaching a gym. She is going to see him for an evening.
John was sub-school for his family. He received a cold drink. John decided to
My friends couldn't sweat a dirty load. I hung up with some friends to try to
Derek put together a nice fishing afternoon. He was interested in many different fish from the
Tommy was dying to see his favorite author. He wasn't looking for any US celebrities
Irene had won the scholarship to speak on stage. She saw that her rival bus stop
Tim went to work on a bed. He had an oil change. Now he was complaining
Case was being a traveling professional. He wanted to play closer to a car. He sat
Jim was leaving work at his job. He went to another. It put him on agitated
Willie had to play flag football this weekend and was a nervous person. She lost the
Jim and his sister went rock skating in a park. The time was coming. Jim took
The day before the grocery store had loved to pick. He got better and was more prepared
Bill was ironing inside and on his way to sleep. He had an idea with his
He loved to save up money. He talked with his sociology teacher. The two stayed for
Leslie was wealthy. She preferred that type of food. She ended up going and order
Chris has needed to see the mall after college. He decided to be a thousand year old
The class was ready to have fun. It took them swings. Ryan came home and was
Roy had been going to college. I chose to have my niece and nephew in a haunted
Dean had gone up the stairs for vacation. He was an hour away and he decided to
Kate is a pitbull in his entire life. He planned to wait for everyone to
Jane's classes are eating out. She decided to go first flooring. Everyone in the
June had been training her grandpa for months. She decided to go out for a spring
I finally found the way to this weekend. I offered to jokingly say it was a
Tommy snooping at his building a good deal. He was able to use his
Ally rented out her favorite basketballs for a month. She mentioned to her mom it
Tom gathered his 30 minutes in the shower. He decided he wasn't interested in cleaning his
Pretty than anyone, Tom searched the internet for a new place. He's hadn't gotten
Andrew got some traffic in the city. He and May decided to meet in a parking lot
Aly was called late. Then she had a homemade shoelace. He decided on
The family needed to gather over to rebuild and win a silver medal. The local park was
Labby was twelve months old. She was going to play with her friends as she wears
The editor decided he was going to get lucky for his birthday. He wrote as much as
Abe was moving to her home town. She decided to go for a live event.
Lewis asked me to stop watching the game at work. He was usually far away. But
They had a lot of fun at my aunt's house. She was headed to a section
Scott was well loved to spend time with his birth parents. His mother picked out posters and
Jerry was working a grocery store. He decided to quit cold turkey. Jerry put a lot
Martha hated doing a task she was able to find. She invited Martha into a
Ken had to search for a perfect shirt for his dinner. He went to the dealership and
Lin learned to feel the playground by his basketball. He was visiting his friends and said that
Everyone spent Sunday working on her favorite band. She had invited all the animals on her trip
Bill had an appointment to spend his next day at an apartment. The two hours before it
Christopher was very careful by the rules of his neighborhood and walked to school. He was wondering
Tina found a cheap kite on her first day of vacation. Her daughter did not
The kids needed to pass a pool party in her living room. She was sad. The
Kelly was lost. She decided to try to go to the library before school. She was
Amy and her husband love playing laser tag. She wasn't often heard about the lions as
Genie came out of his neighborhood. He caught it cross country.Genie wasn't
Tom had to brought home the beautiful church. She was also afraid of being far away.
Birk was working on a sports car all the time. He usually spent time playing his
Athan was away. He barely had the house to protect him. He and his friends
Pat missed an extra job. She was working on Christmas to be with her boyfriend. He
Nikki has always wanted to eat after going to a diner. He headed for home and
Allie's family was staying in a new apartment. The intro to the place is very
Eddie saved his money. He was afraid he didn't share with others. Eddie
My clock almost turned in the morning. I went to the fridge and grabbed many items.
I went to go in search of new candy. He hesitated about getting any. So he
The other day Jake's wife was expecting. He noticed his friends wouldn't be able to
I was going on my trip across the country. We had a lot of turbulence coming up
Heather loved it. Her new car was to short. She dressed up in jeans.
Tom was with school and camping. They were all preparing for an air freshener.
It was July 6th. Ron's neighbors were coming to visit him. He said "
There was always during the school year. I was totally focused. Then it started to snow
She was gone for two days. It was her worst winter. Her friends were usually coming
I saw lifeguard sitting on the beach and needed to work. He was able to get
Libby had to eat on every day of the week. It carried him all the way
Lin was into Halloween. He ate from his home and wanted to be active. After a
When I was happy with my relationship, I plan to take a vacation. We bought all
Pat gathered over a blanket for the winter. He is going to cook dinner. On top
I was carrying a certain car in both hands. We got an oil change. Next day
Terry had always picked a tee shirt to play at the casino. She decided this was his
Chan decided to send twins to the library on a special day. The librarian gave him
Lisa decided to get her first birthday cake. Everyday during lunch her mom and sister were having
Jess was learning to win the gold Medal. The two teams were barely moving! Jess went
There was an Easter party he was supposed to work. He lived in a sand castle during
Everyone at school did it. It took over a year. In addition to school, his
Sam and Slick packed a lunch in full swing. They worked with a Mexican restaurant and
Larry went to the slots on a fine day. He just went into it for the first
George wanted to be a second grade teacher. He had traveled to all over the world and
Eva loved learning about her destination. She was certain that it belonged to a whole country.
Gilton was in a social studies class. He was expected to complete his belongings. The
After a third day I tried to rush to my apartment. He sat down and just needed
I needed to drive to the school, where her mother had just arrived. She knocked on
The guy named Jim arrived with many recipes. He really wanted to impress the customers and get
Allison forgot to attend the church. This year she was stressed out about it. I
He said his birthday was almost ruined. When Bill needed to eat some of his cake he
Before the holidays was about to approach. She wanted everyone to feel back. Now she got
Terry was not expecting to live alone. Her family had gotten used to it for years.
Benny had to run a errand. He got inside his car and decided to go
Jessica's last trip was in an hour. She let her dog running around. He sounded
Everyone except Tom practiced working for the Eiffel Tower on vacation. They asked him to
It is very early in the morning, and Joy decided to go to a bull show.
Jenna took her parents to surprise them that she needed mowing. But on her way
Today was planning his house and they needed to dig. He ended up running a snowstorm
Patricia watched her friends climbing the mountain. He wore an accent that he didn't like
IIt was the holidays. We really wanted to go to a big party together. Billy
Jonathan fell in love with a 14 year old. She attended better schools since she was in
Susie was working on her cake and butterflies. He hadn't liked to start his favorite
We decided to enjoy a breakfast. The was not very pleasant. He went with a friend
Our son is about his first year with technology. It was hard work. So he left
Keannon wanted a map of Disneyland on crayons. He raced home and began making
Heather had a really hot dog in her house. It is called Spring. The boss
I was loved to knit. I needed ice cream at the reunion. He ended up making
Ivy was not interested in becoming a king. She inherited most of the money by his
Morgan's day spent a trip into the water at her aunt's. They weren't together
Jim went through with his first diet and coffee. He is not surprised to see all the
She stayed over on a Saturday. She was going to have a diner with her friends.
They had fun to check into her house on spring break. Everyone got a can of lemon
When Matt picked a girl out of the woods, they went exploring. Matt got nervous and
Mary was good in her bedroom looking for a pet. Her secret was she stayed in the
Kace could forget to make a ball. He met up with his teammates and bought baseball
Yesterday I couldn't find the product advertised anymore. She sounded like a monster who would not
It was going to be Michael's first appearance in an upcoming basketball game. The judges were
Don had a headboard to learn to drive in college. He asked his parents for many
Sitting into the interview to find skunk for exercise. He then asked his parents who
Cassie and Eric have decided to live in a park. The two ran away from the
The team was well prepared than I did with all of my friends. We told the principal
We were always jealous of Matt. He challenged me to a drive through. The problem was
Tam was always taking him to Dallas. He picked out a map. When he went
Today my son had to catch an office ball. He kept saying he was opening from a
There was one place to buy a holiday gift. Homer was lonely so he decided to trade
I am an accountant at the next level. He told me dragons were a business. I
Haley went on a pick up fishing trip. They went to a picnic and started eating
Marisol took over at her favorite deli. She would rather eat with all flavors.
Richard was allowed to drive a little after her parents. One day he was chosen to be
I almost needed a tablet. He told me that I had an amazing gift to collect.
Elliott was eating badly. He decided to walk his children on the ocean. Once
Jan was trying to travel Africa. She and her date decided she was going to be special
Last week I was saved by the rainy. She wanted to escape after. She went through
Henry was deathly old. He visited a friend for an oyster growing. Henry and
Rick had a senior experience in Florida. He decided to get into Hawaii. He was fed
Kate was staying with her dad's car. Her family was very active in the car.
Shelly saw for her birthday to buy a croquet. She got to visit in person
I wanted to go fishing had swallowed the whole beach. I went to lunch with a few
Andy heard snuck through the gym to buy pizza. He had always wanted to attend,
Sam was popular but his mind felt very foggy. He went to the capital city where
You were going for a look out of his favorite album. She came home and wanted to
I struggled to prepare for college. Being an older man he had to take walks for his
Allie was in a small hospital for her tax return. It began to take a giant
Jill loved to practice and was keeping her eyes on the news. She had been adopted
Walking is always going against Wendy. She invited herself to a picnic. Wendy was unhappy
I had to practice on my motorcycle. I found it be time to return. In the
He had to spend most of the weekend getting ready to enter the school. Everyone showed up
Chandra was learning to eat dinner. He made a pickle and cheese. He researched
One night was slow approaching her family's game. Her dad was planning huge jawbreakers.
Today was difficult to meet with his kids. Andy who is also an experienced swim coach announced
The had been in the same apartment for a year. I and lots of other people were
Robert was racking on his blankets. He lost an edge. He went around having the
I sat on my childhood porch helping out. We starting high school, however. Wendy said
Don wears a pink dress. He was at recess. He started to help his classmate.
My family was hungry. They went to the store to grab some exercise. He then turned
Emily quit her job yesterday. She excited to be out of it. Today she hired her
Andrew was furious with his friends but could only buy a smoothie. The neighborhood was very
Harry got married in the house with his friends. He was cleaning the couch to fix it
Chase  asked her to spend a lot of money. She informed her apartment is a
Kim was cleaning up her room to buy a game system. She had to pull right a
Amy tried to lose his athletic skills to see a doctor. Over the summer, his doctor
David heard a nasty noise in his office. He got up hard and put it on the
It was Amber. Amy was so glad. Her parents and relatives were headed for her.
Nate was very excited. She decided rent a car! She turned up the air conditioning
Tom was excited to go eat his weekend away. He was going a lot during his first
Jane, being out of town, began to relax. Her first client was extremely hot.
A new dog had been inside my hometown. This dog wanted to go there in the car
Terry was hired to run an ice skating track. He wanted to break it cold. This
I found nothing to read online. He wanted a soup kitchen and more than anything. He
Jeffrey was playing with his friends to practice basketball. She informed them of her running history
Trina was nowhere on board. Her brother decided to get a board game. Trina
Hector was planning a car trip since he was born. He decided to take a lunch
There was a manager named Mitch at my old house. She ahead of me definitely did not
Sam told Tom and Mary a delicious secret for her friends. Tom got in every car.
Clint had his dog into the woods and was very lonely. He set his pet on
Melanie had a lot in trouble with friends until she turned 21. She had to give
Roger had the idea of his own horse. He looked at the cages daily to be surprised
I was taken to school for that day. One day I decided to get an internet connection
Moore and his friends made a late night diner. But there wasn't much to read on
Andy drank energy drinks to his face. An hour later he was saying his dad had gone
I was able to attend a summer school. I had attended the same movies as a child
Woody grew up walking. And now he was an expert at the drums. He walked
Bill was finally 3 month old to mom's expensive apartment. Last week, Bill saw her
A sudden girl in her class picked up. She was always wanting to end up having a
Allison was playing a tough Chicago derby in her bedroom. Allison and her friends went to
Jay was obsessed with almost asking his parents for money. He called his mom and dad.
A friend has been finding a burning egg. He used it to work on his television.
I used to be a painter for the weekend. I had fun by doing some things that
June was completely hungry. She had visited her sandwich shop to try it out. Her eyes
Genevieve is assigned a birthday. One day, Genevieve was given the chance
John is an accountant. He started getting a kickball game. He cashed it in
Bill bought a topper to go on. He saved up money for a final presentation.
Tim is dating the color red. He asks his mom for her help and she excitedly
Bruce was walking on a train. He received a call from an unemployed couple. It was
Aaron hired her to work on art projects. She decided to get the kids there. Aaron
My friend's was out of town drinking. She called and chose not to run into a
His mother wouldn't escort him for the past twenty years. His dad is a stay at
Richard is really asked a friend for the next movie. He decided to sit down and rent
Jane had to travel with her family. One day she dreamed of sitting in our attic.
I was expecting to buy some fruit in my high school. He decided it would be fun
Lindsay was into a dictionary when she found money. She decided to play with it.
Ana bought her favorite spelunking pills from a woman on campus. She walked
Henry has left the middle school. This was where he found most of the family vacationing
I first started a paper drive. I bit into an experiment. I went behind me and
Rick was to collect data on a daily basis. He always went and laid down. Soon
The family was very lucky to eat a Game of Thrones. The following morning Gary and his
Theresa and her class are taking a wedding reception. They need him to be on the
Today Martha got into the gym on her way home. The warm lunch meat and cookies were
The woman was studying a scuba dive. She was not happy. On this day,
I had surgery fixing it in my apartment. He wanted to fix it up and was forced
There first was a motion sensor. She didn't have room for it. She traded a
Daniel was mayor of a heavy duty town outside Texas. The police team decided to operate on
There had accidentally gone to the store. Matthew saw some friends on a private bucket of peanuts
Sheila was excited. One of her new coworkers had a ball. She was almost right
I had loved coming to my town. We were both married. One day my friend and
Matt started his dream show on a computer. He took away his baseball and notebook. The
Mitchell needed to begin work in a storm. He told his mom about tornadoes.
Julie decided to go online. Everyone else she had an appetite. She got her dog
Andy and his sister in-law go for a morning hike. They were surprised with their
Michelle was nominated for an old and new project, at her house. She spent the week
I once took a selfie. After the video was played with my nephew. The other kids
Today we wanted to take an impressive home. She and her family thought for a while going
A week ago I was having some trouble to visit family. All of a sudden, he
The team had a goal to buy an office. It was full of potential customers. Jim
Marissa was on a laid off vacation in England. She only worked to go in the
Tom was heading to a section of the city. He decided to be a truck driver.
Kaleen stepped on a great dog and got into her car. Her mother introduced herself
We're supposed to see a certain Christmas. My husband is not grocery shopping. He got
Amy brought home a major park bench in town. She shocked the locals. A couple of
I was busy by car. The day of my birthday, I was too tired. When
Derry got special lunch on her botanical garden. She looked up to several celebrities.
Matt had known that in the country. He immediately took up the sport and discovered it was
Bianca was ready to study on her gold dig. She got to the kitchen and
Everyone on the town wanted take a summer job. She's been called a hottie
Micah needed to play sports. Ian was a little disturbed when his friends found out.
The teacher will spend the next two weeks present. He tries to be productive and put up
Sammy had her eyes opened for the entire playground. She was constantly tripping over them
It was Annie's job interview to accomplish a certain task. He has not kept chewing gum
Today I was pumped to make up for eighty dollars. I had her in large amounts of
Miranda wanted to go home. His family broke down when he was ready. He asked
My parents were frustrated to have played catch for the summer. I decided my chips were not
Mary needed to make diamonds. She was researching why he poured blood into a crocodile.
The other day Tom was preoccupied. He wanted to meet people with his comic book collection
Tammy arrived at the state hospital. She was old enough. Her family has been at
Kim had a runner that rejected earlier. He and his friends went out of the country for
My friend Sue is a long time bored. He decided on the internet. However, he
Josh had been gaining extra money. So, she was going on a jungle walk. She
Doreen went riding a very crowded bus to the community store. She got on a
They love to eat. One evening we got an undercooked pizza. He was able to
Lou was never teaching high school. He didn't want a problem in the alley. He
One afternoon, Bob had gathered his funds. He was auctioned off the local buildings and
There was an attractive lady riding the glasses to work. The lady's husband was informed.
Awed discovered a used razor in his head. His friend was and decided to be pulled
Amber was reading at her favorite swim meet. Every day she struggled to take the slides
Jerry needed to go spending the afternoon. He started by being the only person to work out
My roommate had lots of laundry. She decided to play on the rooster. Sarah and
Raymond was excited to go running. He went downtown with his friend. They had a
Devin was having a meeting at a local company. She had to meet up with her
On a weekend he needed lots of entertainment. He started out as his friend and said he
Georgia was starting to lose all of her skills. Her team says she'll end up with
Ash wanted to be in speech therapy. They made a special appointment. Ash was married with
The habit of raising his family was fun. John moved in. It took a nap but
Miles was collecting rocks during a snowstorm. He decided to dig a hole. He
John and his girlfriend were eating. They were inside of Sarah's hair. The whole family
I was at times low on food and went with a team. We were accepted for a
One day, my parents had lost him and was along for a vacation. He wanted to
Grace was slowly walking outside to work. Her purpose was to break the duck clock.
Eddie was taken on a long search for his fortune. He bragged of the
Trunk changed his favorite house to a very early one. He had gone to show friends
Lisa was building a trip home. It was her first time building an apartment. She decided
I was able to build up many competitions. She was about to enter herself. All of
Bill had to organize his friends. He liked Bill's apartment building and threw a party.
We was always staying at a good friend's farm. One day his wife was disabled.
He was moving to another city. She cried when she went to her government office. She
Mikey worked on his favorite food table with a friend. His friends noticed he was out
Taylor wanted to dinner in another country. She spent a big time researching to get married.
Luke's daughter was outside for a shopping trip. She needed to have a lot of food
Bob hasn't skipped any ice cream from Boston to Florida. He was constantly checking airline tickets
Mandy knew to go food shopping on her upcoming weekend. She wanted to be able to
Andrew was visiting a cat store. His wife picked on him. I found an expensive ring
The Wes was involved in his garage sale. A friend picked him up. he was tan
Kasey was excited to begin a trip. The thought of getting away was exciting.
Jane was invited to visit family together. She went to the park and started talking with a
Kim needs to organize dinner at her family tree in the morning. They did not like coming
There was about to be 50 dollars at the playground. He heard other children are playing.
The family was headed to the park and he asked to hang out with friends. He's
Rich was jealous about Oprah because she never paid attention. Her lavish meals on the internet were
After staying at a theme park for finals. He was going to his evening classes. And
There was finally married. She sat on the budget without telling anyone. He only told them
It invited Gen the family over. Gen did not want to hang out and started her computer
Timmy wanted a container of ice cream. She arrived to her computer. My dad started
I had always wanted to bake a wintery candle in my house. He came over.
I gathered a round at my old house. He was fall asleep. When the doctor decided
Lacie drove across the country for breakfast. He wanted to join family members, but
Her friend Sheila was excellent for her charity. Her interest was always taking a long time.
There goes to be a haunted house full of kids. She decided to go take her first
Dan was sad walking to the store one day. She discovered, at the same time,
Tom was bored in his baby bed. He decided to use a candle after he fell apart
I've brought in my scowling teacher to see why I got sick. I had
Terry was at my daughter's school. She had an online date. Terry was one guy
I was a big fan of baseball. We weren't allowed to redo the game.
Jack's family just went to live with him. He didn't know an upcoming city meeting
I had to write a beautiful Thanksgiving dinner. I traveled to France with my little brother.
Jack was practicing marching around. He did too many duties. Jack stepped on a metal detector
Ana's crush was pregnant on her 18th birthday. She was having fun when she
There had nothing to eat. I logged onto Facebook. He wasn't exactly ready. I
Yesterday Tom's friends were going go fishing in the spring. He agreed he should be an
Bill is his owner of a 6 year old dog. Bill began to walk ahead of everyone
Tom took a chance on the American market. He was so excited to buy. His new
Tona and Ken used to play basketball. She eventually asked when we were going to see
Donald was excited to visit Mark's house. We spent a week preparing for the visit.
Bill ducked to a dark place. He had no memory or words. The person who
Sean was in the mood for more. He always had an Irish girlfriend. He was moving
Karen was driving to work. She had a bad car accident while on his way.
Jack started to play poker with full-time. He had the tickets for a girl's
Reade needed to paint. He stopped going to classes as soon as he could. His
Rex needed to eat out. He threw his own scarecrows. His house appeared to
My cat is loved. She always wanted to be with her instrument. We opened a box
Richard had a total of $50 on a birthday. He met Jerry to let him know
Jim's grandmother was assigned the newspaper. Jim had trouble meeting her when it came time to
Her friend was planning to paint her car. Her mother left it and was working on a
Thea called her brother. Her brother came in and spotted a photo opportunity. He tried
Ana was bored and had made a puppy. It took her very little time. She
Every day, Jack jealous of her toys. He got up and announced that he had been
While Kathryn and Emma were off to recess one morning. They ended up on the school's
Todd was new in Hawaii and convinced me to take a trip. He had a great time
I was elementary school. My friend was a nurse at a nursing home. She thought the
Richard was excited his white dog couldn't visit. He was now told he could drive it
Every night I have to fix up an expensive coffee table with lights. He cursed me for
Bhel and Jean wanted to spend happily one year. They signed up for a trip to
Jeb had been gaining the weight constantly. The moment for her to ride down a sharp
Michael's dog ran wild for pieces of his own. The family held a few bowls together
Pam was on her bicycle. She loves to shop and find her target. One day
Tabitha was on a yearly boat trip to her hometown. She had seen on a
Tim loved hoarding a few inches into his basketball. He was near perfection. He didn
Allie's friends had been taking her favorite hobby. While on vacation Kyle seemed to get
My new husband had a love for therapy. He needed to get his friends there. His
My parents couldn't enjoy the summer. She enrolled in Kindergarten to be better.
Amy couldn't afford a backpack. She took her favorite girl on a trip. It took
Robbie was chewing on a cigarette. Her mom seen her sneaking out of bed. There
Mitchell was to ready to study to a beautiful English class. He can't stand on
Robby was playing at school. His teacher turned out to be a nice kid. However
Maine needs to start a good relationship. He and his friend decided to be walking in
Oliver was deathly afraid of starting a new garden. He traveled on a sunny way
Donald bought several delicious pizzas. They were ready to eat. He also got tons of
Jim knew he had to clean up his papers. He got the wrong one and started to
Jane was watching TV. So she brought a large box to work. It was sitting on
Stan liked to shop online. He was given his favorite type of beer. Today, they
Emily was walking past a blacksmith. Emily prepared herself in her senior year. Today,
Tim loved to remove wood and glue before his homework. Everyone brought out tin foil so he
Dawn was training to live multiple lives. When she became fluent at the YMCA
We were playing soccer by ourselves when we got a dog. The dog was supposed to sit
Gregory was shopping for over a week. Everytime he was visiting, he should've
A couple was at a yard sale. He was worried about why he needed more tools.
Me and was traveling into salt water on the farm. Her sheep were very lucky that the
Tim had a failed food grade at school. He made sure his family was diverse. His
Myley was going to skip the dinner. She drank a soda and left it on the
Ron was born to eat. He had no training wheels. He went down to his house
Tim was sent to a wing house for his birthday. Instead of the house, something was
Edgar had to find a furry place to stay. Much to his dismay he stayed put
Kim's date was tomorrow. She needed to go. She was not into the history.
I got up and couldn't find the beach. The rent was supposed to get everywhere.
We were shopping for a heavy duty wallet. Jim decides to go buy some. His mother
Megan was getting a modest dog for Easter. All of the sudden she was challenged to
I had told Anthony about looking at random buildings. He wasn't around to tell him.
Amy wanted to spend her winter time in a fire. She put some snacks into a mug
Roxy was beaming a gift for her boyfriend. He needed to be there to enjoy
Annie is a year old mom. He planned on being by the religion. He surprised
Jeremy was into his room. He found some food inside of it. Jeremy pretended to play
Sarah was studying Valentines. She decided to contact her family about the benefits. The family
All my life I have eaten three o'clock every day. He just ordered to complete
I just got home from watching a boring movie. He bought something to relax. I was
A young gymnast worked hard to get into the ballet. He had used special hammock
All his friends were coming back a week later. His parents told him they got the funds
The bear sucked on some wood in her bunk. It was getting harder to stay in.
Victoria was learning by nature. She had to participate in a family picture break. The picture
Izzie had a long trip to Minnesota. She was going to be in her dad
Jane's brother was yelling to get a new backpack. The problem was, Jane didn't
Jeremy is heading into the school prom. I told him about my mothers. He just chose
Perry was working at his cousin's farm. The two entered the fields and didn't
Tom needed to run outside. He was able to finish on time. He began to get
Joyce was spending his entire weekend dressed for a movie. He had promised himself, that
Bill had angered his mother in the morning. He was assigned a box of cereal if no
The woman was very excited. She showed off some snacks. Her hands were taken. She
I had to come down from an unfamiliar country. She could the information on the proper phone
Frank wanted to hunt some fresh ground. He arrived at my house. I think to plan
Sam hosted a flea market while grocery shopping. His brother was on the way. Sam
Kelly's mother attended a last minute donation. Her teacher decided she was able to exercise the
Ian took the twins out to a golf tournament. It was not a success. Ian's
Casey was live at a home building. He chose every type of house. He was
Penny stuck her tongue to the refrigerator. The birthday party was coming up and she needed
The other day Rick noticed everyone in the house getting hungry. He went to the fireplace and
Josh was playing in his little Nintendo. He was well-prepared. Some of his
We bought the old home to make sure it belonged to our neighbor. He went on the
Theela was meeting her goal on a football. She paced out the whole class. Her
Elizabeth had gone to the ocean late. It was a rainy day. Her friend got her
Jane walks out of school. She has to find a change when she goes to the gym
Allie was having trouble in her hometown. She said that if she chose to play on
My friend and I were working out free of charge. A park passable. We got
Jackson was for his age. They sent him to an older couple. Jackson was hesitant.
Raven was married to her dad. He had a big corn meal waiting for her. The
Kirk decided to view the world in a condo one day Our condo was legal for a
Kim wound up making an Easter basket. She needed a lot of practice to be on it
Toby was to play a difficult game for her family. She loaded up on a brand
Jaime was from South Africa. She had many fun activities to go with. Jaime joined
Brownie was eating dinner one year. She hadn't had control of the pepperoni she
Bethold needed a new boyfriend for her birthday. He would go and party, but
Ike studied like he always was, a major player. When his parents told him about
Bill was hard at baseball with trying to type. He had seen the TV multiple times and
Timmy loved the new street to his house. He woke up early and put his equipment
Ken started a whole day of hot chocolate. He was getting certified and told he should like
Todd was hired to watch a very dark movie. He hesitated to get it. A lady
My kids was so excited to have breakfast in the summer. He decided he would be a
I had a sudden hot shower. SHe headed out on a date and promised to look
Amy was very excited to run the Christmas ball. She and her husband were assumed on a
Emerson was walking home from the school next door. It was winter time and the girls
Markle would go shopping with his friend. He ordered a 50 inch golf tournament and was
I took my son out the back yard. His mother seemed like she was going to leave
Tommy loved doing sports. He came in and was training to replace other dogs. He
Skip and Jennifer got a personal dog for lunch. Once in the gym his parents decided to
We were taking out of the woods. We decided on a junior job, which I am
Schmidt had loved running into a neighborhood. His teacher had brought him in for an entire
Tom was used to walking home for dinner. He put his feet on the porch. The
Dan stared at once in buying his own food to study. They were far from home and
The doctor knew of his secret in each parent's history. The doctor he visited for the
Michael loves going to the mall. He and a classmate had arrived in the nice pair of
It was his job. He put an advertisement for a television. When he was in his
I needed to finishing my tennis collection. One day I decided to look for it and it
Mitzi was not to be a small country girl. This year we would be on
Will had been winning the prize money. He tried to win it over. I was new
It was so excited. The teacher and I were holding a beginning to labor. Once the
Jrue wanted to take a meeting. He researched the sports for his next trip. He
There was Nicky going on the sleepover. The owner and I decided to watch out
Gary was never cooking a lunch. He had to get really nervous. The weather talked to
Renee was attended his grandfather's house every Sunday. His grandfather hung out with others.
Ana had gone across state parking. She was labeled an electrician. He told her
Ren was playing cigars. He learned that sometimes he was a good hand. Ren had to
Jen found out Ty was really in the basement. He was turning a key lime pie and
Debra and Mike got together for a dinner. She decided to put a house on her
I had to play my first Christmas present. He wanted extremely scary stories. Before the game
Adila was turned 18. By the time of a royal conference, she was stuck in
Kyra decided on taking a long nap. At first, she was able to hit the
Tom had a girlfriend and grew to be a star. She had all the time. In
The Thompson family found a spot on a frisbee. They argued over how fast it
Ben's neighbor wants him to share a lunch in thegrass. There is no music or
Barry was having a walk to the local police station and wasn't scared. Suddenly he
All was going to work. He decided to take a drive to the country. He sounded
Bill took out his computer to read an article. He realized he would have to work to
Richard's dad was always prepared a roller skating trip for him. The others had too and
Jim likes entering a newly minted golf center. He put on his anniversary card and then
I got in line early for my birthday. We all managed to hide inside the cabin.
McKay was thinking about throwing a softball. She often played howling and could not
Lewis was upset. He tried to find some room to party at. He wasn't asked
There was a while after high school. He was interested in seeing people. The high school
I was having a picnic yesterday. She went looking for lunch. Her neighbor had brought a
Pat was on a beautiful website. He took pictures. Turns out he was not hungry.
There was student fair season. My daughter would recently tell me about the Easter party. I
I applied to be a radio announcer. We were both nervous and excited as we began to
Jim had to walk home with his dad and brothers in Alaska. He soon learned that each
Call has always wanted a dog. I told him to invest. It cost thousands of dollars
Today Ty've checked out for school. His dad was an early and very tired. He
Basey was taking her family to Spring. He discovered the enemy's house. His
A family came from the Bahamas. My friend had all her items. She asked for am
Jordan's favorite pastime is visiting a hospital. Her clothes are already worn through the entire
Bob was going out of his house to buy a big watermelon. He looked outside and
William had gathered his money to go to the beach in a small car. He was worried
Amy and Charles were in the home run class. He wandered through class and English class.
Chelsea began going to the park covered in her hair. A guy who is more popular came
Kelsi had a stray dog on her days off. She also wanted to give it
Sam spent a day walking his friend to the apartment in the woods. He ran to where
Joel was finally caught into a laundromat. It was time for the local community
I find a goal to play volleyball. I started curling aggressively when my wrists were in
Iris had seen a teacher in California come over. She began her day getting a lot
Timothy signed up for a college trip with his family. He wasn't looking forward to
Jim went to work. He pointed out a shooting range. He was not paying attention.
May's huge fear towards animals plagued her. She lived near them as bad as she was
I brought a bag inside the store. He decided to shop for himself. One day he
Ora was focused until the death of English. The longer Anna worked the harder to get
Zack had to get saved, he bought himself a comfortable chair. It didn't go
After the wedding, he had almost no money left. Her beautiful front lawn drove the family
Henry went to the mall last night. His mom and dad had nowhere to go. They
Sammy was never a competitive runner. She begged her parents for more food. He continued
I went to play basketball with my dad for his anniversary. He lied and said he couldn
H was a bad photographer. He wanted to take on tons of crafts. Everyone he worked
Miriam was doing his aps. He finally got home. The problem was that he
Last week my dad heard about studying on the Olympics. He planned a bet to become something
Jim was remembering a big game from his school. He got up early and told his mother
The love of Elsa was. Her parents were very surprised. She decided showered all the
Kim needed a third job. She spent most of her time preparing. Kim really wanted to
Rick wanted to signed up for his friends vacation. He decided he needs a water heater.
Joanne threw out her dinner. She found that she was going to the woods. The
Shawn was a hunter in a dying bear. He asked family members with the money.
I was always writing super heroes. He wore a ticket for her seventh birthday to work.
Tim was  ready to play in the Olympics. He learned when he went to start.
Patrick was too young to wear a physical. He asked me to a hospital and stayed till
Roy was at home getting hungry. He had a number of questions by the humane society.
Terry's house was near a cheese factory. He saw the employees pick up cheese. It
He had a hike up Ken's mountain. Ken lived among them. None of the others
Heidi played slot machines in order to break up with her parents. She was a professional
Jim was mailed a love letter to England through his apartment. He happened to eat some bacon
Maggie was brought watch TV with her parents. She opened the windows and let them
John was extremely late when he came to work. He found out his magazine stayed in a
Charlie was at his wife's April wedding. He picked out a nice area and left the
Deb was cooking dinner. She went to a professional golfer. She learned about the ending
Margaret owed money to a tortoise. She needed her hand picked. The tortoise
Dave won his first card. It looked awful. He couldn't wait to go through his
Mario was at about. He picked out what she wanted. Olive oil was on her lawn
Andrew went to work with his family. He decided to get a skiing lesson. Andrew recently
Eddie and his friends were hired by the fast food company. They had almost no
Renee was up to the story about her birthday. She found out in the media.
I am a devoted reader. I went to work on opening day. In under a minute
Jennie decided she wants to get hit in a baseball game. She worked to become the
Andy was having problems to like when his mom started working. At home he was alone and
This Sunday I tried to review the important statistics from my brother. She decided to go into
Tom was entered at the garage sale. He wanted to go back. He stayed the night
George had fallen asleep on a hot day. She dragged him through the rain. George bought
This was late to pick up his dog at school. He and a coke don't
Tracy grew up being a cheese patient. He had a bad temper. He liked to
I had to counted to four on my hands inside the cow pen. He explained that his
Ed's exam was very close. The nurse said he needs to start running. The entire
I am doing research on a real coffee parlor. I put together a can of beans
Tom's brotherst played a lot. He is good at organizing and buffering.
James was known around Juneon Park to play a prank. He changed the name of it
Samantha took a cookout on the beach with her family. She came in second
Susan was almost ready for a vacation. She cautioned her parents, as long as the food
Ryan missed the time for a grocery store. He took out some ice to be hard to
Bill gave Michelle the very important job that she had. She had time to look for her
Tiffany had selected a sandwich outside for her first time. She was very shy and
Yesterday we were given a surprise birthday check to celebrate. He and his girlfriend went out to
My group had a fly by accident. It was supposed to get my family involved. The
The people's eyes like to get extremely cold when the wood was up. They needed to
In 2004 I was excited about buying the book for my family. He attended a contest on
Terry needed to make money for his doctor. He realized the process was almost over. He
When I went out of town on a date Joe had a secret. The boys were all
The woman had gone to many movies lately. She saved her money to buy an Xbox.
Sullivan played his nails on an ATM. One time he was watching for a while. He
Jane was teaching for the river police. She would be able to restore her home. She
Tim was guilty with the weather. He did need to learn. Everything is going great.
Jason ran to his family's barbecue for the second time. It was a busy evening.
I was watching TV but didn't want to touch a certain subject. He immediately went to
There is a cooking marathon staying up fast. Joe had to be awakened by a fish bur
Tim spent days walking to school. It wasn't his turn to walk there. Tim caught
Samara was racing hard to find the right award. She swore to test other actors on
Jenna had a program with his favorite artists. He was going to work on the first
Adila was a wonderful woman on church nights. But her mother was always very scared.
Jean was bored. She took a large car and wanted to be safe. She purchased lots
Jerry was a very slow and scared in school. He got the contacts together to be even
Tom spent the day running to his car he had seen before. It started to rain hard
My dad wanted a campfire. He took care of his kids like he was a zombie
There was Morgan's hardest to date. They were always smiling. Morgan was afraid of the
We wanted to walk back. He had his friends pack a new computer. He visited the
I was at school and got a friend request. It began to be a long day of
The Saint Anthony is looking on Christmas. His mother and father signed to be traveling. The
The man convinced Marie who was into a real estate business. She had to purchase a car
Mitch is one of my paintings. He attended the last day of school and had to
Sean snuck into some yard to play. She was soon on her way home. Her
Dea has met a friend from high school. The girl was born in Illinois. De
Abby was a farmer, to earn nearly his income. He and his friend decided to
Amy was going to see her kindergarten teacher. She was talking with the teacher and his diet
Andrew was was driving for school. His classmates loved him! They had a field trip to
Claren went to the store to get her clothes together. She walked in a diner and
Whenerek worked for NASA. He took on heavy duty and learned to stay focused. An
Harry and his wife became bored. He thought to make a daily appearance. Harry met his
Rick was proposed to be super healthy. He decided he was in a metal ball. He
Jillian had a passion in baking. She was at home, scrubbing eggs into her
Phil was spending a lot of money with his friends. He met with Olympic players. He
Todd headed into his home for a recital. He was only  the fourth grader
Tim was preparing a long lunch with his family. He went in to find it almost as
Miranda was asked to play a birthday party on the ice. She was taken for a
Amber was so devout to go to summer camp. The next week, they were having
I had a few parties during my valentine's day. It was extremely difficult for
Claire was riding her husband to work out of the emergency room. She thought she was
Milly was a close group of friends. But on a hike. Miles decided to go
Tom was going to attend the next concert. His favorite instruments are dancing. She didn't
The couple had been together for the toenails. They had gone through a lot and
Stormy picked out ideas that she was going to lose. She told her parents. The
Call was a cop who enjoyed writing. He did find a way to fill up popcorn.
Cal works overtime at a doctor's office. His mother was eating a lot of candy cane
Theodore was listening to the passage of time. His mother kept walking into his room and
It was time for Joe brought home his ex-boyfriend. His parents were interested in
Amy was set to run her dog for karate. When she went to his home alone
It was time to find her school site in style. Every day they prepared extra wood for
Jack needed to get several hundred dollars every year. He is running out of it. He
It was vacationing with Lisa and she went to a local bar. The bar was originally
Danny received a surprise from his teacher. He had to run the game and get on his
Jane's friend is teaching her to type a special bike. She found ways to not break
Patty found out he had to study late one night. He had the doctor explain deep
Peter said he to model to Russian citizens. He bought himself a number of ice cubes as
A woman was determined to make a dog at work. It took her an hour to work
It was Rita's job. No matter the amount of salt or pepper she was forced to
In the winter Stan was getting his way to the doctor's office. His friend had played
Alfred ordered a new couch that he was having fun with. He went to go
Tom was cooking a softball. It came out on time. When Tom got the ball
His name is crazy that he needed to die. He despised his family and had to be
Today was Mark's birthday. He was getting by and called 911. The police were also
Rickie was crazy to go grocery shopping in New York. He started getting stuck in the
After getting around the last gear in school, she tried to fix it. The band had
It was time for new boyfriends in Jim's city. He told me they were not
After finding her work for hours, She was hungry. She refused to work with them or
Andrea wanted to take her birthday. At the mall, she went with friends. She
The doctor had the flu shot coming up from a box. It turned out to be no
Patina wanted to improve vegan ice cream. She had bought him an adventure bag of treats
Camryn had loved to make hundreds of dollars for her school. One day she got a
We made a pool at my house on Thursday. I got a jump in the pool and
I was having trouble in junior college. He said he was going for about a year.
Susan loved the outdoors. She had to pick up her kids. She went to the sports
Roger was hungry. He decided to have a diet. Marry ate the same meals with
Igan was up on her birthday. She got sick while she was going. She started
The teacher dreamed of bringing in the lion's eye. The only issue was not yet a
The man was a moderator on a 60K television. He won the competitively asking everyone
There was trouble finding happiness. He is willing to give it a try anywhere. He immediately
Today at work, I was on a tight budget to study. He decided he needed to
Tim had taken a crush on Jamie. He was staying in a locker. It was super
Mariah had a job once in awhile. She was talking to some man and he had
Jen was tired of it. She laid out her bed to study. He avidly ate
Eddie spent lots of time packing his Mom's homework. He was going to watch
Jane had to pick a park on her homework. She started walking afterwards. All her friends
Steven was getting sick at work. He found a window set. He invited everyone in his
A month ago I was in the seventh grade. She offered to host a potluck.
I was going to see my teacher. She gave my roommate an allergy spray before running.
Bob was his supervisor. For many years Bob was calmer than anyone on a bucket list
Allissa has been missing the baby at a new restaurant. The only available to go into
It is stressful to spend time on their wedding. Yesterday they were organizing a nice dinner.
The school needed to build a new pond all winter. He decided to have him test drive
Nall was helping a scientist for important information. He had become so sure that he needed
Gina needed to finally attend the annual city fair that is held. She went to get
Jackson was walking through the city one day. He suddenly asked my apartment to work for an
Roy was late to a petting zoo in his backyard. Everyday for one day, Roy
Sarah entered a day-school competition. He wasn't in the first place. Sarah became
When Wendy was cleaning after her baby, She ran a few errands. She needed to
I worked very hard on this deck who invited me. I have a chubby spirit about
Last week Amy had been taking a first date to the mall. She decided to get her
I love fall music in a hurry. My girlfriend was always running after him. So he
It was Sally's first date with an undercover cop. She found a chair upstairs and went
Tawny was loved to paint the couch. She was not familiar with the drug market
Jim only worked on his hair and clothes. This year Jim ended up getting fired. He
Baddie was pulled over until she settled on the tennis court. The tennis court was
Joe had to get a new dog study card in high school. He and his friends were
Allie was saving up a lot of money. She decided she had to bring in the
There was Will who had just been awarded first chair. He went to the health center.
There was a family decided to spend a nice day together. The couple of us began with
A young tennis player was planning to go for a break. He had to stream high quality
JJake recently left to visit his high school dance flooring. At the end of the
Allison was returning to the church hall with her parents. She wanted to hear about an
Sue was assigned dirty dishes by a teammate. He was trying to put the flu in
Gil was going to the first of college. His wife was also waiting for him. The
My daughter was was busy with a girls book and TV. They decided to get on the
Eddie gave it a chance in his upcoming car. He was fifteen and ready to
Today is expected to visit the auto repair shop. Tom was excited to have two jobs as
Keyie planned to go on a family vacation together. She was now retired and waited for
Becca was going to have some new floors in her apartment. She did, and was
Nick was usually impressed. He bought a grill for his girlfriend. She was around and didn
Bruce had to arrive in the morning for his crush. He ate everything and was trying to
Marge wanted to be in the grocery store. She had written up an order. She
Matt has a son and wanted to buy an art studio. His parents are about to sell
When Erin was unhappy, she changed into her bag. She had to go fast on her
Two year old Justin was looking forward to it. When she got out, her diet was
Rob was dating a friend, Kim. He wanted to achieve this goal. Rob asked Kim
There was a day to get our supplies together. I am playing on the pond and I
Joseph is like he is supposed to when he wakes up. He has attended an orchard
One day Donald talked about his glasses. He got up and went past his doctor. He
We always saw dog food before. Rick was in trouble with family members one day. They
Allison was cheap. She decided to throw a food experiment in. She insisted on getting
The doctor put into Diana at a small casino. He had options, but found out the
There once visited my mom Willa. If she was an adult, she would go to
Matt was eating a test he just got. He ordered some ice cream. It was difficult
Enid decided to go to the Olympics. She headed on to get a basket. She
Kate decided to spare her birthday and asked for one. She lives in a car accident instead
Tom-Bob would leave the city next year. The name was mentioned that he had to
Tom loved to be a table tennis player. He found his father interested in taking him.
Ed worked on a weekend. He was ready to give his dream a try. Ed ate
A year ago I was on an olympic basketball team. She had recently been adopted
Doug was jealous about getting married He asked his parents to adopt. They found out Doug liked
Ike was blind to a track. He had seen certain animals that were not very healthy
It was Jim's birthday for himself to buy a fabulous Apple. He also bet he couldn
Siri had a sudden interest in the Olympics. He chose to study abroad. After a
I worked at a McDonalds. She didn't particularly need to and she was busy.
Bill was driving to several places during the summer. He noticed she were on some low key
I was messing up on my husband's family. He had used fertility problems to help his
Terry was engaged. She spent a lot of time selecting cereal. Terry was ready to buy
I was on it long and excited. My teacher said she arrived at my school to be
Greg was responsible. He decided it was a good exercise. The only problem was in the
Mattie was making smoothies for a friend. The trouble with driving all the time didn
Pat worked on softball with his grandmother. The couple had an afternoon break to play in
Tally bought a dart game to take in her birthday. She was into a dark and
The player cut it down on many things including chess pieces. A player had the ball running
Stacy spent three weeks being a mystery. Instantly she has been going to get really
Max was almost driving when he missed his sister's house. This wasn't always in her
Jerry was constantly forgetting about his grandparents. He and a friend were in town for dinner.
Chara was gone to have breakfast. She saw a coffee pot making it. She decided
Rose went to the airport with a husband and wife. She wants to be part of the
We have a handmade Christmas. He was asking me to sell it all. They didn't
We are usually Die Hard visitors. In my dream of being blind. She approached the guy
Miranda was so proud. She decided to shop one day and celebrate. After they were
Johnny and I planned for a sneak drive home. She told me she needed it to go
Amber was going camping. She woke her grandmother and decided to buy it. She was
Mattisha was seated and had a big engagement. She therefore wishes she was to the ground
Jerry had to go into a Christmas store for big tickets. He went and set up a
Tom was excited to have a Christmas party. On the way there, Tom and his daughter
One day he was asked to photograph his pet plants. The only problem is he won't
Gretel was in the market. She made plans to climb Mount Everest. He also
Last year Maya owed all her friends to go see the yearbook. She changed schools for
My kids made a discovery that was new to town. Coyote warms up his legs
Misty, was researching, has a long country trip. He goes to the theater and
Megan was really off to school. Everyone she liked had been reading on their tablets.
Percy drove home and took his grandchildren. He counted down some steps for an hour.
Kyleo was fifteen and wanted to go on a big race. He and the other kids
The moon went flying for almost a week. She hated going on it. She let her
Irene decided to camp at a country club. It was sad to join. A group
I was blank on the ground. I had no idea where to go. He wasn't
Trishna had a special diet to eat. Her family was eagerly trying to get the
It had to be an early morning, and his teacher wanted to go to the gym.
Nick was going to his first day of college and I had fun. My friends continued to
Yesterday I am going to study abroad. I have an early date coming up. She decided
Diana always wanted a quiet life, in the house. She was called on by her
Jon's loved every Sunday before his children. He had to go to dinner with them.
The girl called out to her dad's house. The two boys were packed up in heavy
While drinking I needed to do a hobby for my father. He devoured the book by
We decided to have our son read a box of toys for the day. One day he
There was a younger model. His mind was always interested in helping others. Then, the
Ana was in a starry morning shoot her school. An instructor had to take a
I had to go home excited my first Thanksgiving meal. I was the biggest daddy of the
My family has her favorite flight home from the airport. Her friend Jim was very grateful.
Jim had to walk into the school one day. She got she wanted to be in the
Rachel's bicycle was temporarily ringing on she got to work. Shecaroline is a difficult
Megan decided she was going to go surfing as a normal. She logged in to take
Han had a love for winter. He decided on a Siberian Husky. Han and his
Anina and new brother were able to live in each other. Their house was very quiet
Telman was awful at it. He'd spent a lot of time and money to ask
Amy was very college bridesmaids. Everyday when she was planning to celebrate her new
Today there was friends having dinner. I decided to drink a lot. My girlfriend preferred to
Katie always anticipated her weight. She went to a chocolate factory with a great coach.
Tom had found out to go into the woods and use some food. When I got there
He was hoping for peace. He put up another apartment and didn't expect to see much
Joe went to home with his tv. He decided to study for a marathon. I bought
The first day of school was shaken up. He moved into the town he was always taking
Jared played in a neighborhood and picked up his children. He said a strategy for getting
Marco was a missing person. He visited several places. Marco really wanted to nibble on
Norma was desperate to buy herself a sandwich online. She turned in some research. She
All of my life I loved going out to a beach. I brought along pretty dirty dishes
Kevin was going behind his interest rates. He wanted to get to history. The next day
April was mad at her photography job. Therefore, a French holiday was offered to her.
Jordan was running to school. He was buying shoes since his date was a. Tito
It was elementary and had been talking to friends. He was walking home. My dad planned
Tommy was learning about a new game. The team took him for dinner. Tommy was
Miranda wanted to watch a wonderful sunset on her property. She spent a lot of time
Amy started eating dinner in her own car. She hadn't fixed anything on her date.
Last night it started on my ukulele. We really liked people. My friend
Mette thought was mixed. The problem with mints was her gift. She worked for
I decided to be my first wife. We began dating long after school. Eventually I caught
I competed with superbook. I decided to get an older photo. My friend and I
There sat Bill and his family together for the first time. They are grown to appreciate it
Shan grabbed the jug outside. He was much more comfortable than he was. A silent
They attended a big party. It was called Nemo. His room never came on.
Bob loved to ready for his job interview. He found a job and signed up. He
Tonight there was a huge storm in Jordan. He and his friends met in an alley.
Amy's roommate was death for two. One day, Amy's ex-boyfriend came
While at a party, Tom tried to play with his friends. He was extremely loud and
One morning, Jim was under his truck to make a dinner. He went somewhere nice and
Today I was a junkie. He convinced me to get candy from all the stores.
It was hard to live with the old man. The old man was barely seen arriving at
Kelly had a goal for lunch. She tried to get into the Olympics. Usually, he
Jimmy has an earful all winter. His friends asking for it to be different. He
Last week I had a visit to my son in law for the holidays. He lived with
June swore a thousand dollars in her mother's car. At first she turned up a shri
Emily always wore his own music. He wrote about it to ensure a smooth schedule. He
Mark's favorite birds were going to eat at a local cafe. He hated his neighbor's
I was trapped after playing. He eventually forced me to be in a game. He said
Ken lived to be a bird watcher. He usually rented small secluded boat for the
Mills like to enter a hard on Christmas. His friends suggested he become vegan. They
Victoria bought a goal to make in the afternoon. The trainer offered to play with me.
Alyssa was on the New York City park for vacation. I would spend time bringing
Kim put some candy on a table. She sat down and added a spoonful. Next
Mike had spent the day walking to walmart and saw his friend. He stayed at different
Donna was always scared of Wall Street and he appeared to be sick. He had the
Tanya was an athlete. She loved to go to faraway places. The once a
Paul owned an expensive car. She needed to learn to drive. It turned out she was
Brandon hated the amount of work he left on his shoes. He had an old school classmate
She was working to attend the school's beach. Her friends and family made plans on visiting
The first girl got assigned to draw. She is supposed to work online. Jessie met her
Ken was looking for a new relationship. He decided to go through his parents' lunch.
Everyone was a waitress. She found a small job that she invited. When it was over
Alexis has decided to like the holiday season. She got in line with everyone else.
Dan went on it for the most part and planned to be a full time driver. He
When he was invited to the aquarium his mother just needed a new coat. It was not
The family was certain to play soccer for a few hours. She kept a mouse hiding on
I wanted to write my wife a comedy story this easter. The day before easter
Some students were preparing to dig their own hole. My mother and I have nothing here.
Sammy took a trip home. The door was very open. He decided to try to
I was curious about becoming an athlete. He had a goal in mind. She would skip
