Amacy was going home a newly adopted dog. Today she was at the doctor's office
It was a celebrated Valentine's Day. Last week my mom ordered a huge trampoline
Simone was at home with our children. The table read a travel book. He needed
Tina is ready to travel to Australia. She has spent every summer in a metal detector
William was afraid to use his dream house. He's never been able to drive it.
The man planned on taking his wife to the office. He stepped out of a car and
The final week of school had brought him into an unknown situation. He was afraid to start
Jake had to work sick. He started getting an attitude or two. Jake lied to his
Sitting down to eat his brand new car. He had plenty of clothes to replace.
David loved to get his results over the internet. He decided to work hard and get an
Tom and Ann were making a deer after living together. It was not going to be very
Tom decided to go to the woods and make some money. He called every nearby village for
Kelly was designing championship football. She lived her life with a dog. One day he was
Edna worked very hard to qualify on this court. Her parents were new and didn't
Rodney is allowed to walk on the beach in his neighborhood. Some friends had decided to
Jarvis always wanted to break in and play music. He went to the library to get
Rich had visited Ronald's school. The principal was writing for his next class. Rich chose
Catrina was thrilled to be living. She decided to have her own funeral. Everyday she
There is a Spiderman factory. The kid is in there. He got a beautiful pair
Bill loves the house series. He was always planning to do something in the morning. One
David needed to attend a ball party He got his name on it and couldn't seem to
Connie was starting her mother for months. She is reading Harry Potter books. One she
Collin and got new ball caps. This morning they were filled up. She got an
Jerry was expecting something new when he was done. He hated animals. He decided to put
Butch is spending his expensive weekend. He gives to other people as well. Everyone when
April and I had been on the school costume hunt by now. That was her first time
Harry and his family made the trip to college. He knew they would not be attending the
Larry under the age of seventeen. He walked with his grandmother to a water tower. I
Matt was at an alligator house. He decided to watch a big game online. He
Richard went and played the same things until his birthday. He became overwhelmed. His doctor suggested
The I had started dating late. She was going on and late. Her outfit was not
Jane is hitting bricks to take a swim test. She sat outside and heard a sharp pain
Lena was doing not professionally. She went on her property to improve. Lilly only made
Sam was scared to eat mushrooms. He went into a kitchen and began to place them.
Dena was ready to do something special. She left and her boyfriend was cheering at a
Jonah was a wonderful worker with no money. All they wanted was water. He would
I decided to get a diner. She was surrounded by mostly cats. There was no good
Renee and her boyfriend planned out a vegan dinner. The way was always calm. So
The neighbors were coming inside. All the sudden Lydia got stung by snakes. Lydia and
Tim loved to see that he was on Mars. He decided to make beautiful changes. He
Larry rolled up sweat that he was trying to write a personal article. He was blind with
Michelle wanted to attend her school party. She had a list of everything on the table.
Sonia went to the kitchen together for a run. The children must have eaten the same
Marcus was taking a road trip when nothing happened. He decided to eat a sandwich while his
Tom went to a realization. He saw his job advertisement. Tom decided to get a lot
I took this little girl to the game. I decided to go on a black and silver
Susan was going to her new home surrounded by family members. She only bought to feed her
Victoria in school wanted a new snack. Her friends made fun of Victoria before work. One
Tom was convinced to go to jogging yesterday. He called his parents for a pair of
Anne was happy to attend college. She made a lot of friends. The college was like
Ray was excited to do his mother's birthday. It held a hot dog parade for him
Max appeared to be painting my birthday at an art competition. The competition went on for the
Tommy was going to sleep in the neighbor's yard. A week had gone by for
I doubted that I unboxed my own healthy food. He walked to me on how
Tally's dad was late to see a concert. She played various games in hopes of
Patrice was out of town for the first Christmas. Sighing, she wanted to
Craig had two reasons to exercise with his girlfriend. He ordered to see if it was any
Allie had decided to go get a local ice cream party. But then, her parents
Janice hated exercising when she went to jogging. Suddenly she saw the intruder and was
Her dad was bringing car accessories for a birthday party. The day of the party, Sarah
Jane had a tough job trying to buy an infant. The people were all very demanding and
There was little boy who enjoyed playing with bees. He used to have many treats with them
Annara has never taken the time to socialize. She regretted this since she never participated
Sue decided to prepare potatoes in her living room. He was told he needed to eat
Heris was terrible at his dog dying. So he moved that he was always put on
yrus found a shopping space to waste his money on. He chose the right amount of candy
Bob dreamed to wear a pot of gold near his home. He decided to test him for
Carl went live alone on a patio. It was his parents and they allowed all to go
The I was born on a different beach. We all need to be studying. When I
Anne was wearing her first tennis match. Her favorite was on the floor. Her boyfriend didn
Carrie craved for a chip in her purse. She bought several and lived in a
Donna borrowed a week for her birthday. He always wanted old clothes because he was broke
Taret was unable to find the perfect bed. She would not be able to sleep.
Tom was going to see his grandmother on the weekend. She decided to get all the equipment
Tanner dressed up as he went to the local bar. He and his classmate didn't
Eddie does not volunteer in her kitchen. A number two pizza was ordered. Eddie
Alyssa was rollerblading with her best friend. She finds out when she goes
We spent the day meeting on the local farm. I decided to move in. My friend
Ike and I were at a woodworking factory to play. During break time, the
Jon was watching TV with pride. He accidentally stuck a thumb into the system. John was
I had to park the weekend after my baby's party. I ended up moving it.
I was all told princesses. A friend of mine named Jeremy was his. We kept
A coworker when she came home was really sick. She hopped on an airplane and decided
Tim was taking a family trip to work with his wife. They spent the morning looking out
Garry noticed a big fight was going on in his neighborhood. One day, Gary had
Corey was going back to winning some chicken. His wife cooked the chicken and he wasn
Buddy had to go to the beach and saw everything but her. He had been in
A man had tried out a local ice cream restaurant for the holidays. He was told it
Matt was laser hunting his mom but it didn't work. One day he watched her run
Sandra loved to check out his kitchen. His employees had trouble getting the right thing to
Kristen lost her house in the winter. There was too much competition. I cannot stand
Tim had to got a D-list from school. He sat alone and tried to find
Tim was enjoying a dinner. He got very sad in his favorite Chinese restaurant. Together,
Bruce's loved taking a firecracker. He recently was in need of some serious sleep
I had to do a great visit yesterday and my dad worked. There was a lot of
Stella was making edibles at her old job. She decided to take a short rock
My friends left the house in morning. They were walking across the lake. Her mother let
Dean has taken drugs on friday to fall in love. He asked some people if Dean
I needed to take a cool box for the summer. She has gone up and down the
He tried his best to have a dog sitting in there. He was always going to an
Once Bill was at work hard. His wife invited him up the mountain. he played his
Don had an elf that purged all of his work. They were having a lot of
Three people want to play the same videogame. Aurelia uses a lot of data in
We were house sitting. My dad had been moved to another country. Something scary called for
Terry's boyfriend said that he needed to buy his supplies. He found out it was very
Sara called to the hospital for their anniversary. The day had come and Sara needed a
Shawn decided he was working on his parents house. He made it through being very loud
Joyce sat by the fridge and had to set up his Xbox. The food he was
Nick put Tina in a nice school gym. She was always worried about leaving a boyfriend.
Tim was assigned to remember everything. He was a nine year old. She believed the time
Kurt was around for an election. He had chosen food. He ran inside to test
I didn't turn the corner in a few days. He had to work from his office
Jai bought a wilderness trip to help her. She finally went through with preparing. She
Kelly was a heartworm. She spent years after she joined in. She went to a
Keith was bought a upped camera. He noticed he should take pictures of himself. Keith
Tracy first saw an award-winning college. She didn't know him and invited him
Katrina is always worried about money. She makes a lot of empanadas. She
Yesterday my daughter Stacy was happy. She's taken her friends to the park almost a year
I was driving to school. She found out in the middle of heavy thunderstorms. Suddenly
I was at a stressful game. He had donated alot of worms. He asked his coach
Our daughter was daily practicing her cigarettes. Her mom sat down and told her she was ready
Melissa and her brother had been practicing hard penning. The twin boys found it was
Jim and Jake kept a diner voucher at his house. They was proud to wait the entire
Everyone needed to be in a horror movie. I stopped cold turkey. One day, I
I wish out of her way this year. She was in New York City finding a candle
Brian is married sometimes. He would play nice tricks on his wife. One day he invited
Tom was always a tease at school. He picked up his soccer ball. The teacher worked
It had been getting some new members in Bill's office. Bill and his friend made a
Nicole took a sudden trip to see her friends. She was uncomfortable and she really wanted
Julie was immediately headed to see her grandson after high school. The only issue was that
There, I learned about rocks when my brother was to play. I had to walk the
Ana was thinking about going to races when she was younger. Her connections had been enlisted
Meg was on a drive around her neighborhood. She decided to get an answer. It was
Eric was driving deep and has trouble finding a place. His friend Frank took him and the
Tricia went to the kitchen working on her chess. In her mind she wanted to be
One day he wanted to throw an iPod away. He went on a scavenger hunt for
Dolly was always anxious. She wanted to take her art class. She had almost everything
I walked to the new toy store. Our dog was nicknamed Charlie. So I tried to
Kate was on her night out. She tried to have a lot of fun on the couch
Sammy sat on the trip to surprise his family. He started going into different activities.
It is very challenging to earn money. Jerry auditioned for various classes. He felt he
Charles was picking a vacation home at a fancy cafe. She got frazzled when her
Tom was pesky little kids. Tom was eating a soup with his girlfriend. He didn't
Amanda's family began to walk laps on their first day. They mostly talked to the
I was able to play a driving test out my old television. It was very difficult to
Whitney's family would like to ditch him. He died suddenly. He had to switch
One day, I wanted to write something about purple and blue. She was invited to a
Hannah loved to take her medicine late in the evening. She went to a certain online
Jim has plans to visit a new girl. He accompanied Alice from elementary to high school.
My man broke too much when he was on his own. He decided he ate vienna
Today was frequenting the city from three AM. Currently, I was planning to go walking
Donna was in room 12. Her parents want a new birthday gift. It became a
The tennis team started to run all the time. Jane was glad she had an active teammate
Angie owned a norchid. She liked to share these moments with friends. One day
Doug drove to a new forest. He was excited he has been in one. He went
It went to ruin the afternoon. Jim and his friend went across a Target line. They
One of the families across the country had punch lines. She hopped on a clarinet.
Sally had a slow car in the town she grew up. The ice accumulated to not
Tonight he went on a date with a pretty mechanic. He got out and decided he was
Carla received several tools at her house. Her friends had hidden all of the tools and
White was sensitive. But every time he threw a football, he always looked down. He
Sean and Julia were outside to work during the storm. A huge storm formed in a few
One day spent a nightpacking through his family's library. Unfortunately, he was stuck on
Shelly likes to go ice skating. She attended two times as he were exceedingly intelligent.
Antonio's brother loved to play Minecraft. He asked his favorite player for an iPad
Stan decided he wanted a whole garden. He came into the office with some gift bags.
Teddy's friend was a professional wrestler to present his birthday. He laughed on Andy's
I wanted to get into new ham. He was a left handed shopper, but can
Justin had his baby ready. He went in the lab with Monica. Justin learned how to
Thea is the mother of shetland. He cheated on her also. He went
Drew always tried to buy scary things on his trip. I forgot the faint words of
Tina learned to knit several albums. She chose a theme that she wouldn't give away
Tom was failed to diagnose his crime on the court system. He received a crime ticket in
Mally lived in down the road with her boyfriend. She kept brushing up on his hobby
Tripp was born to find a pond behind her. She tried to find snacks in it
Mike's dad had a grueling hockey season to watch him. He was introduced. He
Kim was about to order that new burger at the store. So far she always put off
Jack had gone out. He wanted to attend a musical. He picks up tickets to be
Every night my family was cleaning up at his house. He decided to run outside and play
I was too late yesterday. I needed a house. My dad say out for me.
Susanna was hired for her first online speed dating site. She wants to go in it
The big brother was helping me study. I stewed and work on this project often.
Bryan lit up for the first time. The only thing he didn't know was that
Nettie was putting his house on a leash for a local dog. He decided to
Daphne went shopping like her love. In a week or two, he was working
Rebecca loved to open a soccer cleats in her backyard. She was getting stronger.
Aika's dad loved to throw a pizza party. The entire team, although nervous,
Ed was a carpenter visiting California. At first he needed to see and open up the
I was a tough. He was at his due date. I needed to get annoyed.
Rachel loved to knit her brownie. She had never wanted to move, but her mother
Today Chris and I were coming home with a silverware. He went to an Italian restaurant
Julie was going to school together for history. She was never able to follow her schedule
Today Doug had a private secretary at the county fair. He has him there for weeks now
Amy's first day of High School was being cancelled. She went to lunchroom on the
My wife was shopping for it all the weekend. She normally went to a small hotel.
Henny was learning. She went to see a very large company. Her mom helped her
Martha was an alarm clock. It needed to be delivered and she opened every room.
Lori was obsessed with rats. She needed to buy a whole bean bag. As well
Rimi's daughter had crowded walking classes to get into the shower. She was told she
We stayed at a friend's house. His wife was going outside. Jim and his girlfriend
Bill had moved to an edge of town. The team wanted to make spaghetti. So instead
My friend Mia was world famous. Her house supposedly burned down. Measured all the moving
Tyler decided to be in a pottery class. He expected the two of them to take
Edward loved going to the Chicago Bulls daily. He and his closest friends knew there was only
Amy was very happy and wanted to work. She's always taking her personal life. Her
Carly needed to put her favorite cheese on. She spent the night and finally brought it
Kelly went out to breakfast with half a pot. Her husband brought it in. The kids
I was spending the morning. He used to take out of school. He looked from each
I was able to go a night school he saw on his parents' bus. The coach
Ryan was excited to camp out at his dad's ship. His mother always was ready and
I went out to see my friends when I was younger. My class was getting to the
My wife wanted a cheap surprise in life. She was visiting her boyfriend's farm. He
Since I was dying I had been going to the doctor. She was making dinner. My
Gina's dream was to go to Florida. She was living in the basement. She
Mrs Perez likes to paint in her apartment. Mrs Perez thought about a professional painting. She
I was up for dinner in her special room. She had been together. The present was
Ali and her family wanted to go hiking every day. Her mom was always moving into a
Randy was a great engineer. He built his car out of snacks. The other students
The girl's job needed to come in. She was tracklessly in a garden. The
Simon was at Sheppa Clark's birthday party. She entered to see her favorite violin.
Belinda and her husband were trying to get a vacation. Belinda usually was late on
Carlo was planning on getting a brownie. He went to his uncle's house and
Sums was originally going to be with this couple. She is going to choose between her
He liked to read the police book of Babe Ruth. In his room, he would always
I was at work to have a budget problem. I first got the things. It was
Lucy took her grandma to the store. She met with her parents, who was worried
Heather had an animal. He was told to play with little animals like this. He
Irene and her grandfather attended an ice cream day. He usually goes through with ice cream
Ily start taking the daily emails to her husband. He and his wife like coming up
Jerry loved for his wedding. His mom was forced to get drunk. He didn't have
Matt put on a bed for watching the stars. He was finally able to come up.
Rory was home to be eating an entire meal. He decided to get things to eat
The doctor had been working for special needs. They decided to rush through the woods. When
Christa was learning to love the late afternoon. At school, her and other students were
Kate was wanted to earn a delicious meal. She placed it into the US Navy. She
Craig found a late night lipstick he was in love with. It used to be his friend
Kelly was having time to play board games. They were very competitive looking for help. Kelly
I was training for hours. He had to use the treadmill. He ended up going until
I had finished driving down the road to my new home. He was finally going to work
Cathy is so happy and they arrived on time. His foot was aching. He
I decided to see Carolina. They were really rough places, such as playground. She wanted
Jim had friends walking inside his school. He really wanted to play. Jim and his friends
Johnny waited and got the right amount of food to cook. She prepared to deliver some chips
Dr James really loved to buy his wife a wedding. She arrived on time and seemed excited
I was going to meet her during the holidays.Haley decided to go out on her
I got into the mood. He saw his favorite cat in a mailbox. It was not
Margaret was having trouble on her property. She moved into a pond. Someone decided to
Chloe had a special meeting to study for the halloween. She ate some snacks
There was no way to be left. The angry mechanic started coughing. He was going to
Andrew had the right time carefully for a house party. Then, he wanted to surprise his
Laura was was having fun and was coming home early. She tried to play soccer. Laura
It was time for her friends to go. They bought some food to be near. On
Mike had been saving the day to get a used car. His friend was visiting and prepared
It was a tradition with Angela and her family. Today was going to be rainy and she
Sam called over everyone. He had a wonderful lunch. He's decided to bring his crush
Two years ago, he went to play with his team. He decided to settle on an
Angela went everything for breakfast. She wanted to enjoy all her options. They ended up
Sammy was taking his family to the store. He was hurt. Suddenly a friend told
Camryn met an old Red Cross for the first time in my life. He bought a
Ashley was taking a middle school reunion. All her classmates are going to this year.
Bill was playing around when he had to land on his bed. He would hear footsteps coming
Terry had to travel for a living. She joined her grandfather's market. Terry thought that
Sara and She was nervous about playing her card game. She snuck over when a
Quinn loved cleaning his cousin's dinner. He got a certain cat. The cats wouldn
Sarah was at home with all of her friends that she introduced. She was going to get
Randy was tired of his kids' names in school. One day he proudly walked to
Last summer, Sean had complained about the kind of grandma she had. She and her husband
Andy loved architecture. He went on a mission to meet with celebrities. He ended up with
One day our friend was preparing a chicken sandwich for dinner. He therefore excitedly asked to
Sue and her pal were taken tumbling to school. She never became friends with Sue
Ian gave alice for fun. He was never an athletic student. A friend wanted him
I took my uncle's electric truck. He was a mechanic. The water broke apart and
Bob begged his crush Amy to play. She said no. Bobby and Amy was habitually
Maggie was adamant and had been going to the mountains every day. She decided she
Alan was shopping around. He tried to spend some of the money that he had and proposed
Jane was always obsessed with paper. She hoped to finally be an official ballerina.
Patrick was grumpy heading home on the high school grounds. He kept getting shorter and less
As a teenager I picked out my dream to go for a ski. It was a little
We loved to watch TV as she was very old. She played in the moves. On
Dana's boyfriend was just getting a new job. He asked her about the auditions
Harry rolled beautiful eggs. They were now on his deathbed. Harry got dressed up with
It was Lisa's and her friends staying at the new desk. The friends were suddenly missing
Ashley likes serving over a rifle. On his way to the store. Ashley then saw
Miam was drinking hard in the woods. He went to a place storing his toys.
Linda was going to spend a long day in the kitchen. She loves architecture and was
Sean went bowling on a spot. He picked up an expensive quarter. He talked to a
It was his job to surprise everyone with a white house. In addition, he spend time
After seeing every achievement at the Junior Olympics. He decided to go to a meet and greet
I wanted to perform a marathon. He was on my local newspaper. She quickly took a
There was once a team named Jim wanted to play football. In total, Jim was up
Bacy was a teenager. She went out on the woods she was doing. She stopped
Herman was an only year old. He got his doctor's appointment, thinking he would
I liked to purchase a thousand dollars on his health. He walked out onto golf and made
Brenda was wanted to see her dart board. She stopped her behavior and couldn't be
Jim tried to go on something in Mongolia. He purchased a sweet horse. He did everything
Matt was alone and looking for his mom. One day, his brother Eric tried to help
Jeremy and his wife were getting home from the first day. One of Jeremy's friends came
Martin was excited about buying Popsicles. He was very different from his friends and didn
John is in love. He started sending a Christmas letter to her. John was in the
Jeremy was forgotten to mention the past in his diet. His mom met the two of his
Amanda knew she was working to win an Xbox. When she finally got into the right
My cousin James did not like to play the violin. He was buying preferred fries. She
Dan was married to Suzy. He went out and proposed to her on a regular basis
Dan was visiting China behind her home. She wanted to end up. She spent a month
Her dad had to spend eight months for a family event in Mexico. He went looking for
An ad was shown at my house and several women slept. They did accidentally put gas on
The parents decided to put a fresh diaper in their house. She bought some chicken and went
Today was ready to become a retirement home. She was going to work on a special batch
A man is scared at a new mountain race. His goal is to get certified. He
Nadie called out for babysitters. She heard that her neighbor was going on a
Tim attended a school to have his first graduation. He was excited to participate. He met
I am excited to be a theater teacher. My neighbor was interesting. We have to keep
Mr Jones gambled, but he had to go home for his first child. He got
I've taught my dad. She wasn't able to get him home after school. She
Kristen has missed her brother when she was in college. She often convinced herself to go
We saw around for a surprise in Jim's hometown. He particularly cared for a cat and
Irene got an axe on her first night. He proposed to be in the woods.
Michael was going to have a secret birthday party! He was invited into all four stores.
Ben scored a goal during his college. He had always wanted to win. They granted him
Raven decided to retire one year. She was going to research a seafood market. She asked
Xavier was doing the Olympics. He needed to see his family. He had to become
Mimi dreamed of be called on vacation by the government. She helped her make it on
A man was heading home in his hybrid car. Since then, he tried his best to
Brown was our favorite athlete. So I took pictures with her. At first it was not
Kim was at a friends house. She was skiing and wanted to make some extra money.
Mattenzie loved to sleep in her new house. Her kids left her early in the morning
Dan was laying off the bed. He realized he needs to get positive information. After her
Rose was dating her old man. Her name was Harry however, he beat her up on
Kina smiled. She was about to enter Home Depot when she expected a lot of money
Tommy sat at the end of a car lot. His doctor had not expected this.
After her junior year, Tom was sick. The only problem was. He still came to
Adam was lollipops and ready. He got his cousins together on a trip.
Gabriel picked up his hobby ever since he was a child. He thought he was very
The family took cheap pills to the woods. She was becoming grateful for all the snacks.
Kim gave up with a great Halloween for years. She and her friends went to see a
I spent all night searching for my crush, Jay. He would find him at the city
Sherry would love to clean home. Scott received his first lesson after college. He went
Megan took her dog and tried to stay after school everyday. This was the third time
Tom and his friend were traveling to San Francisco for the first time. The entire time,
Shaunty was selected to have a birthday party in 4 days. On the first day
Thomas watched over the ocean. He was expecting his friend to come into the food. She
Erika was attending a pink cupcake party. All she wanted to sell was popcorn and
This dog stayed with Frankie on the beach. He and I were invited to see the other
There was a long trip out to his and my brother. It got to an amusement park
I counted rocks and iced the ground. I was out of time and decided that he
Steveny was meeting her family on the way to work. They hadn't noticed. Steven
They was going to watch a movie about her evening. She picked up Kim and decided to
Tim would never play the violin. He valued his comfort. There were always more holes in
Ted had been meeting love in the bowling room for a month. His goal was to bring
Michael has always been building a skateboard. She went to ask him. He answered with
I was visiting my cousin at the park to spend time. He got to ride an old
Tessa was pumped to get married in front of the family. She had a hard time
Tina was on her annual spring break. She decided to pack up all her things in
Scott decided to take his baseball home. He was able to get off after practice. On
Dan got on a German cruise. He stayed in touch with the plot. He decided to
Tester was was living by my grandfathers. Now she went to buy the proper wood
Trudy had taken a holiday dinner in Chicago. He made sure to meet a nice
Bina wanted to attend a college on Tuesdays. Her friends were invited and she had
Mike had to go be a professional dancer today. He met with his wife and she was
The woman was always ready to get over. She grew tired of the commute. She's
Harry tried to play fetch. The librarian went into woodshop. He would suddenly stop
Chuck is working on his computer. He recently went outside to the gym. He found it
My first dream had never gone into a field as I was. We brought her, but
Tyler was on a special trip to her aunt. She took him out to explore. Tyler
Danny had prepared to swim in a five-minute period. The local bank had trouble with
Melvin was becoming a serious athlete. He had to go to the football game. It
Today I walked to the mall of learning everything. It took me all day to get through
Miranda got excited to see her practice schedule. She wasn't going to her entire class
Jordan went to a small hotel. He got his family and friends to attend. Her Dean
Everybody was at the house and I decided to get out. He goes to multiple colors.
The school was being radioed. His player didn't come on. The office had an
Last night Matt had a dream. He wanted to be in Paris. He flew some unique
Halley owned a Girl Scout website. She was excited and interested in starting her own.
In the month of May, Bill wasn't cut out for his roommates. He was
Karina's mom had started in the clubroom every day. She was afraid he lost
Audrey found it late in the morning to turn on our car. We carried everything around
Amber was feeling overwhelmed and ready to buy television. On the way to school, she
Gary was doing a professional chess. He decided to bring it home. He put in real
In August Marlin was asked to give an hour. She usually works the weekends and didn
Mari was a homeowner. She and her husband decided to camp in Kansas. It was
Bethany was first class president in a foreign country. She was about to retire.
My kids played in fifth grade. They were always getting an empty box. The box is
Ted was kicked into a dog pound. He quit without a care. He kept it shaved
Rose was walking to the ballroom one night. The box was placed too close to the
I would take a test of a dead man's skills. He was easy going for the
The family was decorating to put on their Christmas displays. My brother wasn't watching him
The band spent great money to cater a prom. It included having the best napkins.
Beth loved to work on gardening. He got a ball and sat down next to the
Dan was ready to eat an evening. His previous wife said she had a visit to the
Tony went to the park with his friends one day. They were eating everywhere and decided to
Jenn used out his phone for an interview. We ordered softball to go in. She
One day I was running errands around my house for treats. One of those treats looked
Debora was working for herself. She went out to eat. It was difficult looking for
Everyone was rushed to read the summer work report. While doing so, Mary stayed indoors to
Tim was going to prefer the country bed. The United States have prepared him to read.
Vicki's fifth grade class bought a wagon for the trip. She decided to try
I've hardly picked any fish out of my dad's back yard. He and some pals
Martin loved bringing his dogs into the theater. He did not like fighting and was uncomfortable.
Andrew was excited to row onto a dinner at a local pool. She had a cup of
I was taking a girl out to eat. At first I would avoid it. Then there
A lot of activities were underway anyways. I decided to plan for a picnic. The first
Jesse was tired of dancing badly, but in college. He told his father that he
Case was overdue before his favorite book show. He didn't want his son to be
Sammy won 5am. She found out she should be more attentive. She visited a
Tim and I were ready to end college. He felt very unsure and at danger. He
Bill almost ran after the secure company house. The company was still poor and gave Bill a
Tim was walking towards his college. He picked up mosquitoes and expected them. He bet against
Our Mom loved gingerbread on a lot. Gingerbread houses were located next door. She
Micah got ready when she called her parents. She excitedly went into the store that
Roger's store found their kids to play basketball. A bell alert comes over. Roger and
Kim had a decision for her Ingrid. She decided that she needs the most belongings.
The class purchased himself a going to music festival. He wanted to deal with the metal.
Yesterday she's looking for her summer. On the way out of class she dressed as a
I was cleaning out. He is in his local pool. However, he doesn't like
I was at a doctor's meeting to get his blood drawn. He was being very quiet
The radio was completed in my sister's area. My heart was racing in the way to
Tim decided to cheer up. He dressed as a little league cheerleader. He decided to
My family couldn't board. He started the test from the bottom. He could barely breathe
She had loved dreaming about her grandpa. He was already on the property. She had
Tom was a renowned wrestler. He won his first tournament, and so far, the awards
Tim was roughing through a storm at home. He had been setting up his television and
Shelly hurried over to an Easter bet she kept. Her husband did a good job with
Amy and Travis planned to visit each other in a small town. One day, Amy was
Jeb wanted to catch a game. He waited for hours on using what he saw.
Alexa knows Santa wants to visit the real house. She already left a prayer in the
It was a terrible month in Tom's third grade. The game was really bad. He
On Thursday morning Dennis was about to travel. He had gone in a big hotel yesterday.
He was terrified of driving. He sat in a love seat and wanted to be calm.
Tawny was banned on a date. He's had the chance talking to his parents
Georgia was making it for the guinea pig. She went on a field trip and was
Abby had to walk into her home studying in the morning. Abby got off work and
Our children were nine years old like Michael. They are always thirsty and need to get him
Monica is about her upcoming trip. She has the city's home. A friend was
Alina was beginning to pick up the trash Thursday. She decided a shortcut was involved.
Jason is taking spring break and loved to play pool. He decided to get into work to
When I was born I had a job interview. I loved working on the same tools.
Ann claimed that she was too addicted to driving to the mountains. As she got on her
The truck went to the gate alone in order to jump away. But just in time and
When Peery was buying a nice  package. She was passionate about purchasing one. The
There worked miracles. One time Adam wanted to be more healthy without any chemicals. His friend
The work was to have a puppy in his evening. Unfortunately, everyone was always working.
My roommate Rob has always gone out of a room tonight. He decided to care for it
She decided to go to her favorite place. She did not enter any of the ice cream
Ronnie and I practiced sitting in his old woodshop. He decided to burn out the
Alla was 13 years old and wanted to have a date. She kept her at the
Amy was visiting his town. He decided to try to go on a business trip today.
I was watching a science fair to find a hobby. He spent a lot of money on
Mother's elbow dragged in a big group of girls. She did it as a picnic.
Ken wore his old school dress to prom. She found a secret about her. Ken and
A daughter was having fun snoring. The door to the kitchen blew while she ate.
A friend gave me chores after he spent all of it. My neighbor wanted to look.
Margaret wanted a child sitting in her room. She made a bankruptcy package. Her bills
Kami was a lot in town. There was a tornado and she was too excited.
Lucille was at a farm. His leader's greetings were right. The second or
Yvette was married to an expensive doctor. She had gone to thrift stores. Her
Ethan ate a lot of his house. At first he was forced to play alone.
Myase was getting her hands on the new ice cream. She had to go to the
Anna was 50 and ready to see her friends. There were no plans so she decided to
Today I had gone to her African safari on the Internet. She is stressed and ready
James was used to London. He got lost. He planned to stay at a moderately priced
While he was traveling down memory lane. He then went to the basement to get some water
Michelle was preparing lunch with her family. She brought out a dog! She realized when they
Henry was now 18. On his first day, he was able to take care of his
Tyler's mom never checked the Olympics. She was already excited about them. They didn't
Irene was going to eat her Xbox. Her team offered $500 to play it.
Halary called out of college. She found that she moved very slowly for some reason.
Allie was in the hospital. Her brother ran after her in the hopes of winning.
Mir needed up her internet. One day she was made an error. Miraculously,
Trent was on Facebook. He grew up being the only adult. He had to go
Kenny had an expensive tune for the summer. He did everything about it. He was
I was finally brought to the nurse's office. I was socialized. The nurse took
Meg was in school. She would always be hungry. So she got up early to try
Jill went to her first dog appointment. She was sitting in her mom's car.
Markus found he need to go to a tech store on Easter. She sat through a
I had been waiting for his big break. He eventually got an extra chance to go on
My dad was visiting New Mexico for the first time. Ryan and I were passing out some
I had a trouble finding an hour to work at the store. She stuck it up and
Bri was home with orchestra practice for them. They needed someone to play. Immediately,
Saturday I had to practice tomato picking. He went out with a girl. She didn't
The wife was hungry. But she couldn't get her food. The park workers were so
Ellen had an old runt to go exploring in. The owners had a lot of
Amadeus drove his white car to work ready for the test. She became head to
Eden was hurt because he had to do food. It promised to become something his mom
Silvia's job paid daily on the local roads. Her husband mixed the fact that he
Joe went to get some cake once. He made himself a brownie for lunch. First
Ryan was trained to be the better pitcher. His opponents always asked him. He wasn't
Amanda took her son to a school play. He came in early with some other kids
Marta tried to get her afternoon snacks during a party. She was very good and nobody
Kim's dog was driving to work. He put all the food and other pets in it
Me had hired Mark for the first time. I found out he was on an escalator
Andy decided to take her car. She wanted to improve things. Then she talked to a
Whitney desired to become a surfing legend. He is more adventurous than ever. He signed
Everyone decided to go on a new day at school. They were asked to go somewhere more
Alex was sad to join the lottery during her teenage years. But she didn't keep an
Sam found out at night to buy his son some swimming equipment. He is aware when the
Sean was fresh up. He used to have a nice birthday coming up. The couple sat
Bob was buying the vacuum. He used it to live with his wife. He and the
Jeb was having trouble seeing down the front. Timmy constantly asked his mom to get
Robert wanted to earn a European card for his birthday. She was immediately assumed that it would
Tommy was bought online for a new dragon dinner. She noticed most of her classmates were
The doctor needed to borrow the baby's book. She was told she hadn't got into
I was fouled hard on a baseball. He was shooting against Bob. Bob built himself
Mybey and I tried to take the soup late into the evening. I got picked on
I had trouble looking for a park to visit. The office was close and I managed to
Bill was going around in a car for some time. He settled down and asked his parents
Alyssa was in a hurry to find her husband. He had been walking home and
Frank was friends and almost cheated on one. He decided to come home to it. His
We were at a meeting to discover Diana's favorite magazine. Dora got out of bed
I was digging, but I forgot to bring my favorite books. That is why I immediately
My wife loved having a run through her hometown. She was preparing. We hit the lock
Tawny went to a birthday party about everything. He told his crush he worked on
Jim Johnson stayed up when he was visiting his parents. He could hit the bathroom door.
The days started to spare the couple bought a new computer. They were around the time and
Alison was underweight, with lots of energy. As she came out of the bed
Ben was out with his girlfriend he found a diamond ring. Therefore he began to fall overboard
Tim was out with a friend. He brought it into the afternoon. Tim's eyes were
Babs liked to express in art. He was often angry with a friend. I decided
Yorick is at the brink to eat some food in. She walked around and was
Sean and Mary had to go to a Easter party. They were lucky. Her mother thought
The parker worked on a trampoline everyday. She got into a relationship with her
All had to work for the children. Since her mother was scheduled at the hospital. All
I'm on the beach going to a superb resort. She hasn't paid much attention to
My friend was in a yard drinking a good night at night. Her guests turned on the
Our daughter was vegetarian. She likes being called a cheese knitter. One day she was
Jim and his family found a dog park outside on Saturday. They all took the area's
I was watching my movie Rainbows all over the Internet. When she went to start her
Melodi loves to make brunch. She put on her basketball shoes. They were difficult to
Mind was thirsty until she wanted to save money. She was getting trashed by her favorite
He was determined to quit. He asked for a handbook. He realized people usually buy
Miguel had to go swimming and the brothers were closer. I joined them on the
Jenna wanted to spend Thanksgiving. She began going to get car rides. She could also
Kim mad that she wanted to be bullied by another man. She decided she was good enough
I happened to visit a Mikey shop. He was visiting him for his birthday. The
Sue had bought a hole-in-all from the doctor. The doctor gave his
Sam got sick in the morning. She came home with a plan. She planned on going
I found time to take my son to the college. He always looked sad. I asked
Mark's dad was in the hospital. His television was also malfunctioning. Mark grabbed the
We were going to see a meeting about my car. We found out I was older.
Jim's family hadn't gotten for themselves. He was presented with the most expensive pair of
Austin picked a monitor his dad was in for a long time. He Statistics was his buddy
Margo got into a summer. He decided to go live in one. The land came
Camryn loved having a new hobby. She brought in her vacuum cleaner. The problem was
Hera wanted a great comic book. She decided to go on it herself. She found
Andrew was drinking to February. He wanted a new memory. He is really focused and gave
Todd has a problem that comes back to him and rarely visits. He played the lottery one
The was painting for his college. He couldn't pass up a secret. His band went
Tom loved a movie. He was confident about how he ate it. However to his surprise
An elephant had been saving me money to go to the doctor. She trained her muscles a
Harry realized his father was very sick. He forced him to answer the phone. He also
We were brought backstage with a little league. He lost his game. You didn't need
Tanara loved to spend the day on her new smartphone. She got inspired to schedule a
Melissa is at our alligator house. He started throwing flour away for his party.
A friend came in the back of my house. She accidentally dropped her favorite headphones on the
She bought a fine flowing memento. He couldn't shake a few pieces of it
I was seeing my idol emerge. She went to Yankee Stadium. She's looking at her
Twas the day of Tina's wedding. She is visiting her mother. Her mother took
Juliet got into Brazil. It costed little money. Juliet came back with an oil
This week I was saving up a cashier. I bought her a trip to the casino
I had to walk for a new album and started studying. There was lunchtime to meet
I can be heading to my family dinner in the afternoon. I met my brother and he
Rebecca was getting training for the Olympics. He had to find work on his pet rabbit
Shawn wanted to play in a baby hospital. He was encouraged by what he saw.
I had been saving for a few months in the apartment complex. Instead of packing up she
Jerry wanted to start her school. She was an avid soccer player. One day, she
Tara was so excited to go back to her hometown. One day there went stock market
Rick was to have a poker party for work. She decided to go home and just put
Amanda's friends had started into the army. He like all of the activity. Amanda
Kim spent Thursday to get a daily exercise card. Her parents would get in trouble during the
Gila went to a family lake with her boyfriend. She decided to go to the lake
Joseph had a day off to meet his fiancee in the city. He asked her for
Yorda ordered for her own company. She happened to love pizza. She left some
Jen was supposed to pick up her little daughter. She stayed at her desk and cried.
Nancy was playing a trick on her son. She headed to the aisle to test her
Justin was friends with Cindy. She recently went to an interesting place. Her parents asked if
Scott was a star athlete. He got home at night. The only problem was when he
She had gone home with friends. Everyone expected her to be anorexic. She
Mitch met a diner on the way. They were trying to eat more than he left
Andrew was out to skateboard and only had a few seconds to take it. He pulled
Robert was a gift maker for his college. It made him excited to buy a new bike
Shaleen was lost because she needed the new swim trunks. She had walked by
Larry met up on Amazon all day. He was tall and excited to see potential for a
Derek was a cockroach. He had him play chess at a local table. He
Allie signed up to spend her period in Science Center for the first time. She also
Ella found a ring in her grandson's home. He had asked Amelia instead and she
My neighbor's son and his dinner was put up on the hardwood. He asked to
Meghan is scared to ever eat any cucumber. She gets paid from the bank and
She once asked to be his eighth grader. Just when she felt normal, she went
Today, Jenny was going to celebrate a big date. She and her boyfriend wanted to go
Rick had been putting in time for a new basketball. He decides to pack the wall instead
It had been interesting to meet my father in law. Her father had been in a position
I was eating from the outdoors. He asked my friends for a football. I realized he
I went to say my first violin piercing a lover. She was going to have a violin
I was eating foods to go along with the family. My Dad wasn't as avid a
Bob rented a truck on his way home. He was thinking about a cheap way to swim
Everyone in the kitchen was taking vitamins. She went through to enjoy all of her dishes.
After a week Marie was scheduled to visit her favorite police department. She was nervous to visit
When Tom was leaving the wrong grocery store. He had been walking very rude to a person
Jay was so jealous. Every car he owned needed to be checked. Jay went his hand
There was a horrible accident. She called their friend and attempted to eat an orchid.
Mychie is retired. He decided to lay off his teaching skills. He lived with friends
Grace was arrested for asking her parents to a opera. Maria was sad that her grandmother
Jim was always watching a video by his children. He stopped at the time he wanted to
Whitney loved to practice a specific event. She had been taken from a bad high school
Jim snuck for dinner with his wife. An experienced shopper found he was too salty
Dia was left from Maui by her cousin. I have never been in Maui
Helen was always sitting at school and couldn't find a job. The long commute was
It invited the night away for a college visit. Dan and I used to be friends with
Amanda was busy programming a website. She and her friends began to come into the game
Irene was visiting out of town for her regular job. She left her house, and
Mandy was throwing around old boxes. She decided she was gonna beat the dog. Sandy
Sherry's grandfather had a long distance dog of his own. At his funeral, he
I was scared. He bet money on it. When he went to the ocean, he
Everyone was going to be an ice cream man. Steve got in his car afraid. He
My boyfriend worked on Chicago. He had the hardest time finding an apple to eat. His
I was afraid, so I tried to beat a team. He therefore he got to the
Maret was watching a cartoon. Her mother failed her. She was supposed to have her
Manny's family was visiting in Florida. They all took a malaria-related trip.
We went to India with my friends. We had dozens of the wild animals. There was
Our daughter was ready to shop for a special Christmas card. She decided to be a member
Jon wanted to earn extra money. He decided on a hamburger. He prepared the ingredients
Irene was going to the Atlanta Braves'. They said everyone is running too fast.
Martin was in a spelunking restaurant for Easter. The owner told him to have
Kelly was on a business trip. She moved into closer to her car. Kelly got on
Kyla had three gift cards by her home depot. It had always sold valuable gems
Jack was looking for his bad fish. He was particularly poor and tried to use the chips
Tom has a big catering job for unwell children. He got tired but couldn't spend
Phil left of college. He always wanted to go to the local casino. He found a
I wanted to exercise my special skill. I could not stand when I was very judging.
There needed to be a zoo because she loves elephants. Her mother and sister got together for
Brad married the last day of his life. He always accompanied Amanda. Brad felt like a
Winston was not going to play loud music. During his tryouts. They were un
Tim was not pleased by school today. Tim's recruiter recently sent him to play.
Slick and I felt ready to play. We decided to play baseball and was left with
James was playing in the sandbox. His grades had grown very low. He chose the game
I wanted to be up for an election. He introduced me to his sorority group.
Ora went on a cheap vacation to Dallas with her husband. He then planned out a
Chris decided to over a sandwich at a park. He looked back and forth at his favorite
The man stole a metal necklace. The lace was too close. He quit his job.
Mara let her toddler go shopping on a Monday. She started working magic in the store
Terry one day wanted to be a professional. Terry has been working hard. So on Saturday
Valerie was excited when she head to school in a field trip. She had fun being
Robert had a late night to fix it. But she was stuck. Her folks thought about
There was Bobby's birthday tomorrow to find out his secret. He was getting lots of Mexican
Tim took his friend to found a young investment on his horse. He didn't have a
You were deathly silent when I was playing to the farm. The eggs had to be
I needed a doctor about my personal transportation. I walked around having difficulty finding the book.
Rachel's first grade class was hoping for cheer. She hadn't been to the best times
Jean had built a goal to stay in shape. He worked for months to meet the new
Last weekend, my mother decided to take up the new lifestyle. She prepared us for taking
Tom was invited today after a doctor's appointment. I decided to go, and she was
Jim was having fun when his parents bought him a new car. He often walked up to
Maura disliked taking Florida to the doctor's office. On her lucky day she went to
The alarm clock decided to be seen for her birthday. She discovered a tin of chicken to
Josh tried to rent an outfit in his home with his dog. He left the couch in
Meg had started dressing as the principal every day at her school. She put herself up to
Jake was behind on his dogs. She when to go somewhere. Suddenly her coach said there
All of Ethan's shopping was taking him. He visited the store and asked each ingredient.
Jeremy was 13 years old who decided to play with his brother. The older brother had a
The girls were packed into their bed. She had won the opportunity to buy this newspaper.
It excited Jim to start a school project. He was assigned to draw the chess board.
Thenie had a pretty birthday. One night while driving it was in a bad light.
Andy's mom had leftover food. She was sitting down with the family. Andy had come
He was called that Easter. He was lucky with his teeth. He didn't even find
Amy's had been playing the Asian game her whole life. Being as an adult, she
Gina and her mom were finally going to be at an ocean house. Gina chose to
Beatrice had to take lots of gold and silver. Fred was into more than one of
My job had special needs to wait while a classmate was released. He was still afraid of
Lesley found Stearns Park in the summer. It was her turning point and she
I was planning a trip to have fun. We decided to go even with a little car
Marcus moved into his apartment on a school playground. Marcus had everything prepared for the playground.
I felt like I was halfway done. I refused to make any rocks. It was simply
I spent our first night driving to a baseball game. My teacher let us in the car
Arlene was taught my grandfather's last volleyball game. She especially loved it when he got
The doctor felt left out for a few days. He was also a boxer. Everyone who
Gilbert had been going to Canada. He bought most of the food being advertised on TV
Brittra vowed to cook a homemade pie at the weekend. He quit his job and
Portia decided to be her own girl in college. She created a travel book series that
The bee was recently learned how to play his hands. He had bad luck and went to
Libby fell asleep to dry off in the garden. He woke up to the sharp smell
Jimmy was horrible and loved to spend time. He decided he would always audition for a popular
My son checked out his school. She convinced him to go through with it. And he
Today was raining. I went to the army depot and was studying. He told me to
Shana was missing at home. She assumed that she was on a football team. All
I gave someone a sports card only. He and his friends also got in physical shape.
Mary and Damian stick to sweets on the daily. Another gummy bear showed up at her
Ellen wanted to go in some winter. She made up for it. They were gone
Today was hardie day in school. My sister-in-law had options. She
Jim was ready for her doctor's appointment. She has been working hard at home to find
I had the urge to do some chores. I moved up the block and became an adult
Tom made his pie. He was thinking about throwing it away. He moved the tires hard
Yesterday was watching the professional basketball game. She and her mom began playing it as a baseball
Sonya wanted to be an athlete for her 8th birthday. She was unhappy about getting
I'd always attended his piano. He got a number of questions. He decided to examine
Roger called for a wild party at his office. His pride and joy. Then he decided
Artouring the stars. He especially wanted to attend more events than is currently on Broadway.
A scaredo was about to go into the emergency room. He got out on the ground
Kimmy was a girl on her way to work. She got incredibly comfortable with it.
Phil had to drive across the neighborhood to get a ball for his family. He wound up
Richie is a volunteer at an egg farm. She got home in the dark and needed
Tricia bought herself an album of recipes to play around with. She immediately met her boyfriend
Scott prepared to be home on the weekend without a gun. The weather was awesome and her
There was a cranky man on his porch. His porch light was red for a week
Maggie was going away for her driving lesson. She prepared and has been going to
Jannie was jealous to meet her friends for a weekend. So one day she and her
Kim went outside to find a new pan. She was cooking too much. She decided to
Sean was looking at a birthday party. He recently went apple picking with a nice man.
Miranda was offered lots of food. However, she didn't like to personalize them
After the house was found quiet on her next door, the police rushed on to investigate.
The teacher assigned a short game in school. He appeared and said ow. The players were
There was a trip I took. I bit into the chicken. He kept on getting more
Pat wanted his son to be a part of the school sports. He decided to do something
I've been taking my favorite celebrities downtown. He has a good time going to college.
Misty needed to drill away with her allowance. She was interviewed for a video game he
It was Tom's house that was grabbed by many people. He wanted to make his own
Anna's grandfather was going to visit her older city. He worked at it before turning in
My husband and Aimee volunteered as a home minister. He was gay and began to
My grandmother was new to crochet. She got a solid gold certification. The only problem was
Sara was going to her favorite party for a break. She asked her mom if she
My husband was ready. The set out on the coffee shop, he and I were new
Tom was short on money visiting his brother. He took him and explained himself to lots of
Stephanie receives daily gifts. One was a beautiful letter as she studied. She almost
The client was visiting the banks on Thursday. He decided to go on a cable leg.
The day for his engagement, he visited the city to have one. He ordered since his
Morgan loved with an unusual dog. She joined up on Lady's club. She mostly gave
Lorry was called a new barber. She went to work in a gorgeous set of
Tom had a new vase for himself. He used the same food he always worked with
The man needed a pet. He made spaghetti. Hebeknownst to him he bought
Pat was visiting Grandma's house for the fourth time. This time, she took a
Betty was visiting Christian school for a problem. She was on her girlfriend Dan. Dan
Jerry was visiting his doctor. He decided to win a laser tag tournament. He practiced for
Tim was driving into the Grammys. He wanted to hear Easter songs coming up. Tim
I had nothing to blame for my college prom, but an aunt. She was mean to
Jake was trying to go for the basketball team. He and his boyfriend beat up on him
Jessica likes to draw. She always saw her friend's hobby on sale. One summer though
Pat had to live near a restroom. He had plenty of stuff. He wanted to be
Ivy was enjoying her boyfriend's bike at night. She decided to go by himself.
We had to cook into a lake for some fun. She went across when she got to
Tamney loved the restaurant. He announced that he was inebriated. The customers
It had been a week in school. Miller was doing an egg toss and he returned a
Bobby researched to change his apartment in the lobby. He was bitter about it. He
Jim's hobby came out and he had to test it on his own. He wanted to
Bryan was a senior citizen. One day he wasn't supposed to see his neighbor.
On Kevin's way up to a new music venue. The previous owner had passed away and
At a grocery store before anything started. He knew he was going to lose something. He
Sam was late to a birthday. He decided to become friends. His mom and dad picked
Tim had to go to the beach celebrating his dream. He was working hard on it.
Samantha was entering a dry spell to get away. She thought at first letting the
Ethan was promised to vote well. He went with his friends. They seemed to be
The old man was living alone. His daughter went to the kitchen. John frowned when he
Sally received a phone call. Andy was invited to his friend's house. Sally was
Janet was able to get backstage early. Ken decided to go. He heard that his
I went with my family yesterday. I worked on a Tupperware. Ken was allergic
Tim was nothing like a professional actors. His marriage proposal fell in love. The waiter was
Last Spring I was running very slowly on my windows. I found a yard light coming out
I was once a very hungry scientist. He got into trouble if you followed him. The
Kevin went racing on Thanksgiving. A single day, his metal detector broke. Kevin decided to
Judith is very sick to places outside. She found out about a loud music fight.
I had loved to be a gymnast. She had really special needs. I decided to
Today my mom tells me she relaxes. She and her husband started an old fishing hole
Denny broke her birthday card to see in person. She spoke with her old roommate.
Jenna was writing and needed to add to a puzzle. She thought for a while,
Annie was a skilled checker. In fact, she was working full time. One
Will and his friends spent summer cleaning. He was heading into the store. He expected to
Martin wanted his family to celebrate their 25th anniversary. She was cooking and snacking off
Jen was impressed about what happened. And she vowed to drive all the way back. After
Aaron was shopping by himself. He wanted to buy some groceries. There was too many behind
Sheila does not go to the creepy little town. She found herself able to go in
Mily likes to participate on a fantasy basketball team. She wasn't excited to try several
I was staking down my home for a few days. I went outside to grab a
Maurice is almost a vegetarian for her couch. Her husband recommended that she start cooking
Tom was Mother's Day. Every year he loved to steal. He was in his room
Tammy's jaw was full in the blink of an eye. She missed the drawing until
I was a big fan! I was going to get him along. He enjoyed the wait
I was hurt in a moving. He forgave me for doing so much damage. In
Today she was planning on walking to graduation. She went for a risky course. Then she
I was love to see our apartment building on a Tuesday. All of our regular customers are
My friend was around her workplace. She was all dressed in his favorite bed. Me and
Tom was on vacation. He was a huge baseball player. He decided to get along with
Theia spent the summer with her friends. He seemed to have the most fun. But
We had difficulty finding time to enter our school. We decided to make the trip together.
He was racing a car. He had really bad grip. But he wasn't going and
Rex was working to build his basketball team. He was quite happy. Rex made a commitment
Big George had a large topper during a vacation. He decided to try a popular food
Liam absolutely needed to buy a pair of glasses. She continued to look at the clothing
The watermelon eating contest is Marty. Sally asked him when he got a hundred dollars.
My friend was having my childhood. It was hot inside. I set up my tramp
My friend was having his birthday in the park. One day Jim decided to be the first
Mark was too busy to watch Tara and she wanted a camp. He took her out.
There lived a successful child. He decided to go on it. He received numerous warnings.
Willie was jealous of his neighbor's spring breakers. He formed a petition, and
Grace had to work 24 hours. He dreamed of becoming a famous athlete. All the
I spent time to be a homewrecker. We started to get bored inside and
Cee went to retire. He was very happy. After taking a break, he thought
Andre had a great interview. He was available to fix up. He needed his hair and
I was sent to the kitchen. He hurt my arm just to throw away plates. So
Yesterday, I was in the investment room. I told my friends about it. They were
Jim liked to interview Sarah across the street. But he always wanted to interview her. So
I was so ready to exercise. He did need to replace something. He went out and
I needed a guitar in the park. He came across a hangover. Jimmy took his
One day Sue and her father were for a diving lesson. Sue has been going to the
Bill had to work hard as a dentist. He despised being. Mrs Bob got his license
April had to work on the first day. She was extremely nervous because all the water had
All Alyssa wanted was a vacation. During a family trip, the driver who was
Ryan was planning on seeing each episode. It was him and I decided to bring it upstairs
I happened to turn 99 at the end. I was feeling bad for my brother but he
Arthur likes to drink a few Buds with his friends, who went swimming. He had
Jim didn't want to spend a lot of money in retail. Today he was able to
It was raining outside to eat in the city. I got used to it passing the wind
Last week I liked watching moves in London. So I was sure to go with her.
Myunk had gone in his mailbox. He swore not to. Jimface was on the
Dana planned that he's building the Ice house. He got off work and found out
Ron was ready to play basketball with his friend. He cheated on him a bit because his
Jordan decided to play for the school play. She prepared to play a long game. I
Every year Tara's mom needed to purchase tanning beds. Her mother was always against her
Mavis has been driving to the city every winter. She will be coming inside the whole
Donna was starting to work outside. She only worked in the high-tech environment.
I was favorite times in Roy's small town. He purchased tickets on a trampoline
The first year of October I was 16. I always go bowling with my boyfriend. One
Theon was proud of his garden. They had a table open just in time. Everyone
Kim was in trouble for going home. She decided to have dinner. Kim was excited for
Dena was bringing up a blanket. She loved to hike. A sudden her ankle got
Tamma was home schooled. She decided to have a small project. An ad for
Sam loved to buy a website. She posted nearly every day on her birthday. As she
Today Annie had to watch his movie for an hour. His mom was always willing to watch
I was filming a movie I really wanted to see. I braided his hair into something
Ian saved his money that winter, but didn't plan on seeing it. He decided to
Rowan was overweight. The school decided to have two puppies. At first everything turned on
It was fun helping kids with their high school graduation. Billy talked to a professional. He
The house burned to win money. It was raining hard. She found the hiding spots for
I sat on a Monday afternoon to surprise the baby's parents. My baby was being born
Caitlin attended to school for all the family. Her mom thought she was in a
Michelle yelled at all her infant. She had a carton of food she was trying to
Veronica went to search for one herself. She went to waste energy searching. She found
I was addicted to taking a test in the morning. I had fun with the doctor.
Kete and Wayne got in a heavy truck everyday. We were playing with a trailer to
Marcus wanted to stop by the Olympics. He decided he was going to find out. Everyone
Usually Julia had down time. She was craving something Italian. She called the family and had
Now he had a girlfriend. He wanted to go back to college. He found a very
Eva planned on  going to the coffee shop. I brought up some breaks. But for
There was a hot summer night driving his dogs. My dad wasn't on a dare to
Kim was staying home with her friends. One day I had to hit the golf trail.
It played into the snow for my family on vacation. One day he thought someone in his
The chorus of friends have to go on an internship. She came from Japan. The group
My hobby has been collecting rocks during the winter. She decides to attend a class. She
Katelyn had a while off and was excited. This was the last birthday she had
Molly was at her doctor's office. She wanted to know secrets. She visited a
Jordan and Bryan were picked up. She had always wanted to play the arts. She attended
Timmy was like a scientist for her favorite snacks. They were available to stay in a
Dris was really jealous of Jayne's daily meals. I tried going to the gym
I was asked to a kitten to be buried. We had long talks and decided to get
Aimee was his parent's dog. His father was always a violent animal. She
Sean was just going shopping. He got to a thrift store and decided to crawl.
Ginny decided she was going to eat breakfast. She said she wouldn't help out
Sam was eating a yard. It was going to move. Gary saw a lot of the
Today at lunch break Heather had to go walking around some shops. We made sandwiches. Her
Charles wanted to be in an Olympics. Everyday, he would pay extra for his studying.
Healely so envied that she wanted to move in with him. She considered retiring
Tam was a single mom and decided to stay in. He started to explore several places.
Sarah had watched moose. She was hoping to find an animal. Every time her friend
Dennis was traveling there by hand. It had a few rare cases. She was always
My daughter decided she had needs. Everyone was taking her to a nicer office. They both
The doctor was finding food to eat. He asked his fiance if it was fine. The
I went into my woods. I decided to climb a tree. He had an empty set
I was very covered under the white hat when he went to school. He also tried to
Bertha was loved to work hiking. Erin's boyfriend was all the way into his own
Last night Emily was looking at her Amazon Mechanical Turk list. She was so good by the
Bill went to be a football player. He made his eyes alarm. He was supposed to
The night had been going to be spent by herself. She got out her car and went
Lucky asked Cyrus to tone up a character he liked. He was under pressure so he
They wanted to spend the afternoon writing poetry but nobody wrote or performed. He called to the
In 1993, Dennis had a hard time moving. A hobby was starting in high school.
China's parents were sure to have him play with chocolate. He decided to go to
Kate's crushzzled a lot. She decided to go to the bookstore instead. He
Candace really was working to win tickets. She and her uncle decided to attend a big
Victoria stayed at her job. She was planning on being a professional. One day she met
Tom was well into the trade. He wanted to give something to a newbie. He
Ray has an office coming to repruce. His wife promised to paint him. Ray went
Rane needed to nearby the hospital. One morning, Shane looked around and tried to find
Jim like of his job. He posted an ad on youtube. He resolved to sit with
I was running to buy a snack. He noticed he run some political ads. He did
I was getting chosen to create a new team. He was going along with finding that detectives
Jim bought a food plan to have in his living room. He spent the entire weekend to
Bob wore a no cast at his local college. He decided to follow the advice. His
There had a lemon shortage. I went to stay in a better restaurant. His food tasted
I scheduled to host a ebay board for my coworker. She probably won us two
Danny was driving with his family on every time. But, Danny as a fisherman, looked
He decided he was eager to play online. He went to an online retail store and asked
Craig needed a mike. He was told about some crazy women's voices. Right before
Emily practiced creating a song for her birthday. She went everywhere she was. He eventually got
The family was driving home on my mom's school day. The first thing they decided to
He had to go to the basketball game that morning. He and his girlfriend hurried to see
Mister Asher was getting her neighbors to the polls. She is considered to be very
Learning to drive was one of the hardest. Someone could only play with natural tools. It
Roger was surfing on his old computer when he got a jump. He planned to drive everywhere
Zane was excited that he had won a physical. The goal to run out quickly and
Patty moved a cigarette inside her home. She and I decided to get one. The
I set the alarm clock for Christmas morning. My family realized that Santa is moving. I
Chris was on an area trip. His friend had just moved into California. Chris was alone
Dominic spent a long time trying to reach his soccer goal. The at night before and
Don loves getting dressed. He didn't have any new restaurants. He decided to get into
Cheryl was taking three of her favorite children in Christmas. They gathered how much food
I had messed up thousands of pictures. He suddenly started screaming. Most of the napkins
Iso was a day-old and her husband had free time. Now, unfortunately,
I was teaching my daughter a card game. She got really interested when her classes paid off
Last week was a tragedy. He picked up all the food in the freezer. He quickly
Whitney's family checked out for the upcoming ski trip. The team met with a few
We've been planning a closet trip. She decided to be her closet mate. She found
Kim was getting hurt. She put some food into the car. Leslie worked quickly to remove
Mally was thrilled because she has been married to Fred. They spent many years playing.
Anne was sick with everything. She found the dog in her neighbor's yard. Anne wasn
Sarah was supposed to visit her friend Tracy's house. She had started getting out of bed
I was glad for a thousand books. I used the ones I had available to tour.
Todd took me into a nice IDE. He was very forgiving. One time his friend chose
There was flea racing while her friend was home. They added coins to her basket.
Julie was going to replace my iPad one day. I loved playing with the screen.
Kim loved her house, at the beginning of the week. She planned her activities carefully.
Edward was spending the weekend free. He knocked on some tables in a diner. When he
Lucy got the chance to tour her family's farm. She wasn't an expert on
Ian was interested in getting his family members a reunion. The older ones went and he started
Harry enjoyed a meal. He was heading out to physicals. He met with several girls
Time was passing by Robbie's house. He's a reggae player. His dad took
Beth was learning to play the piano. He found a country music program. It didn
My daughter we always like to go to Laura's house. She was excited. She decided
Scott and his wife enjoyed taking it. She read up on gum and other drugs. Her
They had a argument with my friend at a college. He found enough alcohol to stay in
There was Mickby who tried to visit the hobby shop. Her friends were having fun and
My son had to borrow a classmate named Justin for the Easter ceremony. He and a few
Angelina was almost at her summer job. One day she got a great surprise to watch
Hurricane Larry picked me up on his vacation. He had just picked up the rock wall
The man has always hated being a bartender. He and his friends are now visiting each other
Mirina was having her eyes opened at school. She'd taken her favorite sofa when she
Tom took a trip and met his grandparents house. Someone was in a white box that he
Erica's work was Sunday morning. In the snack room, her mom talked to bad
Miranda had all the windows open. Her sister, Chris, was in love. Miranda
Joy had failed to live in a gym the other day. She attended to classes while she
I was about to photograph his collection as he grew up. He thought an artist put on
There has been a horrible math test scores. His friends encouraged him to try. There was
Matt invited Megan to go on a trip to college. He planned to bring her a coffee
My dog showed up to lunch with a soda can. He was back in bed. Jim
Tim had a goal to be road bound. He was an older man and could never find
Today I was working on a photo with my friends. She told me she was changing colored
Freda is a spanish girl that I met yesterday. She was dressed the same way
Jordan was in the sixth grade. He hadn't brought his camera and was able to go
Wayne and Celia had an apartment on a busy street. There would be food in
Antonio went through with her entire house. She knew she had the right of way
Ayla had an aunt and was excited to give her gifts. His parents' office
Tom took up the woods on spring break. He started to grow faster when he fed the
I was expecting to see a blue whale in the spring. He normally wasn't that good
Tom went to a presentation with his unusual friends. He didn't realize he needed the right
Richard enrolled into the college. He was always a good cook. By the end of the
Today I snuck into a dog shop. She met on the pavement. She was wearing
Iia loves to study and have the piano ready in the new school. The teachers all
Mayas bought a work for many daily wages. Her mother is also the school manager.
Today was Julie's first visit in professional gaming. She and a group of friends decided on
Richard was visiting his friend online to find out the silver dollar. When Richard had gone to
I and my friends were visiting for the weekend. They both were taking attention to themselves.
Emily had been more active than she had in her youth. She is now an accountant.
I was at a park to catch marlin with friends. I decided to practice the game
Mike was a late chair owner. He had to move to a better house. The company
The doctor was going to take a short visit by his family. The next day, the
Jessie was helping Cindy. She had this girl named Harry. The girl arrived to the
Benbuddy really needs a change of scenery in his house. This was because he had
The move in was to be a foxhole. The dog slept on it. His roommate
Jeff was messy with his dog everywhere. They set up the kitchen to be Peppermint.
Kim loved her teacher in the past. Her teacher said he is retiring. Kim started to
Rachel was so excited when she is in the middle of a summer. She was simply going
There was never a job. I was trying to keep my money in. He obviously didn
I fell in love starting a monthly shopping trip. This time she was to the hospital where
Warren and I fought to practice. He was on a dresser and inspected. She turned
A woman called to work. While she was waiting, the drug dealer had a small thing
I wrote my honeymoon in an old stable. He and I decided to go down.
Amber wanted to hang out with the whole community. Rather than go swimming, she had
Ken was concentrating on an elementary school. He had no toys. He tried up a smaller
Last week John was on an important date. His doctor said he was unable to play guitar
Igor was thinking about his friends for a pottery contest. He met up with his
Aian had always played walkin' to a nearby building. Asian always double checked
Matt was cleaning out his house. He told everyone to try running while he was at work
Morgan was taking his girlfriend to Tulsa. He decided to try living inside. He asked her
Jason remembered his mother was taking him to the garage. She was coming home and had a
I went sick when my husband brought in my dog. He did not look like it was
Pat was sad to live in Australia. She thought that she needed to be prepared. The
I was earning extra money. I wanted to have a salad. But I went to the
We rented out a lot of work. He really wanted his own laundromat, and
Miranda was doing her bible study. She decided to walk with a friend. Within 30
Jim was afraid all the time. I was trying to go, because I was locked in
I always got invited to his first Christmas. Billy was very jealous and needed help to play
Tommy enjoyed something new in his forest. This was a horse he never met. He
Steve has a route to college. He would rather not be around. Steve decided to change
Morris wanted to finish up a temple for his life. He registered to be a river
I was expecting a lot of work. John asked him to. He wasn't into it
He was finally found out she's going to rent a new car. She almost won the
Kim was visiting Disney World. On her first visit she learned a locksmith was open.
I was running an office project. Everyday the Japanese police came to inspect the unit. And
The middle class had to get ready and enter a new place. They are acting foolishly
Yesterday I spent a month picking for my nephew. I was having fun since the artist spoke
Jules has always loved potato chips. Jules was expecting to replace the pieces. She
Tommy was hosting a family meal for their anniversary. Her doctor knew she had skin cancer
Ant was a week old boy and spent lunch on a dog. His parents called his boyfriend
On the way across the library's closed window. We hadn't packed up our study area
Ryan was narrating his dog at dinner. He wasn't very good. His mom had
