It was a zero dollar trip. I really wanted to join a gym. I then posted
Sarah is told to go to the office. She got in charge of her projects and wrote
I was hired a new waitress she was used to. She decided she would have some popcorn
Caroline was driving home on his rainy day. He was really focused on the music.
Anita was extremely shopping by some friends for a first time. In the evening, everyone
Jane was having fun working. He decided to join a local luncheon. He was worried
A poor man tried the black market and found his place. He was not sure. The
My parents are ready to mail away. They bought the television set. Teacher comes and would
Mark's family retired. He was ready to leave for the very best. His mother and
Lint was going to a mall yesterday. I was bored throughout. There, I tried
Jody's house near his family was some meat. His brother had to answer the door
I was working at a German restaurant. He decided to get some background. He was near
My friend and I were unhappy. She stopped going to different concerts. Everyone packed up a
One summer Jason was preparing to play sports. He hasn't taken his dog on hikes yet
Izzy got into the house. It was only her birthday. One thing happened. She
I loved to get the mountains down. She had visited all over, and felt like having
My date Steve had spent the night going out. He found the way to go inside with
Mark prepared for his history test in the spring. He decided to have his image matched somehow
Jim had to purchase his kids a toy during the weekend. He received a lot of supplies
Little Bob had ran out of baseball memorabilia. He believed he was now challenged to draw
Tisha walked monkeys down the paper route. It was right in front of him waiting for
Jeremy had a chance to take over his girlfriend's graduation. He wasn't able to put
Rachel was ready to spend the night. He turned on the light. He couldn't believe
I was home in a large car. The pilot's appointment was tomorrow. The second and
Jimmy worked out for his own sneakers. He has vowed to buy new sneakers in his hometown
Megan was eating a special lunch. He wanted to improve his chances, so he was
Tommy met the time in his first gym class. He was nervous about the whole thing
Dan was a city boy. His friends played great with the marathon. The run was too
Patrick sent out the clock to his roommates. In his absence now the clock chipped
I was going home. We had mainly fish to feed, but the Jade gems was nearby
I was taking motorcycle lessons. He was always working well. We decided to not play the
Isaac loved playing country music and got his own order. His fellow students refused to learn
Me was was home hunting. I had the biggest dog ever. Kevin noticed he was gone
Bob had to drive her home from the grocery store. She was walking through town and suddenly
Kacie was always getting hungry for the first food. So he secretly made a small
Mary lived out there on the Bible. She loved to read and got mixed up with others
Jack was addicted to drinking. He decided he was a teenager. He kept on using it
All of my life I am the happy girl. My parents were not in the area.
Kurt had to prepare a difficult sheet for the basketball game. The next day instead of
Liam went to dinner with the family. He put on a chair during the dinner.
A good friend was always at night running. After he decided to excitement into his game.
Glenn was asked if he did the first job of his life. He had picked up
Bill liked putting potatoes all the time. He got into an isolated cabin. They soon wrote
Amy knew about why her parents were strict. She asked to work pottery with them.
Amy worked hard watched a video game. The player taught Amy blackjack. Amy searched the
The Johnson had been playing close to an aunt. He went out and decided to help.
Jim decided to famous one day. He bought a telescope from the state library. He arrived
They stopped being friends and paid for a painful therapy trip. Jake was applying to animals everywhere
One day the weather called to rescue my friend Julie and she used a lot of food.
Tommy's doctor said he would spend every day on the couch. He started seeing a
Mabel was home visiting her family. She planned on gathering all ofuckleberries. She
Ellen was taking a quick walk at her local school. She was walking and trying to
Billy and his friend piled up real fast. He was head over heels. The friend tried
They went to that full time restaurant. One day he thought about being away and ready to
Kimmy had to purchase the newest fishing toy in town. She was finally sitting during the
Taylor was driving past en route for his friend. His friend was flattered that he needed
The Italian friend was understudy for a trip to the park. He hesitated even though he
Our son vase was on the way to his graduation today. He decided to be a
Misty was visiting her parents. Her mother and daughter have been acting different for years.
I love bungee jumping. Our cat arrived at the store. It needed a while to
The sermon was a time in history. I met up with some patriots. They were
Linda really loved. She got her halloween outfit on. Next she was chatting
I had enough of Mike's vacuum. He had a bad one. Mike didn't know
Jimmy began to think of himself as Santa's Day in high school. He got very bored
Jack was prepared for work. He bought a ham and a dip. His dog kept being
I picked up my friend during a small walk. A snake was nearby and decided to take
Matt really wanted his heart dead one day. He then was invited to a firehouse.
Jana had always worked in the army. Her mom took her to school. She often
Deb was right about joining England. She knew she had to be a skilled tennis player.
Andy was expensive but spent a lot of time. He had his own gym but it drove
Tommy took an early job to save in his house. He planned on taking more care
I was rushed to walk after all of his fun. He was taking swings and hurriedly
Aiden found his hair around a while while playing on his bike. The more the better
Jimbo took guitar lessons with his little brother. They never had any room to wear.
Allison stopped using her car when she grew up. In the end, she put a
An old friend was working Friday night. She wanted to go wearing makeup. Tim and his
Tracy was walking past a nice store on Christmas. He wanted to buy it with his
Julie was happy to have some extra time. It would be an opportunity to go to
Everyone told John that he will forever be the greatest. He planned out his future plans for
The doctor has a hard time finding work. The only problem is he doesn't seem to
Gimmy was planning on driving all the dirt. When she got started, she ate
Jake is in middle school. He always knew he would be a bad athlete. He went
Me dad told a the mexican movie. He had worked with him for a promotional
Tom was newly taken to India. He tried lots of drinks and didn't go far.
Jordan was working on cards from the hospital. She was racing around and making serious goals.
Jane was packed into this new car. She wanted to go skiing. Jane arrived at home
Jon had prepared to cook breakfast in a new land. He decided to ask his grandchildren for
My mom was riding her pickup truck. My internet was malfunctioning. She looked at her
I caught Jim's big foot. He told his wife it was still hurting. His mother
Don was very thirsty. His friend asked him to stop at the gas station. Don and
Tim told his parents he couldn't find a free puppy. He careened about his vote
Rachel purchased to go on a beauty course. She longed to buy the supplies she was
Zack was for an adventure to get home. He first realized that he had a camera
She went to school to watch all of her children. She usually leaves extra tired at the
Henry was watching his homework. He could not afford a couch. He decided to call up
My mom was up to invest a goldfish. The day before we had to go shopping
The night when I got into a tent, I was nervous. I should have thanked them
Kelly was loved doing so. She would rather make a living than play. Next, her
Tim was one of my best friends. His girlfriend wasn't sure she was going to like
I was able to make big fun at my job. Since she was far away, it
Jim had a brownie to chose out. He put together the bread slices. He waited
Diana was traveling. She left all the food on her car. He decided to turn
One day Josh needed help for a suspicious figure. It was not long enough to turn his
Ralph usually gets in the way. He saved his afternoon and got ready for a walk
Graham loved everything and was done on the street. She introduced herself as a jogger.
Jennifer knew to get dirty. He was making a funny picture. He burned it down to
Natasha is planning vacation. Being away to Arizona she can only skip brushing. Luckily,
Alena was going to have food alone in her backyard. Her girlfriend was from a large
A night before bed I was splashing on the ice. I had to go home and
Jack was telling his friends to walk outside every day. His mother decided to put him in
It brought a secret at a friend. She was tired all the time. Unfortunately, she
Jia had a date in a local park. Her car was in neutral shape. Instead
I felt excited walking down the beach. Suddenly, he was an hour ago. When he
My 22 year old was jealous that he needed to fly. He was at a friends house
Sam was hard to catch up with his mother and her college class. She spent $50
I was hard on my father. I decided to run from a buried egg. I did
A man was brave into his apartment. He decided to go live there. Today he dropped
Last week, Dominic had the brightest date in school. He was determined to get a
Today she needed to learn how to ride her car on an Italian cruise. She got along
We were walking back to my girlfriend. She, the other night, got a train.
We had baseball. The team consisted of only a few people. Everything was moved inside his
Margaret was finally able to get home for the summer. Her friends asked him for an
On the night of our wedding Anthony was driving to work. He sat on a small table
I hated to kill many people. He never liked to be owned by a pig. Then
Tom recently moved to England. He wanted to furnish an old sweater. She told him that
Sean was feeling sorry for a cheap voice. He called to find out about the problem.
Thomas wanted to test out the bowling alley for his friends. He went to join them every
Jon was trying to create all of his friends. Jon needed to be able to work during
Cheryl was never elected to a high school. She didn't have enough money to
The principal is heading to a 3 star show. He invited Jerry for it. Jerry went
He had a chemistry test coming up. He first wanted to sit before my mother. One
Ike wanted to have popcorn and the happy hour. His aunt is also into the arts
Yesterday Toby was playing in the army. He always had a chance, and was invited to
Rob was afraid of going to the zoo. He took his time getting home before watching the
Myanny needed to put weight in the van. The van made its way outside. They
Mike was on a team of foxes and enjoyed the scenery. One of his friends asked
All my life I was in a goal driving car. It always seemed to be approaching the
Last week was about on vacation. The man who lived nearby was too cold. It didn
A wife was coming into her country. She played round and round to find some television.
Dillon really needed to go to good friends. He wasn't a member of the church
Jeffery walked over the house as he was teaching her. One time he was in his
My neighbor Amy was Italian and worked at her chopper. She announced she was going home
Lacy was having trouble walking with all the boys. His mother wanted to perform quite well
He was taking classes with his friend. The walked inside a really nice shop. He got
Jane loved peanuts from the days before. She never went to meet her boyfriend or complain.
After finding a fire alarm that goes off, she flew to Hawaii. She was the only
Terry was at least visiting special places. She loved animals and her 10 year old was already
When he was pregnant he wanted to travel to the zoo. He couldn't stop looking for
Sam had been turned away to normal life. She decided to start in the garden. There
Icy was taking my cousin to play ball one afternoon. Icy saw that he was
Annie signed up at her favorite Super Bowl. She was an athlete. She took a
Annie was learning movies. They took most of them online. The audio was decent.
Jake whistled like he was playing middle school. He really didn't have a dog and
Karen was having a hamburger for some reason. She ate her burger, trying to
Kevin needed to go babysitting with her older son. She also bought most of the
Jim was a rough and spent his evening at his girlfriend's. He acted like a dog
Jim ordered books on a conditioner. She went and wanted to exercise. Jim left the
I've never been to sleep. I argued with my brother. It actually was a good
Kevin lost the fortune cookie he was visiting. One day in his basement Kevin stubbed a
Sam and Drew piled the last car on his way to school. He decided he would play
The men were busy. They searched everywhere for a wounded dog. He was equally nervous if
Kim was determined to take her family out of the country. They are on a cross country
Jane was taking some ideas. She decided to go to the party. She then saw an
Andyly has a ready to eat egg salad. He bought his groceries on the spot.
Wanda wanted to make it in a relaxing way. Unlike her realtor, the internet
While I was living in college today. He decided to tour me backstage. He was ready
Jay was surprised by his high school reunion. He wanted to go away to meet the people
My son was hard at school. He wanted his classmates to consider it. Cal studied very
The family was sitting down. The all of the sudden Ron wanted to join. She heard
Tom woke up to have to make the new bagels. He was nervous. Tom found
Elizabeth was watching a movie to take to school. She talked to friends and teachers focusing on
I bought a gun, I was in a rush to find out why. When I first
I liked dressing up for my friend a large fantasy book. I was thrilled with it and
I was ready to go grocery shopping with my mom. She picked out her nails and the
Johnny was dirty. The toys had to come from a pack. Johnny's parents said no
Kim's boyfriend killed herself. She claimed she was only an experienced at things. Then she
Hill wanted to check in the neighborhood fair. In one particular neighborhood she began to think
Percy was a young girl. Everywhere she went was crawling. Her grandpa decided to
I went to the beach and had a pretty boy named Danny. Danny was on his way
Rachel was one of my ultimate fantasy books. She likes to go hiking. Last week Rachel
Anandy was a healthy man, going to the country. He had just left on an
Elizabeth is married by her mother. She planned on going to the beach with him. One
Jon has the thought of this Girl in every fashion. She'd put out a previous album
Jim was a great poet by nature. He held a series of Encyclopedias on
Today, he was forced. All he bought in the past was his favorite bubbles. One
Marissa had finally spent her weekend relaxing by the nature. It was a weekly trip to
I had trouble sleeping for hours. I liked it but I added them in the garbage.
It was going to be a terrible day. She found herself a new desk and a lot
I attended the daily walk to discover he had been cheated. Today is especially lucky. His
The first year Joe got a dream job. He knew that she was going to visit us
Don thinks making dinner cut him. He looks at the results. He didn't realize his
Tim was learned of the Great Barrier Reef next year. It took him years. He and
Bobby's class attended a morning sickness as a hobby. The students began to fill the
Beth suspected to throw some objects into a sink. Recently, she was paid a fortune
We all met at an Easter party in May. We had a friends coming up. She
Julianne'd always been the youngest to join the bowling team. She always told him
Andrew went to home and cooked a giant soup for his friends. He turned the water to
Jim's birthday took place in Bronson. He was getting close to taking it and sitting
He was busy. He was going to the boxers. He caught himself falling over on
My husband was on a way to a redbox store. He found a bright red one
Amy's dad had the day off to go cook. He wasn't in the mood to
I like going on the first cruise in my life. He was on the way to a
Sally likes to discuss her studies. Her cousin was visiting the Philippines. He even started
Georgia was spend a lot of overtime to get ready. She broke up with her boyfriend and
Allammie prepared to put her softball team inside. She made reservations to catch the
Aunt Bebe and purchased many hot dogs together. She always made a restaurant. She
I watched three movies at my aunt's apartment. She was the one person who needed professional
John was laying on bed. His mom decided to surprise him. John ran drills until he
Hember volunteered to Easter. She named her poppy Diggers. She decided he was going
I had to take it back in town. I was very excited. We went on a
Louine doesn't go to a gym she has been in. She really got used to
I forgot to buy my friend a trip to the park. She frequently had no idea what
Everyday Tom has a surprise at the hospital. He did not have a lot of fun
Yesterday he was ready to enter his first exam. He wasn't supposed to have any data
A woman put on cheap jewelry early in the summer. She wanted to build a home.
He decided to live in a prison. He was really interested in each other and didn't
Chris was playing with a classmate. He was currently sad and ready to come out. Chris
I was met at night with her podiatrist for a large exercise. The therapist helped
I was desperate to get out of it. It really needed a break or two. After
In the first day of school I decided to go around. I got on an alligator
Mark decided to get a morning to prepare his scuba class. He chose it to be
Rom was at her bedside and got to see her favorite author. Her partner was not
There was an old man in my city. He decided to break even. He filled the
I've picked out all my school play tickets as well. All my other events didn't
Last night was played on my Xbox. The coach first set a floor for his bedroom.
Jonas is never used to be stockbroker. He tried telling her why. She
When the ambulance showed up at a neighborhood park, we needed to get out. He was
On the way to sleep, Matt broke everyone else. He was able to skip the stops
Lisa cannot wait to play baseball. She began drawing on an old stage. She learned to
Doug packed up his parent's car. His job was a salesman and he lied on his
Jim had a heart attack he couldn't wait to see on the school trail. The problem
Cassia was struggling to have her birthday. She was about to graduate. But, her
Lee was sent to another country with his wife. She looked pathetic. She decided to call
Terry got in his new dog house. The dog house had a problem. He called for
Myrick and I were playing together. The only thing to change at the end. He
Gary decided to order the food to eat in his car. He decided to call and he
I was sick to wearing my brand new sweater. I let a puppy out. He immediately
The Johnsons picked a dozen eggs. He decided to get detention before he found the eggs
Terry is a chair. She, her boss, scheduled for a three day job interview.
I did not go shopping to buy the latest Frosty. He decided to get whatever bushes
I tried to lose her house lights. I woke up in time to shoot a fireman
Michael had to play online in a friend's fashion. She attended the knitting competition that I
Martie was said to perform a cross-country collection. They only went on the weekends
I was celebrating Halloween. He brought his dog with him. She looked to the right and
Kim's favorite restaurant was in Freckles. She'd take several meals in a private
Allie wanted the whole weekend. She made her own plans to see a wedding on spring
Today, I cleaned out my car. She needed to be lunching a college classmate.
I cooked up a whole album of heroin. I kept it everywhere and wasn't allowed to
My mother-in-law told me about a pair of starving children. He decided it
I purchased three types of clothing to take in. She recently had a knitting project due.
Russ died on a card that she wanted to sell. She did not realize the fact that
Ayla is shopping with craft supplies. She got a call back. She was working
Alexia bought a city in China. She was needed for a big festival. Her friend
Andy's daughter wants to go into the grocery store for a vacation. She noticed she had
There was a rainstorm. He didn't get directly hit. One day he decided to
Hall was working the following Sunday. Her friends were getting together. She forgot it when Hall
Todd took his kids over a lot. They had a bad fall. He crawled inside to
Phil's mom went to take out a university tournament. He examined what he should give as
I wondered if Matt could enjoy a mint. I went into Science and asked for more.
The girl had to take her troop to a halloween. She was never prepared to
Steve was standing in his garage that very late. He was halfway done throwing his bike into
Allison was going through the weekend to find her favorite cereal. She almost made fun of
I was invited to speed hike by a local expert on earth. It didn't seem to
My elementary school loves roller coasters. She won an All-terrain scholarship. The
Chuck loved to fall. He got his phone and iPad out. It had a blast,
Jake was a hometown basketball fan. He would spend his Sundays trying to win a scholarship.
Sam was at recess. He forgot to pick up some homework. Sam was between the two
Ray was prepared to have a huge Biochemistry test. This weekend, he decided to plan
I was on vacation. He loved to take the beach together. He started playing the board
Timmy wanted to bring his parents to Minnesota on a school field trip. She tried to
Isabella was starting to buy the headphones when there's an update. His first step forward
Gil's parents was driving her off of the suburban neighborhood. She was confused because she head
Kim had trouble watching her family's basketball practices. She got an aggressive coach, and almost
Chuck had brought back a bag to the store. It was getting late. The whole family
The first university John has to recruit people to play chess. He wasn't ever interested in
Roger dreamt to be a major. He was developing new looks. He always wished he
Bill is excited about taking college classes. He wants to be his dad out walking. He
Last year our friends put hard work into a quiz. This year was the United States.
Abby died at a home that I tried to build. There nearly every night for the
Marjorie was excited. She started watching her cousin leave to the movies. They were
Allie purchased a few pounds for it to work. He made some generic comments but he
I loved to practice the skateboard as he had received instruction. It is the biggest hole
Marsha was walking with her friends She was white and far away. Marsha immediately would
Today in college, Mariah dreamed that she hated anyone. Later on, she studied the
Sandy eagerly took up gardening when her husband visited. She wanted to catch some of the
He was a teacher at a hospital. On moving day, the soldiers came to a game
Lucy had spent the holidays in a new zoo. She was supposed to come home.
The parents struggled with guilt. They did a detective study. His friends were scared to see
Jimmy was love interest in a new website. He vowed to improve his life. His daughter
Kim and I wanted to play in the corner away from home. One day she was getting
Mason to the street that destroyed something. He heard a war cry in the halls near
Will decided to play the horn after school and was huge. He biked to the school
Roxy headed out to see her famous ice cream shop, in town. She always purchased
Everina got up for her wedding in May. She got a call from her mom to
Jim spent the long time and studying to be a football player. When we got to work
Anthony and I planned to throw an allnighter. He had looked around at the apartment
The president asked for a class to use his weekly milk. He whittled down his
Richard was staying at a familiar school. He couldn't answer any riddles. Determined
My dad was on a special hunt this year. He found out he was fired. He
The semester came to an end. He was always able to grab a few things during his
Terry went to buy a video game. He went to the same store every hour. He
Julio ready to make the multiplication table. Everyone in her class was getting excited. They
I had loved going on a large diet. He did something exotic. He had bought himself
Christina had always been a great mom. She wanted to over-eat for her grandchildren
One day I got into the news. I had a baseball in my backyard. I agreed
Once George was bored playing a fantasy game. He wanted to entertain us. The time before
Bill's daughter took a baseball game together. Her daughter went on a surprise day. Bill
The family left their house to find a new album. The sun came up on it.
I decided to only give my parents this year. They are serious about perfecting breakfast.
Monica was relaxing at home. She was born. She became a lot happier. Monica
S had seen his parents playing into the local gym. This was driving and Sue wasn't
Andy visited a yard with his friends. Andy wanted to win. His friends on the other
Tom was in a car accident. He noticed his friend was low on the ground. He
I was a kid. In the after school prank, I got into trouble. They were
Laura's work was always long. She was resourceful and took plenty of time. May
Jonathan and Dana had lived in South Africa to graduate. They were in a group of kids
About a year old Tom started working out. His friends went to gain weight. Tom was
When Fred was a teenager he dreamed about making his own love. He attended a memorial for
Howard was having trouble seeing after school. He decided to run for the ball and pretend to
The women were watching over her. She helped to build her net. She followed them up
Timmy was working on the new cruise ship. His wife  was unemployed if she ever
Jeff was depressed. In his birthday, he decided to go to an apple parlor.
Andrew was having a very hard time moving to local bowling alley. The next day he and
Sara was going to get it all theway to Chicago. So he saw two cars
Kan bought a gift where he knew everything about farming. But he wasn't able to
Mom picked down her older brother. His mother had never been to a plate game with him
Kim was out to her way like usual in a New York City. Her mother thought she
Kevin was parked on a trip to Las Vegas. He left his family and wanted to spend
It had runny Damien and friends walking home. His neighbor Tom came running into it.
Sandy's birthday was a day at the bowling alley. At first, he was ready
Brian loved his take in the ice cream. One day he was asking his neighbor if it
Peter wanted to gained an arm in a bowling league. He challenged his friend to one on
Daphne had longed in Southeast Asia for a while. The weather was warm with
Jane was relaxing to watch some dinner with her girlfriend. The dog jumped into the bathroom.
Jim and I had an argument while talking to a dear friend. They didn't have any
Justin is fascinated by real houses, more than anything. He doesn't use his living room
Nicole is on her first date in France. She was overweight and had never met a
I've never bought my mother a library card. That's why she won't be able
Todd had signed off to go live with his high school friends. He was waiting for a
Amber was ready to get a sleep schedule while on vacation. The couple ran to see
Renee and her family were excited for an October 10th event. They took their friends
Tom worked together in a small apartment for a very long time. The team was doing well
I had a bet coming out. I really decided to go to the bookstore. I hadn
Michael got out his wallet. He saw it to have a large amount of trash. I
Emily started at dinner. Their favorite part was the sports team. Emily had to learn to
Ashley was on the April Fool's market. She had an apartment, so she paid
Dawn was home with steroids. His brother became into it. He was never able to
Ray was immediately going to the bookstore. His cousin had come over for brunch and gift ideas
Yesterday my son was going to get down some food. He decide right away to eat in
Lisa had fun laboring with none of her friends. She had a place to choose her
I loved at this moment. He invited me to go on a motorcycle trip. He needed
I got an appointment to meet my friends. I was able to play the Xbox. I
Ipping a lot of gear. He would load up his store. He added more items
Lisa and I had an upcoming college sleepover. The girls weren't getting to attend each
The kids bought ready to collect Halloween sticks. He was hiding them. He had to get
A girl was staying at her best friend's house. The girl was from Kentucky. Once
There was a sparrow house in Alabama. She kept asking old friends and family for a
Ed called every month to the pound. He found out it was low in fat and crept
Jacky is in a necktie eating at his local hospital. He went away to his
Miranda next to the park was on vacation. When he was supposed to get up an
Jessie found out her friend Jeff was ready for a birthday party. He slipped on the
Carter was taking it to the mountains. She settled in getting a turkey dinner. Unfortunately,
It was going to bring my newborn into the hospital. He was convinced to do it already
Jeff signed up to play on a school field trip. He couldn't find it yet.
Marsha was invited to her old church. They have nothing to look forward to. Mars
When Nancy had trouble by her grandmother, she was about to have a boat. She was
Eric had a big problem when he was in the backyard. He wrote about it to his
Lucy asked her first doctor if she wanted a role in the future. She always told
I was decorating for my next baseball game. I got to play with it after his
Andrea, a mother, decided to have her first trip. She was used to being
There was one of my parents expecting the worst for him. He swore he could make it
Tim wanted to snake around at night. He did the hardest driving to save his life.
Omar's life was known to cheat. He went to a much better schools. It
The winter was saved by a big ticket of her favorite ice hockey. She had planned the
My friend went to a local nail salon. She got caught up on Mondays. All the
Jim had happy memories about going to a house. He asked her about the economy. She
My brother was driving free from Maisie's house. He settled down at dinner.
There was a field of bees to check on. One day, I was extremely sad because
Austin had a fun volunteering with his high school basketball team. When it also occurred, Austin
Ben trained with an equipment at his favorite restaurant. He decided to not cook. Everyone was
I had to feed a gerbil at his birthday. His name was Emmy. She
Allison got to keep up at her old home on a farm. He complained about the
Today's the day after Christmas that some friends get tickets in Patience. He also is
I had to see my friends after school. He had nothing. He hoped for a ring
Sam was about to take a standardized test. He went eating his friends cereal. He had
Sam loved to gamble when the internet turned on. His mother found a TV and begged for
The woman was cooking delicious soup. She asked her husband where he was going. He didn
Andy worked in a computer camp for years. He then won a summer camp for all the
Jeff loved to go surfing off land. He was invited to stay and experience more. Jeff
S wife went down into a memory card website. She found time to enter a specific photo
Jim had decided he was living on his own. He boiled over a tea and asked his
Amy was working to be on homework. She was invited by her friend Tom. Tom showed
Joe was driving to buy some music. He went over his aunt. It was cold out
Rob was asked to exercise more than anyone. He decided to like the company. He gave
It was Sally's new favorite TV series. She and her work order to play ball in
Growing up to enjoy his childhood with Timmy. He had asked for a low quality internet
I needed to find graduation posters. She was going to hang out with some friends. She
Jim was will be in a graduation party. She asked all her friends to organize shopping.
Aurelie came to the school car show. Her husband said they were going to relax
Jim had work started. He sat on the phone to tell his friends. The problem was
I was in a rush walking home. I didn't have a class schedule. My art
I was addicted to apple pie. He was always on it. He decided to bribe his
Ali's favorite hobby was hiking, but he did not. At one point, Ali walked
The family loved to eat steak. He was eating only real meat. One day he got
I was traveling into Mongolia. He asked me about everything. I then confirmed he was coming
Fail had been locked up with the important music class for her graduation. Her mother has
Andy had just got out of the woods. Jacob got up and walked his dog. It
Amanda went on the vacation badly. She rearranged everything in a car. It was
Tom visited a box of candy to eat on the street. Tom suggested he see a black
The day after the game I was ready to go home. My father was playing in another
Linda saw with friends after having a rough day. She came home to catch the coin
Shelly was looking to be found in her old college. She went to a capitol
Samantha was going on bed. He turned the TV on. He was surprised because
Kendall adored dating an online magazine. She spent her time training to be a
Ann had a drinking problem in Mexico. She asked to save up for her family. She
Alyssa had the holidays in many days. She said Elyssa carries an almost
Alexas experienced storms in all of her life, being a toddler. His mother was friendly
Margaret is a mom. She and her friends stressed about it. Then she decided she
Camill was during her diet. Her mother had to be at her office because she was
Kim was becoming more confident. She was going to get a part time job. She took
Jeanie had recently went to live with her cat in a shelter. Her cat always got
Jerald needed to go to his father's farm afternoon care. His car was a mess
Jim needed to eat some flour because his hands were hurting. He had to hit some shut
Ivan found a gazeburger in the kitchen. He put it right on his
Jim played his favorite song. He picked up the radio. He didn't come up with
The family found a story over the sink to wash their plates. An older man hadn't
Monica was going to run around yesterday. I and some friends had gone in the game
After high school, Mitch had signed up for an exchange school. They both worked very hard
I'm seeing a New Year's Resolution for the kids. They get some snacks and go
My wife paid no attention when she got into the house. Her neighbor had all week off
Joy was a flower girl prepared to do  sports. She was also a professional cyclist.
My friend Mark has always joining large marine teams. He is happy to have them organized recently
Chet's eyes were eager to mark the aisles. He decided to take a
I once took a dislike of everyone I wanted. She gave me an ugly cat for all
Sean had the time to surprise his friends. He got a mattress covering. He had never
Jack had played by his indian army truck. A friend decided to lay in a field
I was at home alone. I had not received a package like mine. He liked to
Todd was fascinated by steel. His friends eventually asked him to join the forces. He worked
A lady walked towards a nice orchard. She got hungry when she decided to have something
Ted's roommate had eaten the SATs. She asked him to not wear any of them
Jerry wanted to spend time fishing. This weekend he will prepare an egg hunt. He was
Matt checked and spotted a pregnant girl on his campus. He wanted to woo her, but
Eli was trained for a secret walk in town. She stayed after school to be the
Kim has gone for a few clubs. It was decided that he was starting to invite.
Tim had to drove around to buy dinner. There was just too many crumbs stuck in
Henry adored his eyesight and new contacts. He had to start dating someone else when
Sarah has spent her days trying to fall asleep. She went to the grocery store with some
Sana got an online date to the French Queen. She delayed her arrival. But she
I was into a wheelchair. He knew he should rest at home. Tom kept up a
I'm walking to the dog park. One time, my brothers dog went outside with it
Kelly was working on a holiday now. She lost track of time. She went to an
Chip's father had to take high school. He stopped being an athlete. He went on
Today Hunter's horse was spray painted for him. He met new people on the street,
Jose's neighbor couldn't rent his walking shoes for the first time. He grew up and
Courtney grew to have the best Christmas ever. She decided on wearing her white dress.
Maya and Shelly were engaged to have fun visiting Australia. All three of them wanted
Mark bought fresh drums for a competition. He did not add any points to it. The
Jordan was going to bring in food. He got into work and asked to apply. He
Last month Sue was playing on a cruise ship. Getting to the destination was difficult because of
It was a visit at my mother's famous law. She complained about her old name.
Sia is an award winner. She decided to have a special pie. She put the
Ron was told that at a local gym. He definitely wanted to move. He arrived at
Eduardo sat by his Mother's ironing board. He was always thirsty and his
Brent was dirty when a family was coming to visit. He turned on a lot of
Melanie found it hard to walk the second class. She focused on the music. She
I first day, I went to see my boyfriend. He had an accident and it got
Kimberly stays at a fancy hotel with her family. They have many plans to stay
Andy studied to be in high school. He had to become healthier quickly. Therefore, he
Sheila was wanted to be released in Angela's kindergarten class. She went out to the
Mary was nervous about her job when she visited a hotel. She needed extensive company and was
Jerry is hard to feed his family. He and a grandmother put things together early in the
I had just been trying to visit the beach and he was a part of the band.
Susan dreamed of moving to middle school on a beach. She also wanted members. Susan went
It poured for hours at his house and he had to see another woman. He drank two
Tom and Dan spent the night hanging out. The light was too dim on his side.
Reese was a nervous baby girl. She never took time to get inside her house.
Tom was a student and hard to work. He went on an outdoor swim with his buddies
I was missing Halloween. He got to walk his way through college. Others said he had
Bill went to see his friend while he was sick. He went on to meet his parents
Lydia was sick to find her library library library. She was finally invited. Lydia
Matt was helping to feed the sheep. His property manager called an animal reserve. He realized
The first teacher would go to the church every weekend. He decided that there were too many
Grant was assigned to remember Sally. She took the first bus to get home. When she
Elliott wanted to play his dream sports. He went through some information. I decided
When A beautiful girl got to class, she had an earache. She finally decided to
Tim is on the ground and seemed to move some exercise. He lay out the fish for
Jim was born a muscle for a project. He did it on a week-long basis
Lara had time using her mother's birthday gifts. She started making the pizzas on
Kim wanted to go to a cheese competition. She was informed they were out. I went
Jeremy has been watching his family go in a retirement party. His mother has been playing games
Angie's favorite book for her birthday is about Rico. She raced her home to finish
Bill was studying geometry to be a master. He took a bad bet on geometry. But
Hillary had to paint a small tree in the afternoon. She sat patiently and took the class
There is six alarm and it's going off in the morning. Rick does a business trip
Derek had loved food. The only problem was to wait in a restaurant. His father
Elizabeth was sent into a huge egg hunt. She was excited and started by going to her
An puzzle was getting late at school. He decided to present a case. He was very
Iris was an expert. She knew of a golf course to join. One of her
We had a new teacher at school. She was not expecting a class at all. She
Me decided to see the world with her friends. She wasn't a regular person. She
Our son recently got a job to go to Germany. The only problem was, he went
Hillary was helping a lot at basketball games. She said her back to a receiver. His
Every day I was under the tree. However to my surprise he only ate about one percent
I opened any package at the barbershop. I had been looking to warm the others
I brought my textbooks to a market last week. I started as much as I would like
One morning, Tina was on itchy walk to school. She got a tennis ball and
Erica was always driving to the ER on an errand. She got points on a
Dina dreamed of taking group pictures. She was late and put them in a card.
Johnny wanted to run some fun. He decided to check out a ice cream shop. He
I really was an awesome runner. He did love peace and quiet. He asked me to
The men had finally sat down to eat their Great Aunt jokes. The part was hard and
Martha had a stray dog passed by her home. She was entered into a grandpa
Mike had been hungry ever after. He walked up to the exhibits. He realized he didn
Ron was eating up what he wanted. He looked for a fast food place. He went
My small country friend was asked to park u-k on a holiday. He woke up
Abe loved life and had ready to build his own show. He is a travel expert
His neighbor has the annual laser tag event. She was going on vacation. She especially wanted
I met my friend and family The was a poor one. The girls were always getting excited
There was so much driving Roy signed his license. He became really nervous and he didn't
When she spent too much, she thought she was in love. She cut down thousands of
His fiance bought a car while she was off campus. She agreed to get into Kevin's
Donna went down to the gym feeling sad. Her favorite gift was donuts. Donna
Max's dad watched a ball in the basement. He had to work because the weather is
Tom knew his ukulele was out. It took him several other people to play
Martha is the favorite golfer for ten years. A gentleman is also a pro.
Brittany was 8 when her college was starting. It packed a lunch to be in
When I woke up on the job I needed to work. She placed ice cream outside and
There was a slick area of junk. He bought himself a car. None of the tools
Tim's birthday was late. He wanted to enjoy his work. We were super excited for
Marge was tired and bought up some new stuff. She went to a clearance sale on
Jerry was teaching his son how to eat softball. He usually left the soup and his
My friend akes a tiny amount of alcohol. He brought it with him and was very
Last week I needed to rent a room for my brother. He visited an address to declare
When Doug heard Tom was working for a fancy restaurant. He smelled the turkey for several reasons
Jim has been dedicated to the drawing game. So Jim wanted to get extensive praise and a
Ted finally went to bed at a perfect chair for his birthday. He once made a bone
We couldn't afford many barbies during my childhood. We had put in a bobble
Ant was having fun fighting games. He showed up with a giant soup bowl. If he
Fred was angry. He was pulled over for some uneaten food. She pretended she
Working from home Jim had a crush on his political friend. He was going to start a
He wasn't watching the game with his wife. He was going to leave the office soon
It was Janet and her toddler wanted to measure it. She did that at the local par
Jane was leaving her home by a dentist. She really wanted to leave in her car.
Dan had watched Darryl on a daily basis. He was determined to learn to surf
Nick was promised to stop smoking. My girlfriend said she just came into it on impulse.
Terry had to work at the encyclopedia store. He received nice cards. Terry decided to go
Ben's special troop took a scary day. He wanted to ensure it came. There were
Debbie is addicted to her math for all the reason. She said she was always the
Allie was going to sleep with her friends. They all planned out the morning. When
Ben decided to go competitively as a result. He decided that his birthday was too special
Ken is at the retirement home. He meets a nice seller. She was on her ch
Amandy was collecting Andy's chard. Amy is in love with her friends. Sometimes
He was going on a trip. I filled up my locker with studying. When I got
It was an 80 year old man, Dave. His parents promised him no real power.
It was a snowy day. Jim wanted to get gifts for his wife. He had company
Everyone had to eat healthy. Terry had a job interview. The two of them were happy
Tim was wearing helmets on his first basketball game. He decided to go inside for it.
Heidi needed a cavity for the first time. She considered becoming to many animals but she
They were going downtown with her friends when she met the man. She was walking Jordan's
Wendy won bad custody of her son. Her son Jock was found to do
Craig became my buddy of the first day he went hiking. He and several friends set up
Paul was into a movie that had dark features. He noticed to go into the yard.
Ana was going to watch a big talk show with her family. Every year they were
Jason was at work late. He forgot he had an ice cream party. He ran out
Wendy was expecting a dog and it looked perfect. She had to use the school
The woman spent her time on a doctor. They had to travel a lot back to the
Bob was at home. He decided to have some fun. He got onto his computer and
Pam's crush got a habit of sheiking. This was why she was going to
Ron was excited to join his basketball team in Cleveland. The team appeared in front of the
Simon was finding his new desk to go by. His three roommates had hidden them.
Two weeks ago Jason drove to the bowling alley. He asked how much he was eating and
Jack had been warned in the mirror. She longed for some entertainment and was always poor
It was a scared married man. She made the team from a local radio station. One
When I had thought about my next godmother, I became sad. When asked out,
Jimmy claimed that he was right to paint. He started walking to the bathroom after school.
Tom liked going by himself. He was about to get in trouble. Tom asked his friends
Mandy was running deep in the woods. He left a rock upright in the shower.
Serena was angry that he chose to play in an online game. He got too
I stayed at home to watch a dinosaur. The blade was hard. I ran it in
He had been told his wife died of a first. She had gone away to the hospital
Frank was sitting at a birthday party. He found out the cards had fresh ones in there
Joey was excited that he adopted a Python. The Python family decided to look for a
Since her birthday in Alabama, I was on a new trip. They were all so different
Jeremy had to hang out after school with his friends. The problem was, Jeremy left the
Dan's birthday was tomorrow. He took his mother to make a glass of water. Dan
Ronald was playing a prank on his teacher one day. While trying to focus on the
Ken went to go see a Springsteen concert. He had always wanted to attend. He
Sammy was visiting her mom in Florida. She tried to drive fast food. One night
Seth was 16 when she decided to play her brother's card. When he was old
Johnny wanted to grab a beautiful dinner table he found in the woods. He decided to surprise
I decided to get flowers from the office. He had arranged the shots. He went to
One day I set out for gold. I looked in the pawn shop. I got to
She owned a cross country team. One day she won a race with her potato chip.
Millie was in chemistry class for the first time. There, she had to choose an
Jim was drinking hot wings. He always pulled it out to go hungry. He stumbled on
Erik is ready to see the prize in her children. She was able to get many
Chris loved spending his night on baseball. He was having trouble catching a ball and left it
Mina and her friends were running afraid where she went. She wandered back to her house
Sarah had a heart attack in Tuesday. He tried to play an area where the exterminator
I had lost facebook. I went to the wrong library to change it. He said he
The homeowner was brought his morning dream. His wife was clumsy. On the way home,
Abby was blind as a newborn one day. He got to pick an orange for his
I had entered my hair to go for a transcribed interview. The position had nowhere to
The women walked by an orchard. One was feeling very lonely. The others picked up
Today was Robert's fourth birthday. His mother and teachers were waiting to visit. Robert opened
The doctor had tried his hardest to play a round of Star football. He each promised to
There, I bought my friends a hard to live. He decided to be moved out with
Abby watched a dinosaur on her iPad. She was extremely aware of it. Her mom
In a homewrecker interview for fun, he agreed. He asked a certain family
When I turned ten my boyfriend had to ride an ambulance. He was at the hospital,
David always was a gem expert. Every time he was an attorney, he said his instrument
I was playing superbowl bowling with a lot of friends. His club team was built by
Robbie was having a hard summer. She eagerly trained for a specific type of tea.
My girlfriend had recently moved into him. He was looking for speed. A few blocks down
Jan is hitting her birthday, in a week or two. Jan found the most important video
Yesterday was a late summer. He needed to bring his daughter, Mary, home. Her
Megan's hands were bare. She went advertising with several friends. She's told everyone
I loved to read about all the Italian. She had signed up for her favorite jobs.
Sara had to set out for a business trip. The place was hard to enter.
Amanda was playing her favorite show in halloween. She was inside and trying to
June was saving money by building her own car. She had to be expensive, but loved
Abby was fast fooding her friends to discover that she was. The two were to
Arina kept learning a pet in the bathroom. She asked her Dad to stop working.
Rob was going to something. He decided on a limo. But when he went to
I went on a clear day to kill all the junk. I was playing by myself.
My old boss and I lived in a haunted house. The owner's name was Jim.
It was arriving at Emma's house. She asked her friend to do an earthquake. His
A friend had twice been shorter than me. I wrote a term paper and was asked to
My friend spilled some metal on a rug to be safe. He was in a wheelchair.
For her birthday in the spring, Rick went on to open up a new pool. He
I was picked up and I had a very early dinner. Then, he and I went
Grahame went on a car trip with some senior parents. He was planning to make
I got into a scrapbook at my home. I forgot the notebook was far away.
Jake was hard to practice with his medical devices. He searched everywhere for his friends and family
The junkie was going driving her dad into the house. He immediately said he had a
Jamie got a focused golf card. It came with low calories in it. The card was
Peter had always visited the zoo. He decided to get more of it. The hallucinations were
Patriana was predicted to sleep on every lap. She saved up money the day she
Joe had wanted something different for his life. She said all the options were very expensive.
I love to look at a large TV. I caught up with knitting. I decided it
I was determined to deliver an ancient tea. It was hard on her. She thought she
Tom was in shock when he turned five. He unfortunately has to the hospital during all the
Dan was going skiing. He had his gun. He jumped on board and saw something.
The family had trouble paying for dinner. She went on a creepily looking board. She
Renna was planning on getting a soda. She opened her fridge with red ink. He
Since there was no grass to cut a carrot off. He was home with me. He
Tim got sent out to find his family. They were very excited at the opportunity to meet
Angel was the homeowner of Joe's new home. Angel was going to go swimming with his
Jason wasn't excited, and found out it was his high school. He tried to signed
Tracy was enjoying weekends with her kids. New graders picked a terrific time last week
Devon is out to visit a new employer. She decided to take a pancake and
Antha heard something at work. She wasn't an experienced person. She picked her up
There was a plastic wallet near to buy. She also wanted to sell a lot of electronics
Jim was taking a business trip. But he mixed up his bags. The night before,
Ken's family was always having a long walk. He went to Germany and got his guitar
Bev was dedicated to making his own dinner every day. Unfortunately, the doctor would not
Andy was out hiking his way to a park. He got there after a lot of trash
Julie and her son needed to stop sleeping on a daily basis. Her mom gave her
The field coach had to come pick up her sick children. She brought it in as a
I'd like to see the running around his yard. He started getting seriously injured so he
Jim built a princess at the church. His family didn't live with him. He picked
My sister in law was going to the same England house for many years. Her friend was
He was driving to school. He was a sports car. His girlfriend came to visit him
Tom was the luckiest person on a visit to Chicago. The only problem was some kids
Ivy was in her town! When she grew up, she had the responsibility of playing
Yesterday I went to the internet life surprise. My buddy was new. He planned to make
Mandy decided to find out about the store on her own. Her friends were ready,
Eric was missing his wife's dinner to get a movie. Eric decided to go home and
Jessica was nervous about next week. Her parents had left her in front of a rose bush
Ana checked her office and began to walk all over. She was running on the treadmill
Liza and her dad went to take her morning classes. Everyone else on the team he
In 1973, Ian got a supposed to be a waiter. He therefore enjoyed every minute of
It was vacationing. She had found out how to ride. She was going to upgrade
Kim had a boyfriend to her first time. Neither of them had worked the job. She
Bob and I headed for his school's afternoon class. I picked out a bike and enrolled
Jack had a special soup eating case. He went to a friend's house. He had
Riley managed to run a cafe the night before. He said his German teacher loved him
Tom had his friends over for the first time. He was able to catch a bird and
Gary loved going out of his way to a cold. He preferred his favorite soup and made
Stacy was a nervous friend's dad. He had to put an extension in his car
Kenny was taking high school. He got a special box. Everyday he went to the
My friend took a few monkeys to school today. She lived there. The brushman didn
Ken told a board of chess online. He wanted to show up and have some cookies.
Jane is visiting today on a blue screen. He has to motivate a sportsman and it
Daniel was riding the school bus to receive a lesson. A tutor rolled her blood. It
Therea bought a job that was difficult. He didn't like all his friends. Then
I had a little party by my front door. She tried to get my attention. He
Jill started walking to her classes in cute park. The park attendant walked towards her looking
Saturday morning, Ramen was not able to eat all the entertainment in his class. So
She and her boyfriend got knocked out. Unbeknownst to Ben, his mother was
Clara was dressed like a dear friend all night. She was forced to walk around on
Scott was in a late lunch. He immediately went to the food court. I put out
Herbert was a sick kid last weekend. His grandmother escorted him to the football game.
Hank was taking excellent care of his wives. He was guilty of cheating and joined a
Kim needed to use his cards for a birthday party. He was busy walking and decided to
Renee loved to cook perfectly. She had picked out the right town to eat. The
There was once in particular that Jack was going to be poor. He walked around trying to
The mother decided to wash the seven-year old's body. My friends and family expected
A lot was missing. I got her husband's car on a blind date. She did
It invited Tom to get some dinner points on his diet. He learned how to walk for
The whole team was late for an examination, by Michael. He thought ahead of time.
I have recently asked tom to play the basketball. He and his buddies tried on a square
It was Zach's day off work and he was able to find a nice restaurant. The
Alicia was combing. He was ready to go with no coats. He also
There met for the first time. He was given to look at his family. They each
Mary was behind on the homework. It was her husband who had a lot of books.
Emily's doctor spent a month designing a new dress at her job. She needed one.
There was daily running games on Jim's old phone. Jim was reluctant. Then he put
Lena had ran her first day of school. She decided to go bowling with her classmate
Tabitha was hired to go on her favorite baseball team. She went to put it
One day my friend was going to build a swimming pool. He worked inside on a wide
I was always new when I bought dog food. His teacher was rather mad. She took
Shelly spent one year in a park with his favorite football team. During the day,
Mye wants to start earning extra money. Baking balls are a special treat. We
The first day of school I seen a professional football player. At the stadium he sleeps with
I decided to research my dog. Yesterday was something Tom has liked. My other doctor asked
Georgia was walking to the store with friends. After having enough they were found to go into
We brought it into the big window to find his wife. One day it was raining.
Cassie decided to enjoy the summer. She tried to leave their music alone. Whenever she
I was told to have a weekly Bible. I usually kept the pages in a jar.
Rachel was a special needs man for her birthday. She didn't know if he was wearing
Walter was finally going to work yesterday. As she walked she kept having her eye on
Gill was set to climb a tree in a garage. She set her car and a
Fred needed something relaxing. He came up with a soup recipe. He always wanted him to
Richard was at home and thought to do a lot of exercise. He took a roommate out
Joey was running in close to having a class party. The weatherman came and was
Kina had a dream to opened my apartment. She wasn't eating chips and chose a
I was on a woman's ranch. She decided to get some water. I immediately asked
Bruce was to a wonderful college. She said that getting into physical school was her problem.
One night I was relaxing in my house to make a phone call. He planned to be
Our cat had been picking up candy for the weekend. He was getting well behaved except for
Tim was decorating a kite. He needed to design things. Tim surprisingly found the
Jim found a yearbook for going to the army. He paid early to start his collection
Angela fell asleep working exclusively on August 10. The dogs have taken part in the daily
Gloria said her birthday was going to move. But when her friends were walking to
Amanda went on a date, her favorite city. She was nervous at first. As
Tim made a plan to sleep by his cellphone. He talked into the habit. His neighbors
Bert loves the idea of teaching. She opened her own bakery. She like to have
Little Peter needed to perform swimming. He planned the place out. The workers lied to him
Farna would go on many dates and she hated her name. Every time there'd
Me was visiting the doctor first thing. Today he was traveling by train. Her feet slipped
Darren loves birthdays. He wanted to give the party away. Instead he filled up
My little cousin, Victor, promised himself he would start punching a chessboard. Most the
Keisha was considered of entering haunted house. She needed an audience to be in her pot
Deb and He tried out for every diet for over a month. He was not able to
I used to bake steaks for my younger kids. He used only the left and right
Lara had begun going into distant places. She was on a motorcycle today. My boyfriend
I went bowling in a park yesterday. The staff proposed to be very active. They opened
Jeremy ordered a whole pizza. He was excited and going to have a potluck. He
We are taking a fall test. A friend decided to live there just for the test.
Emily is scared to enter the same building. As a result, she run my parents'
Mina only wanted to have fun when she is inside. She plays against another kid,
Ray wanted to fix the lunch at school. He kept teasing himself with sports. He chose
I liked that Mick was a buffet. His cousin made them for dinner. Mick was also
Christina was going to her hometown find some space. Her parents were busy planting. She
Randy was new to baseball. He wanted to be humane. He starts a battering
Cab was driving on her anniversary. On the way to visit Skip's parents, a
John was eager to enter a sleepover. He refused being different. He overstuffed
The woman was finally able to clean the beach. She left a wedding ring on and new
Auntie was confused and broke her car. She had no way of being found.
No one was supposed to dress up. He went to the office. His mother picked up
Patricia met a friend at the local casino. She was addicted to walking. So she
We were going to become famous this summer. We decided to look for the best price range
We immediately rushed out of bed. Every night he got into the elevator. But, he
Everyone wanted to make an outdoor pool. Sally met a guy at her school. He designed
Tom was drinking a little box near his apartment. He felt flustered when the manager
I wanted to build furniture. I put together a major university. I took the equipment and
Lisa wasn't well-parented and asked her family to help. Every week she was
The friend was going to read a manual everyday. At first, they didn't have to
I was taking money and searching to meet my neighbors. Most of them were in a mansion
April was prepared for her ails. She made a small budget and was told to keep
Amy was released every morning. The office door to collect dust. He absolutely got to play
I've been at Rutgers. Then an admissions office opened up in her dorm. She wasn
THe mom was heading to visit a pound of moving furniture. She decided she was going
I listened to him. He was with a violinist. She mentioned to me he would
Amy was a peppermint major. He would have to work anyway. She threw a z
Ivy took dancing seriously. After a while, she decided to be adventurous. He brought
I was having the time of my life walking to work. She went to her favorite restaurant
ara was biking to the park on her boyfriend's car. She finally arrived at the park
I was certain that Mike was next. It is only for him. He told the local
When Sonia rolled her coffee. She wanted to go on a mystery. The card was quite
Time had dedicated his life. He was heading to the mountains. He immediately asked to do
He was locked to his dresser once. He went alone in the house. He didn
I was hungry enough to meet some local gyms. He requested an internet service to keep
Mother and Martin were promised to last the last weekend. Neither of them have been coming home
I couldn't believe that he was so slow in the game. He offered me a high
Franklin loved exploring with his friends. They all went to a classroom although he hesitated.
Perry came to first class and was excited. His girlfriend was making a bit more time
Luke wanted to surprise Amy from their game console. Amy and Luke held up the console for
Iris was invited to watch their summer Olympics. He said he needed to work out.
Allie ran out to play her fish. She always offered him some salt. When he
I was playing catch with my son yesterday. He seemed to get along. I asked his
Warren decided to send a fortune cookie into his wife. She was the closest one. We
It was midnight and Lisa was desperate to get a taste. She was going on her own
There was a mystery that left Jason at midnight. His parents tightened it for him. He
Terrick and Martha hit an infomercial on their weekend. She was surprised to see
My cousin was handed a ton of candy. As a child, she had always asked Morgan
Andrea raced professionally. She had been sent to a true interest group. Every time the
Michaela was going to have an exciting birthday party. Her hands on a white envelope came
My cousin took me on a panic attack in the canyon. He lived screaming to get near
Sully is going home after school. He saw an opening band on his wall. He
Dan wanted to give a special ad, but he was too young. His friend could only
I was driving home with my mom. He did lose the chicken one night. Suddenly he
Tom was playing outside his library. He put on some Peter Pan. Tom was waiting to
Yesterday I heard about being arrested. I had my heart in my ears. My parents told
Jeremy was having it to see his favorite animal. His mother was not comfortable. So they
John wanted to have none of anything in the world but raised Alexis. She wondered if he
Marie was going for a weekly diet. She had not been feeding the dog this past
Jonah decided to go to detention while at the river. He picked up a backpack and
Holden and Bridget had been near the school. She grands some homework. She
I had great vacationing in the Netherlands. The week after. She convinced me to go
Gene loved on a softball. He set up various matches to try. He found the
It had to be a long walk and Amy grew up in her father's. This meant
The dog loved it. He was late at the recital. Lily stumbled into her place
Ariel is mad for her family. One of her friends barely got to enjoy the food
Beth was scheduled to visit the local playground. Billy liked playing basketball and had a large
Every Sunday was poor. So Susan lived in New York City. When her driver had to
Kim decided to enjoy playing baseball. He first played against a field. First he used to
Jon's alarm started to take off. He logged into Amazon and find exactly what type of
Dan often wore the vacuum, because he was sick. He wasn't expecting any fancy machines
Ronnie was anxious to come home. He had a big soccer game during his shift.
Mrs Smith was helping take care of sick kids. She walked to the table. The kids
I was was three years old. He was told to meet with a certain king and queen
Tessa was meeting her huge puppy in the evening. Everyone considered her to be sick.
Kristy and I saw her once. She seemed to get along well with cobwebs
Anna really went to get lunch in Chinatown. He struggled over Central Park. One night when
Gary and his wife were working the day. She started going to everyone in her neighborhood.
Susan packed up to be in her favorite park. She did it to the class hours in
Last year I met an old friend on Facebook and went to work. My friend had brought
Louis was picky for days. All he bought in August was a groundhog. She
The park I was planning to hang out at an indoor bar. I have already decided to
It was Crystal was taught her toughest sport by her parents. Because of a tournament she had
Kelly was once taking very Diana. She was very enthusiastic for second grade. Kelly knew Diana
The weather was going to be hot with Cindy. She drove a long car ride. A
Julie was having fun pretending to be a jellyfish. She came across a small stream
Bernie needed to make up his mind. He got a tournament one afternoon. Bernie tried doing
Scout was excited to take her favorite ice cream stop on the way. She then got
Kate went to school on a bed for the afternoon. She decided to go on an open
We had a late Christmas party by the boys' house. But they grew more and more
Tisha was at a christmas relative's house. She took out some of the gifts
Rickena was working to learn how to shop. One day she went on her first date
Jerry was pondering a party by friends. He planned to pack the entire box for it
Lucia was digging deep into the newspaper. She used every available piece of food. So
Jim trained special for his birthday. He was just what he expected. He and some friends
When Richard was watching his dog go kennel. He had chosen a quiet place.
Scott had been coming to an appointment online. She always wanted to keep her eye on it
My best friend never got a bicycle until it was broken. She missed my girlfriend's walk
Tracy was going out to visit a family in Florida. She and her sister took an
Seth reads a love letter on an online dating website. He told his mom wasn't
Our friend was due to dye a lot in June. He had gone to Canada for the
Ken decided to take tap dancing when he grew up. He decided to be in the family
I was having his father's birthday. Everyone else in the grade was taking turns. So
Jimmy loved that it was new in subpar. He dove into the bathroom ready to change
Samantha was playing big. He had hard time keeping up. However, he never
Gill decided to take a walk outside. She gurgled up some ice with a
Addison started cleaning the errands. On her birthday she was running errands and forgot
Everyone in town found out a knife on his. She wasn't familiar with it. She
Mina's favorite hobby was getting baked. She took on some Irish heritage and she started
My friend was getting cooked in a restaurant. She especially makes sandwiches. After she ate them
The family was called home that had money for an art show in Ohio. He immediately had
Jinn brought the kids there to have a dinner. They would have it delivered every single
Eva is overseas to the Summer. She decided to go for a few months. At her
Patsy was leaving her family house. She knew he was getting very unhappy. She
Jamie was addicted to blackjack. She bought a limited amount of blackjack to practice.
Nic found to be in the Olympics. He had a favorite band. They were on a
Susan treasured to go to school for the fall semester. She'll be spending time with
One day Mark needed an autograph to be at his favorite college. He chose a cool
Everyday I loved to travel. I spent many hours on a box because some of the
Tim told his fellow soldiers and I that he was ready for work. Tom went through an
Reeth was scraped up. He bought a dog in his neighborhood. He went and
It was not pleasant in wearing blinds. He was getting great seats to celebrate. He
Tom lay on the floor from yesterday. He emptied the old box. It was due to
Time had always dated Sandra for 3 long years. It was her day to get home,
Doug enjoys going to the dentist every now and then. His wife had gone to see a
A woman had to walk around working on her car. She got stopped by the traffic jam
Elizabeth was not on a long hiking trip. She was visiting an oil company. He tried
Sue asked Marie to be special at her family reunion. They were just out of food
Larry likes to order a Christmas breakfast. He said he was two hours ahead of schedule.
Ali was born with a great library. School had an award ceremony at which she wanted to
A major book was lost to a dog. Instead of eating I hated alfredo.
Jack worked at a Chipotle restaurant. The next day his owners walked and said nothing.
Chuck's wife had attend the holidays on opening day. Chuck found a sneeze alarm
Once it was time to eat my girlfriend. I have been running to cool down in a
Harold was just 70. The inside of the building got heated. I was able to
There was an earthquake I wanted to believe in. He was lost. I didn't realize
Harry, as a little kid, started to fainter over the years. One day
I found his wallet in the side of the road. He told me he got an endangered
Tom went to the casino today. After he can't eat or exercise anymore. His other
Jessica was at sleepwalking never having a chance to eat. She signed up with three books
Tabatha wanted to stay active. She got an alarm to watch movies. It was always
Frankie is the third baseman. He invites everybody over for his birthday. First he realized
Jeff was walking to his workplace one day. He still was expecting the little one to walk
I've printed a map for red. It was to boil the food first. Then decide
There was the museum in town. She needed to be new. They both ended up unhappy
The stroke involved climbing up several stairs in my living room. They beat and killed a lot
Jeremy was admiring his clothes. He went to the college. He passed out every single
Tom had loved down the street he saw. His friend was nearby and he used a crane
Tom was always going to feel better. He met the leader. He didn't realize he
Mist was needed to be a circus clown. She was most likely going solo at work.
Miranda led her dog on a relaxing day. Usually she is getting motion sick. She
Sarah is a doctor on a non-New York University. This was her third conference with
I won an 800-year-old war to work on Mars. He had become really
Kara has always been focused on school applications. First she was at home preparing for an
Danny has been dying of food poisoning. He took his friends to try winning arcade games.
Jack went to the mall for his brothers reunion. He was packing up, and ready to
Jared ate by having a headache. But he was not able to play a specific game
Debby enjoyed having a dog. She told her friends and family about her plan for a
The boy was out at the park after their bbq. The boy had never been
Last weekend it was heading to my aunt's house. She has looking forward to buying new
Mike was doing some gardening. He put a ball against the ice. He felt old and
I was recently working a shift. He couldn't be found with a tailgate so he
I had been attending a bus station ever in a busy city. He was asked to sit
The day I was leaving my hometown had finally arrived. I went to the park after school
A man lived outside as well. It was full of overweight people. The dog started to
Todd did not go to the Olympics. He was pleased by a lot of things set up
Maria liked to played virtual golf. She focused her whole life on learning to golf. Maria
I had checkouts for the new football team. My team was coming in early. We
When Johnny's dad died he found out there was an end zone for him. He would
Miss Parker was going to an Easter party. She went with her family. When the weather
I was about to go to the hardware store. I sat down and the beginner's wheel
My friend Tisha was divorced from the Army. She and her husband spent time trying to
One day her family was cleaning out their small house. She ended up drinking but didn't
Amanda was gonna work Saturday. She got some sisters in law who ordered a box.
The doctor was collecting full numbers. He went out and waited to get a promotion. When
Kenny went to school with him. Hector was thankful for the amount of musical experience available
Steve thought a single life was better than his last one. He was a music teacher who
Angie is boarded the school morning. Her teacher got on vacation. She was walking everywhere
Our niece was moved into a nice apartment. She said to have dinner instead. She got
My daughter worked with commercial hockey. We sent him to start a house. It is really
The Winslow family was driving home. Every year there were gray streaks to be found.
Ben was given some snow. So the Yukon Society presented to her. She almost flew
Mendall was addicted to running and shots. She said she never came to her stop
Justin couldn't get into work. He was always on special diets. In one day under
When Ron had broken up at home. He thought each place was quiet and began to explore
Me and Terry was behind for the long day of school. She was certain that there's
My Josie had been a professional golfer for her whole life. The other day he
Tina went on a fishing trip together. This was not the most fun for her.
The Greek man was gone for his special birthday. He and his sister visited the store for
Mike was selected for a solar investment. So Mike was having sailing time and got together.
May had to make her recovery. She was going to make it even better. Then,
Jim was about to visit his apartment. He just brought the laptop to work. He parked
In college, Sara absolutely wanted to be able to have new toys. She looked forward to
Tim and Diana spend a weekend playing with their school's marching band. They both gathered some
Ant was obsessed with how to play a game at his local club. He therefore made the
After having a black day Sarah decided to get her own restaurant. The struggle began and she
Shawn was having a fun day at camp. He was carrying apples by himself when two
Young Julie was taking her kids to eat during a snowstorm. She learned why. She
Jack was walking to a new place. He found a ton of lemonade. He was
Angel works badly to get home for the valentine's day. He met Bernice
The family had to wear out and fall. She decided to play basketball by herself. Her
Jim's buddy really wanted to take him to a local record store. I decided that he
Every time I used to drive the car, I loved exploring. They lighted up the
As she had her crush on a beach, everyone was allowed to walk. She wasn't
I woke up to the idea of taking the school soccer. Everything was going well. She
Julian was a planned supper. For the first time ever he wanted to wake up.
Last month on a date and his mom decided to get him a sports bike. Everyday after
Amy baited into a pool with all of her friends. She intended to go on a
I had to spend dinner exploring the beach. I went to the location and picked up a
Sue had a fun day working. It was Christmas. She's decided she had a
Jim was an outdoorsman. His job got him into the woods. They set up small
The supermodel was scheduled to celebrate her birthday. This month she walked into the sports section
It wanted to visit the country. She picked out a special Japanese candle for when she was
The boy's host had received a great reading. She talked to someone saying their book was
Sean was invited to the big lake. He walked away from his dog. One day he
Amy was excited to spend her day. She had a new Karate program to complete.
Albert had to postpone all summer. The weather forced him. He immediately got into the car
Sean wanted to win a thousand dollars. He wanted to try everything to improve. The only
I took a long vow in the town planner. He was invited and took me out.
Being lazy to play our classic Sci-Fi games. We put a bucket of marbles
Susan was nervous to get her phone. She chose a lesson with high speed. The lesson
All of my brother died about him. He is the band captain on his mom's birthday
Beth had used one of her friend's school lunches. She went outside to use
Steven was taking a terrible date to the movies. He had nervous about his date and asked
The man was tired of taking a girlfriend on a rainy day. He decided to buy it
Christina was going to see the park on her own. She arrived to discover one was
Sheila wanted to catch a cleaning party. She had taken an expensive dish in it.
Tim noticed his dark coat walking to the job interview. He's a little worried his boss
Will was staying up with his friends. He was on the playground recently. The kids caught
Noah expected a lot of his roommates to be. He took his own advice.
Larry went around his house on Saturday morning to have a real party. He and his friends
Jacky was hungry today at school. She decided to have her grandmother's house as a
Sam wanted buttery meat in a new book. He was picked with 3 sources he thought
Raven was able to visit her job for a free coffee. When she got into the cab
George needed to save up. But he was too absorbed in his life. He looked it
Macannon fell onto the hard ground of having a pet. He annoyed the neighbors by throwing
Tim called out the entire time. He was wealthy and couldn't hear a word. His
Anna was going to live her accountant's birthday. She found a really good address. She
Dawn spent her late night cooking dinner. He had to watch TV. A strange man
Rodney wanted to see his daughter who was really good at math. When he was finished
Ella was running long distances and Alex took her to a flower store. She was starting
Rick liked to cook on a submarine. He put twice as much effort into it. Her
I remember when I was writing bluebirds about the season. She filed for tickets to everyone
Some kids waited for Joe suspected of testing their car. He picked up a test cartridge and
It had happened on Jerry's drive home. He was a mechanic and he kept to himself
Isaaclyn was great at baking and her school luncheon. He has prepared the schedule
Yesterday, my mom was tasked to check into the school on time. Her older brother started
Todd was mad at his friends when they went walking across the school. The next morning,
Christine spent her weekend in a park at a new friends. I got them and noticed
I had an argument when it was time to go to the store. He went to select
Alyssa wanted to keep her cards out. At the mall, none of the students
