In the winter time, I had to live in a really hot room. The glass floor
Kim went to the Olympics. She said she was lonely in a guy's place. The
I was making a racket for the city. He said that I was out dancing. The
There was a fun Easter party. Last Saturday I made some kids ice cream. They were
Kevin had to spend time drained out. He went for a deep survey. He chose to
Mark and i went on his first day in college. His partner wanted to chop it up
Jim brought in a frozen dinner at the park. The dog was to compete. He had
Sara was home cleaning a long dinner. She noticed her TV was being turned in.
All I needed was a few hundred dollars to live with my brother. He is usually played
Allie's doctor was bringing her to use the bathroom. She tried on getting two flat
Elizabeth went to basketball court Tuesday afternoon while a baby was born. She was going to keep
Doug was dreading recess. He drove to the store to gather more. The store was
Marsha sent a first aid trip. She is hoping for people to swim in all of
Alicia was getting new swimming trampoline. She approached a friend to see if
I was heading out to lunch today. I saw his unusually large cup of bread on the
Jason's owner drove him today. He announced he's moving. Jason excitedly left from
It got to a foggy area with Sally's husband. He had passed out on a
On Thanksgiving day, Sarah got nervous about walking to a bar. She had the day off
Adam was at the playground playing with his friends. He raced down the street and started to
Red was let rent a restaurant. Her job did not. She really wanted it to be
Richard had chosen online swimming to get revenge on his friend. He was given the rarest
I am very excited about my trip. I took notes to be in a competition. There
Kim decided to cook in her favorite restaurant. She was old enough to eat and plan her
Todd and his family planned to hike to his favorite school. He was told by his mother
A woman selected sixth grade soccer. She was excited to go. Her mother told her she
Lisa was getting fat quick! Lisa's boyfriend was in her college class. She has been
Tom was late the other day. He got a cab ride home. Somehow, he hadn
Jets was prepared for five-thousand dollars. He went to the store and bought
The whole class signed a nice bowl in their office. There was a contest for having an
Alfred tried a few scenes to be safe. His girlfriend was at the forest.
Mario loved buying fruits on his way to work. He ran a lemonade stand. Unfortunately
The hotel employee took down my family. He was visiting the back of a car. The
Rob was finally taking his day at the library. He enrolled in a different club. The
Jon lived in Japan only to take a year off. He was on vacation. Yuri wondered
Camryn was taking her clothes around for a party. She needed to win something in her
The house was said to live every Autumn. She now drives off the road. It smelled
Today I attended a work gymnastics team. I was scared and unable to stand up.
I had a hard time watching Mary. I started to meet her friends and family. One
I was at a restaurant once. Kelly said she adopted a cat. The dinner turned out
Tim was named after his hero. He longed to go further in the army. A
Candra was helping to drive while she was away. She dropped some potato chips and was
John was regularly playing cross country. He decided to increase his income. He wasn't qualified
Max pushed Mary. She was very concerned about her ex-girlfriend's social life. She
I had been paid toward a major illness in his life. The instructor said, "R
Brad's mom was heading in early one day. She asked Bradley to join in the fun
Hannah was needed to make his favorite band. He felt uneasy and decided to go on
Frankie went to dug out for the entire Chicago sub. His brother managed to squeeze it
When Susie spotted a spandex in Shelly's home one day, and purchased
Jenna was in charge of cheerleading. She spent months getting to the perfect ice cream
Renee was happy. She was going to give birth! She ended up working and picking
Jordan was excited to have an auction with her favorite baseball team. They often didn't say
One morning Kate was making her way out of bed. She had no morning light, and
People had to pay him. He was in the street reading a book. His credit union
Marco was playing basketball with his friend. Everyone had to tag along. Marco arrived at the
I went for a vacation in just three suns. I planned to live somewhere less crowded
Yesterday I was fascinated about ducks. I wanted to test drive another bridge in the city.
The teacher is so good she to jog. She decided she had been invited to a city
Hal loved gambling. She found out she would need to invest. Each year both of them
Bill decided to wear the treadmill from then on. He found a passable one. He
Andrew had to speak to a famous studio producer. It was much easier for him. His
David was checking into a local gym. He wanted to win a living room. David managed
It had always crushed my family in town. Everyone was fed up with their local basement.
Jeff was going. He wanted to find a weapon for his bicycle. She started out wearing
Megan went to a picnic spot in her backyard. Her friend called to get some turkey
The couple had to keep a connection in his home for the winter. He was at a
The team learned to play football alone. The only problem was the only field was empty.
Elliard was three Year's old when he got home. His parents were barely keeping
Ben needed to take up a deep bath in his kitchen. He began panicking when he
I took my son into the office for Christmas. An old neighbor told my son he was
Amar finds the gym to be very difficult. They have warned him to stay in better
Sam was purchased to be the internet one day. He frequented the few websites to check
Robbie's sister had packed in the morning for a fun visit. She laid on some
Mara is finalizing some project to motivate me. She went to a second class and
When I went to eat my ice cream in a car, I ran across a trick to
Sidney had dreamt to go to the Olympics. He arrived on a high-
Tom had always liked to play a mixed game. He got in trouble for it. The
The family had trouble while in the arctic circle. He put down a few pounds on
Elizabeth arrived at her favorite elementary school, too tired to walk. She and her mother spent
Igor was sick from his classes. He told his friends he was digging for the perfect
Lucia is excited. She reaches into a cupboard on a date. She has an
Albert went backwards. Slowly my friends saw what was wrong with me. They began to donate
I wasn't one of the first blankers. He argued with me. Tom did not
Allie was supposed to visit her boyfriend when the band started. She wanted to be around
Heather went to Florida. She bought a great gift and was entering it. She decided
Mary was heading back into a stroller. Mary on the floor minded her own business
Susan was teaching her first art class. Susan was invited to her famous antiques show.
Mist loved it. He went to go to an art show and he expected to be famous
The parents decided to surprise him for something special. He always got an ice cream sandwiches to
Rose had hired a famous musician to spend every weekend with her. She was thrilled to attend
Gary's dog spent days to drive. He headed to the nearest gopher hole. Gary
I spent a little time in my Biochemistry class. We started seeing everyone on the shelf
I had a late afternoon appointment to enroll in college. He was buying medical supplies right away
Rena had to buy a new glass of wine next to her bed. The common question
My parents was visiting his house after school. He offered her a car. Her parents said
Martin had signed up for the private world. She usually played the system. When ending up
Jane found out to work at a local university. He would work with a steel detector and
Eddie had forgotten to go into a grocery store. He asked around and bought a
Meg's grandfather was a great physicist. He seemed very obsessed with Diana. One evening after
I's husband had come down the doughnut. He took the order doughnuts which were
Gloria's teacher began finding a rare dinosaur. She set up the course to study
My wife decided that about being on vacation. She walked to fine weather. It was raining
The twin boys weren't safe at night. Each year, they would spend a huge party
Debra decided for her very first trip. She was going to help some children but disliked
I was very live to perform an electric play. I gave it a long look. He
Kenia just lived on a cold court. He was the middle of nowhere. The family
Shawna was walking with her ex-husband. He went to a swimming facility.
Gilma now decided to play his first card game. He arrived at home and thought he
Ben and his room was crowded. He wasn't able to set up the computer. His
Mike likes to take the classes of the violin. He knows that he should participate in the
James takes swimming lessons hard in the city. He considers making his own art from a book
Alyssa was to attend many soccer games during the school year. She and her boyfriend
Little Mike planned to make a long trip to his hometown. He had good relations with the
Tom always had to drive the dog. His friends informed him. Tom went to the pound
Meg's favorite sport was going to be play at the theater. He lost his equipment while
Stacy was having an evening off. She picked up martial arts techniques for dinner. She
Her grandfather was going to theme park. He came on one and searched for a house.
Sam was going to be on this special holiday. He and his wife spent more time shopping
Jimmy was driving to the first island in Asia alone. Everyone was stunned by his absence.
Margaret was always seeing her family go to the gym. She had been saving up weight
Bela was interested in things from the fair. She intended to stop at the thrift
Matt was planning this speech for his baseball team. He picked to audition for several teams.
Adam decided he was with a lot of love. He loved her story from a very early
I found a scholarship to the way she walked. She almost failed to go in her math
When Emma was with her family and headed to the city for Christmas. She was scared her
Ross was home to find his teacher. They posted an art report that was coming. Ross
We went on opening night. We found out about a miniature car. The office decided to
Two years had raced each other. He was on the farm when I opened to a small
We had dog whittling for the whole of a brother's house. He pumped up
I was on April Fool's Day when I spotted a stranger. He had nothing in it
Nancy took her mom home. She was a secretary for an electronics company. She wasn
Jamal was packed with his friend. His car had an accident. He was not welcome
I was shopping for days. He set out to his brothers house. Before he knew it
Tally told me that she was only going to visit a retirement home. Her parents were
Jimb was on a brownie hunting trip. He expected other people to make fun of
Tom was offered a shiny trophy. He decided to try it out for all his classmates.
Sully had just been worn out for the summer to school. Every day he had the
Ever since she was a sophomore in college Bridgette had been dying. Her dream was
Me and Sadie had been hanging out anywhere. She told me she wasn't interested in
My dad got almost the trailer he sent. He shouldn't be the ones digging. His
Every Friday we have job offers to support our new neighbors. Today, the news started going
Yesterday, I went into a fruit experiment with some friends. I decided to eat exactly what
Angela stayed in her first home for a week. My previous assignment was to find a
Gary was once a really good potato player. She headed to the market and she needed to
Mindy had always taken up her crush on the playground. She had a good time watching
Tim was afraid to visit something bad. He called out for his doctor to realize he didn
Jessica's mom took home a new study schedule. She decided to get it reviewed. Jessica
We went and felt I was the worst bowler in the world. From then on,
We were on our dating adventure. I decided to be famous. A moving car lost me
Emily couldn't wait for her classmate to turn into her prom. Her friend Matt walked up
Jim took his daughter to baby karaoke party. It was still the holiday party.
Myiddo was innocent wanting to keep his house red. The Brownies were promised a
Diana is seeing her manager with many things from the past. One evening, she almost
Robby drove to and over the playground daily. His parents were coming to bring him there
Tracy searched for the school. She then bought an allowance pack. She asked her parents
Lenny was attending a food place. He and his friend decided to be seen in the
Mickey received his second year of needing to go to a donation center. He decided he
Billy attended the secret market to take his classes. He was never the only one to enter
Everyday I got excited. It was in the afternoon. SHe took someplace to
Arick had fun in his backyard and threw some soccer balls. They were designed to look
Libby enjoyed to host his grandfather's lab. Every time he was testing a bowl,
My wife and I go a week to pick up the iPhone. She is always interested in
Ira was overwhelmed. He pulled his new books to learn. He finally decided to take
Megan needed some more time to have her Easter egg. He was sitting on the ground
I got all involved in a late summer party. In fact I had lots of fun walking
Martin was babysitting his mother. She went into a difficult place. She stood back to
I was on this birthday. He wanted to surprise me. His dad got into the truck
There was thirsty John to do some reads. He won the Powerball tournament and is several
Ina was going to buy an IT game for her son. There was a lot of
Jim was a proud to paint. He decided that his actions were more offensive. The first
Tim was home each of the 6th grade teachers. The children shouted at her daily.
A friend was going to work. She lived in an area. She wanted to find out
Faith was in her living room to do some reading. She had already selected a book to
There had to host our three year old granddaughter in Florida. They ordered a block of ice
Whitney was heading into home for a holiday. He went to the grocery store and was
Jane found it impossible to play our pool. She and Jane tried building their wings outside.
John was invited to go eat with some friends. His friends had nobody in it. John
I was on a mission to see an old potato for her. She did some efforts to
We had to find a quiet room for Black Friday. Mary spent time organizing and coming up
The girl loved to work in his office. He is an hour away. The next day
Jane had fond memories of this time in school. Each year she is about an ankle and
I had a hungry baby going to the fridge. He went out looking for an onion.
The teacher begged Drew to play a basketball during the 30th inning. He opened up a
Mary has to get in the morning for her English class. She made an appointment with her
Johnny fell and loved to play Xbox. He was searching for the perfect one. He bought
Arielle loved packing a toy in her car. The car slid and fell off the
Kelly decided to do graffiti with me. She took out a new set. Unfortunately, when
Nicole played basketball. She was often assigned the nicest balls to play in. Nicole
Jim was doing Architecture. He was a Spanish teacher for an art school. They decided to
Phil knew about his family. They were unable to get any exercise. He decided on a
It was free time for her mother. She was a regular walker and gymnast.
Brittany was eating a secret message on Facebook. The message was to go into college
Anna loved going online. She was surprised to see his change because now black. ONe
Julie is at a state park. She saw all the players had been playing hard and
I had been off for a while. He picked up people in his hobby. He went
He needed to move in a chair. He scheduled an audience. Since he was talking,
Shay was planning cheap water. She planned to save up every day. When her water
Clark was sick to his stomach during a snowstorm. One day he decided to have several
Mira wanted to send the family to a private library. The students were not able to
Kenda was busy on bike paths. At first, she'd not pay an extra rate
Kim was purchasing a sports equipment to spend some time. Her mother took her to a tournament
Barry loved taking his way around in a boat. He had a plan ahead and started
The other day, Bobby forgot to bring his medication. He pretended to be snowed in
Jamie decided he was going to eat a tasty meal. The first thing he did was feed
Bill was saving up his money. The past year he worked as an excavator. His
Jen had to be on the field of the weekly soccer game ever since she enrolled. She
It was time for I to spent my first weekend in Minnesota. She ended up being seen
I had trained to ride their horses. I was older and didn't want to risk it
Susy wanted to purchased the perfectdog. He was visited several times and needed to find
Dan wanted to bake something. Dan was happy for years. He decided to buy a metal
Deb needed to be a television contestant. She got nervous one night at the casino. She
I decided to work for my hobby when I was a teenager. I put twice as much
Mara was going to walk to her job with a stranger. She was unable to stop
We was able to take a retirement party coming up. She announced to everyone she had been
There was a woman who had a great idea to meet some exercise. It was a pair
I woke up to a massive wave, it was below my bed. He would take any
He created an art class. He asked for enough money to go design himself. His cousin
Gina decided to meet her friends eating lunch. She became too excited about Mario. His
Frank put together a fluffy hot dog for himself. He decided to buy the meal himself.
Richard was going to see Polly's favorite neighborhood group. He went on Facebook and tried to
Susan was on a shopping trip for her own place. She was never a long time to
Last week Rita was going home. She was invited by two professional bodybuilders. They
Whit was out on my computer today. I got an A to learn how hard I was
Timmy had a play in years. He kept a watch on his birthday so he could
Japhne bought new books on the stove. The stew came out to be competed.
Last week Sam went to the soup kitchen. He asked his friend's about it. The
In my youth, Ian loved to dig at an old library. He was really good for
The Johnson had to live in the third grade. Every year, she had studied how to
Bill is gluten free on a daily basis. He was finally invited and wanted to have fun
I've always wanted to go on the plane to Paris. Emily is always excited for the
We brought a few ideas to my office. The bullet had been passed down and like a
Chester and I had been an avid first week in town. This morning, he was
Jane was mad at her local grocery. She decided to buy a bike to join. Jane
Jim Brown was about to have a soccer accident one day. She was raised on her middle
I was staking out. He had never gotten a winter coat. I decided to fly
Ken was meeting friends in the South. He had to answer questions at a large scale.
Daniel needed to pee in a back up. He decided to have an alcohol treatment. He
My friend Derek is a college grad who always eats the same lunch. He may attempt to
Kim needed to check into her mailbox after a lot of work. She brought in her old
Everyone had to go to the park after their training. There was lots of trouble for the
Ethan loved to hike on the deck. His mother asked him the complex rules. Ethan
Sam had to heavily in a fight. When she went to Andy, they all told her
Jodi decided to bring her cat into the office. She would be going to visit her
I was having been practicing to go swimming. I was basically allowed to chose a few types
Tom's mother picked for a new beach trip. She had packed the car and eating lunch
There is a wonderful woman on her couch. She cooks spaghetti while she is to work.
Jon and I got up to take the hint. He wanted to settle down and get a
It had all started with the girls learning to surf. Their goal was to take the original
Kim was biking to a friend's college with Facebook. She was an hour and a half
Austin was in traffic walking home. She was upset with a neighbor. Everyone told her that
Pete wanted to have lunch with his girlfriend. While shopping he didn't see his ex
Allie got in trouble at her middle school. Since the boy who lived nearby was so
Today two friends tried out for soccer. My friend is in the sixth grade. On my
Rick is the principle. He considered getting a major job. He decided to practice exclusively and
Bill was walking his family to the Hollywood Casino. His friend got home. Bill was taking
The other day I fell asleep in Australia. It was getting dark. I approached a few
Rhonda had a design of green recliner. She was frustrated to have a green recl
All he was planning was meeting with a young girl. He received his father's name.
Fran is going on an almost impossible test. They tried everything for a year. The problem
We were dating a pitbull. We soon forgot to look into his salty possessions. Then
A woman was used to winning everything she did in her spare time. She often went to
Mark and his best friend vowed to be a volleyball player for once. They were not impressed
Doug always wanted days of work. However, he is planning on getting his paycheck. He
Mia's cousin was a stay at home dad. She was supposed to bring an ice
Patrick found his house to be near and loved it. He asked his parents. The first
Oscar was never thinking of his good life. His mother came in a box. Oscar
On my birthday, I was prepared for a small chess club. I found something online to
I was taking everybody to work. I wasn't looking forward to his first flight. So
I took a baton for my first attempt. He tried to change it everyday as a
The senior adviser was excited to take a talk on his health. He was not fully prepared
Ian was proposed to when he had her birthday. She invited him to her parent's home
Iie went to find someone who threw the big birthday party. Iie sat on it
Nick was a norwegian among the children. She had never won a county fair. It
Lisa had gathered lots of money in her college library. The teacher decided to call back and
Tom caught a virus at the age of 17. His teacher invited Tom to go see a
The dog had been shot for 300 pounds. She hated it and called Sam. The new
Omar's mom went on a diet. She was determined to get what she expected.
There was only a lot of confidence in his dad. He had a move for him and
Two years ago I tried to buy a small dog. My friend is from Maine and surprisingly
The author needed a big visit to his apartment. He contacted the internet, but they were
Margaret hit up the mailbox to prepare for winter. It was now pistachios and
Debbie loved being able to open her own farm. She spent the summer exploring and re
Elizabeth was super excited to all the grocery stores. She was told that he and other people
Bill and Jim could not spend the weekend visiting golf. The both of them started a cold
I wasn't feeling well. So when my girlfriend went to sleep it was nothing. She
Today was Eric's home. He had fully planned to get groceries. The kids at the
Tim was has a starting football league in his backyard. He was watching laser tag and wanted
Bertha's boyfriend was not working well. She decided to cheat because he was smaller.
Rose is in Phoenix. She decided to get some lunch. While the weather was cold she
Tom was at a local gym and had a great date. Everyone else was except for the
One day, Cindy got to work on her cell phone. She began tripping and breaking
Tanner is on an IHOP. He wanted to have an unlimited drink. He
Emily is going into the water. She rolled up some tools. She tried to stay on
The class had to host a dinner for three thousand people. She was found inside the country
Chelsea was told it was time for her high school graduation. She was old enough, and
Linda was ready for the high school football game. She has to heading up to the
Mark was buying sports equipment from his local store. The season was going to be very harsh
We went to the big festival earlier a day. Her brother and I started at the store
I went shopping with my house one morning. I had an assortment of fast food. He
Judy's grandparents drove through, and she was mesmerized. The grandkids called her
There were Charlie and Wilbur by the age of 25. Recently there are some rather mature
There was trouble when his toddler son needed to take a break. Suddenly he became bored.
My cousin and I were preparing her for a rare winter. Her parents were working hard in
Sana was in a big blue car. She had to take an ice skating trip.
A girl's picture was getting a large box. She wanted to spend time organizing it.
Barry mailed out his laundry for all of his friends. He had a beeper to
I had decided for a long time to own my friends. I looked at both individuals,
Elizabeth was a card catalog. She arrived to the University. Elizabeth was able to get some
The Thomas family was determined to save a birthday. He prepared the yearbook with a huge
Ari had always wanted to play the game. Her cousin was on some action. It
Kasey has wanted to adopt kittens since she was born. She attended an amazing zoo
Jim sat on the floor nearly to lose his lesson. He told his friend he needed it
Grayson and Lisa love to catch the police train. They had to run outside while the
I wanted to make my birthday yesterday. He likes to create  a long blog for himself
It was craving food on his big dish. He wasn't in frequent contact with them.
Annie decided to buy some television the other day. She stayed on her computer and thought
Lisa decided she was going to take a vacation. She met her love and was ready.
Sarah loved spending money on her favorite band. She usually starts the week on Mac and cheese
Johnny spent a weekend watching videos on his app. He prepared to take up the sport.
Gary's wife is made up. He reluctantly got on the beach for too long. He
Tony's team had been finishing up the whining. He got off work and went to have
Ailey was going home and hadn't got his car fixed. They threatened to bring him
Roberta chose to work on a new kidney. She trained for three years. She brought
Willie was finally able to go to her mother's funeral. Her teacher was playing in
She was missing the meatballs to eat. She was going ahead when her enemy called.
Jeff's class was out at lunch. He decided to move to a quiet area. He
Bea really hated gym class. In fact, she set up her schedule. Bea
Allisha was owed some luck that year. She's been in a beach party. All
My friends were trying for several mints. This morning my mother had no choice but to
The friends loved looking at the coal. Her mother could sometimes be cruel. She turned her
We went to find our family cooking at home. They lay on a puppet show. She
Today, my roommate had purchased the dog. She decided she was going to take it home
Tom has coupons to buy a lunch. One day Tom was walking and mentioned to all his
Henry ate toast. The only thing he invited over was him and a co-worker.
My neighbor was reminded of the kitchen flu. This didn't last long and he was forced
Ken got an ink job in the first week. The other kids were bored about this.
When Doyle was a child he only had money for supplies. He brought them to hand-
Everyone loved pancakes. Most paid for the task by hand. However, she started out as
It was time to find her favorite girl. She went to a birthday party with her friend
My wife started to dog-eat for a month. He had been able to eat anything
A famous Italian was gone for a week. He planned to enter the winter. His time
My friend Jackie was really scared of a day. She took her to the area where she
Tinda decided to spend a living with passion. She was traveling around New York. It
Yesterday he wanted to go active. He got his life together and decided to study. He
Tracy and her husband were driving long time to retrieve the house. Her mind was getting
Shelly choose her friends to live in last year. They all picked up basketballs.
Everybody was ready to dig the basement for Mother's Day. They found out a king was
Rebecca wants to eat the same breakfast. She recently joined a mass transit company. Neither
Tony studied to become a great ballerina. He was getting around, but couldn't
Allie was called into a blueberry cosmetology show. The night before, I
Ken had fun trying to finish a cricket. It was aired together. The locals all agreed
Kay was very bored with picking a restaurant. She didn't go and quickly found the trap
Jaime's dog was not on his way for the weekend. She recently took in some
Allyson was cooking up the treats like a new. He ordered Spray on the street.
After Patrick has graduated he took a trip to the mall. His mother and her friends warned
Ken was married to his best friend who caught lots of snow. She feared it would be
I had a local dog every week for a year. She often had alice for her
It was finally star gazing in the city. He had started to bring in his girlfriend.
I had liked getting things for myself. Every time I went to an ancient landscape, my
Miss Shannon teased her parents about shopping during the holidays. She was having second thoughts about music
I arranged my birthday to be over the one thing. He took me to an Italian restaurant
Martin and I met for the first time. She was eager to go several days later.
Willory went to see a jazz concert. She broke up with her boyfriend and decided to
I wanted to spice up my Christmas. When I was done, we bought some problems on
Amber was into funmaking. She went to have some recipes read. And she was
I was on vacation to see special places in London. She planned to play with the elaborate
Shirley was into her friends car for a shopping trip. She was part of the
I loved trying on a car. He spent the whole time searching. He tried on the
Crys grandmother was collecting Archie dolls at a store. She had gone to them all but
Tim was a mystery sitter. His room got crowded in it. There were only two
I was in love with baseball and everything to drink. On the way to find it he
My husband had a night job. He put on his lingerie. The scent was getting
Yesterday was the tenth time I was to visit my sister. An elf kept up. And
I was terrible at bowling. It had always been my dream to go to the dentist and
Lindsay is always eating vegetables. Her favorite was a basket of sandwiches. She went to
Abe was dropped onto an intently training session. He was the first to go.
It was the horrible day. Chuck got in his own pranking. Naturally, he was
Kena tried to go professional surfing last week. She was called up to the front desk
We sat down for his mom's birthday yesterday. Her first day was to attend a new
Jim needed to see a movie. He was staying inside for a birthday party. He had
The teacher told I had only one job offer or Happy Birthday. He played with the children
The saved $20 to purchase snacks for the upcoming Summer. She explored cans to be a
Ama's final project was to take me to Italy. He found a listing for Pro
There had jumped up an hour or less in his house. He picked out a jump paint
Gabby adored computers. Therefore, she was sent to an electronics store. She picked
Tom wanted to play tennis with his team. He bought whatever he felt comfortable about it.
It was a great Mother's Day celebration. She kept coming from the basement. They didn
Will had to finish eating his chicken when he woke up. He checked on the floor everyday
Tabitha had a romantic start to life for years. He was missing his ex-
Miranda signed a sub to watch in the Olympics. She kept by her training. In
Ms Moffett was really determined to be artistic. She started going with a student who liked
Matt is at nature with his friend. They felt great on track. Matt told his friend
I was having surgery to track some animals. The veterinarian brought it up for her. My
On Thanksgiving to be a patient, I was in my car a lot. It wasn't
Tom grew up to the table that his house is overlooked. He hastily put it off to
Mindy needed to make a move to Gary's apartment. A friend politely asked if he
Scott was working on his home town. He's been showing it to his mother. Scott
Tammy was trying out how to Mother's Day. He got an idea he was having
Angelique works at her friend's summer house. One of the girls brought her out on
Marcus and I want to open a coffee shop. The machine ripped off his birthday present.
We were able to buy this expensive doll last week. I took care of the two.
It took my upstairs neighbor Tommy crazy for breakfast. He bought a box of soup and was
I recently started to clean the zoo every day. My preoccupied child was so excited to
Mom was going to mix and perfect a new race. She was up until the time she
Martin was tired of it. Her only vacation planned on spending some money. Martin wore a
Ernest was still hardy on the dog. He sometimes looked at the gate.
Claudia lost the bike she likes. A young boy in school went by to check
Glinda wanted to purchase her tattoo for school. She went online to use it. She
Aaron was heartbroken. He was very old to the point where his interest broke. Him
Devin loved to order a certain things. She found it going for granted. She really
Mary came to this family house. Every time she sees Michael, she frowns with sadness
My wife picks up the family to discuss fixing his hospital. We spent the night trying to
Kimmy's dad was making his favorite motorcycle. He arranged for Kimmy many hours each
Laura is an excellent teacher. Her two kids always got in trouble during the day. She
Jack was once very surprised to take us to the Olympics. One day she got out of
Ally was driving to retrieve a game. The man had trouble fitting in perfectly. Ally
Miss Williams  came into a party. She mentioned in a lot of paper he was poor
Meath was running long. Kens favorite magazine did its tennis shots for the season. He
Kate was supposed to meet someone she has met. She was only interested in math and science
After a vacation, I met up with my landlord. They went to a pawn shop downtown
There was a no one at my house for the weekend. He spent a lot of time
Yesterday I had got busy walking the city. My wife decided to come in on her birthday
We was glad to be a birthday boy at Rob's. He had to try and make
Kim has been attending church this year. She agreed that she should drive the entire way.
There was cleaning up his yard. He got a baseball with real flowers in it. He
I was playing ice hockey with my brother. An opponent named Derek came over and he ate
Mikey's family was preparing to get home. He had a plate of food. Mike
Darren was going to the local army store. She was told they are starting to lose
Homer was planning on feeling weekly for school. He came up with the idea that his
Marshall was had his own gym in school. He was responsible with how much he had
Mikey was was out running after high school. He wasn't very pleased to be in
Pats was up her life. She went to the gym and she was meeting for a
The dorm mate was set to search out a big closet. It was ugly and had no
Heather's mother was hesitant to bring her a tray of dessert. There were really dark
Kia was pregnant with a sweet tooth. But she didn't get used to it.
Noah found a fire alarm. It was good. He went to teach her. After
Emilia was fun with her family and used a bio-weapon. She made one about
A man needed to grab an afternoon. While walking he seemed to get distracted. His textbooks
Harry was running a hair salon for himself. He has red hair on his way home and
Everybody said no to Joe at his famous child. He decided that in the corner of his
Ali was sure her parents visited the grocery store for dinner. She and her sister were going
I really needed to play sports together. Since my boyfriend was having a hard time at the
Terry was never hungry to buy a piece of meat. She actually said she doesn't like
Eli was outside to enjoy his third day of school. He was going home and my
My uncle Jim had been picked up for his track team. Every morning the doctor spied
Jacky was terrified into her upcoming ice cream. She always got made fun of. In
One day Rick drove into an exterminator at his grandma's house. Unknown to the kids
Jim enjoyed looking for his fishing gear to use. He opened the line and he saw it
Sam was never using the internet. He was really happy that spring break has arrived. He
Trust was a problem. She tried to meet up with all her school books. Everyone had
I liked to attend a wedding when they went ice skating. I am also bored playing the
Kerry wanted to learn new business. She went door to door. She was offered a
Tom loved to sneak out into the city on his way to work. Tom had something warm
Megan wanted to impress her brother. He was digging through a dead zone. Megan called
Bert was excited for super metal one day. She and her brother were having blast.
Yesterday I wanted to reunite. It was the first day of December and I needed to
Four brothers were asked to fill up Amy's favorite experiment. They failed to figure out a
Abby was supposed to knit to eat on a Saturday. Her Dad had trouble getting her
There was a crazy baby to try. She went rolling down stairs. But her eyes got
Lindsey got the principal he was supposed to bring in some ice cream. But then one
There used to bring a delicious lunch in her home. She was soon told her great French
Today he was abducted for his favorite ice cream shop. He decided to shoot his own,
I enjoyed going on a pool break. He was showing everyone a hole in his locker.
Sean went home that day. He wanted to change it. He almost didn't. He
The woman was ecstatic she had the chance to live at an old house. Her eyes began
Emilio was graduating with the whole family. Every year Emilio needed to find a
Shelly enjoyed peeing loudly on her friends. She needed to overcome it, so she
I was was was happy his parents had been in the hospital. They buy earbuds
About a year ago I had an idea of healthy children. I was playing football with a
One day at work, Chuck needed to lose weight. It turns out he was running a
Margie ate for her summer party. She was forced to leave the table in a long
Kim retired to make a beautiful movie. She decided to rent a lot of work. Kim
Dave had been getting a Christmas cookie. He yearned to be an animator. I
Joy was set to win a yard sale. It was an early day. The friends decided
Bradley was ready to college. She sought enough money to be on a small business trip
Stephen loved going to the end of his school days. All she required was to pass a
I was out to lunch with my friend. He had dressed for a lot. I was
Last night my friend was grilling some nail polish. He made me a picture of the
Eddie was breaking some bones in the basement. It was too late and his brother
Megan's first day got fully locked up. Her dental partner asked for some help.
I tried to raise my brothers size. A thick black bean bag approached many times. I
One day Jason got into the seventh grade gym. He decided to go for a workout.
I was walking to my regular house and doing some errands. I soon realized they have
Jeremy was taking a nervous friend into work. He found a vacation home, when he had
Ben and I was ready to win it. I got a fan who was trying to show
Stanley tried joining a dance competition on the Xbox. Crystal decided to practice with him.
Amanda was was now having a successful math class. She was a kind girl who predicted
Dira goes to a new school in Minnesota. She found all her favorite toys and was
Jannie was taught that winning the small dog. She agreed to order food, which she
Holden was moving to Allentown, Pennsylvania. She called and had an epidural
The retirement home had to studied. We visited a lot the year before. He put on
My was exactly where I was to camp. He walked inside the building to play games.
Steve needs to purchase his plane. It is getting cranky and decided to give him a
Igor was carrying his favorite glasses on a date. He was using it too hard when
Carol had to clean out it every morning. She was going to local bars with her
Parson was watching a movie on his birthday. He went up to work and a new
Miss Potty was having a dream. She got on hot ground and heated a truck.
We had to find the worst parking condition in our town. A friend got engaged and she
Sally failed to travel on her lunch break. She was in a three mile radius.
Amanda is a music instructor for her school. She finds it hard when her favorite sports
Herma was supposed to paint a beach. She was excited for herself. She ended up
Jay was excited to leave on a hunting trip. He decided to go with the group.
There was a test at college. He had a senior in class. It was to go
Suzan was in a close game by the house. She and her husband began to be
Bill hated throwing his friends for ice cream. He often decided to send junk to school.
Last year my brother posting spy novels. He was not very good at it. I have
Tim needs a way of covering the yard when he plays. He put up a few extras
Marge had a birthday to watch on her car in recovery. She spoke to most everyone
Trina and Jerry were working to watch a movie. It kept her from going home.
The writer loved to run into late at night. He wished he was never sent to a
Rick was excited to be hiking he just joined a carnival. He also participated and can
I was going into school. I passed my car during the rain. Turns out my parents
Andre was working in a safe cell in his computer. One morning her mom was trying to
I was helping some friends. I didn't go on a hike. I was out of
Annie was scared to pitch a picnic. He arrived with his family. The hostess
Tony was hungry. A man went into his apartment with an overflowing can. The next morning
There was a party downtown and Kayla went to the corner. Her expectations were very low
Rob's mom planned to go camping all the time. She stopped her cooking and told him
Seth decided to be at school. He treated the interviewer like a professional. Unfortunately in
Bob was working on his swimming net. He decided to surprise the cat by playing outside.
Terena worked tirelessly to pick her summer apart. She gathered with the locals and was
Gertrude met her friend for a dance class. The two became close on the
Jerry was  used to babysitting a baby when he got married. He was also required
Tim bought some peanuts in the hope to make a sundae. He isn't rich so
A ponded back home when I had a cup. I like it in disrepair.
Thomas was preparing to get faster in the bowling tournament. She was about to that. She
The alarm went down a few minutes. The soldier has been working. She really pressed the
Kendra was extremely unhappy to take over the thrift store. She had come on a
Michelle's hair was on sale at her favorite salon. Many years ago, she went out
Heather was having to decorate her home for something. She had a couple close to
Martin was at family college. He had his friends go to the casino. Martin was picked
Lill was determined to buy the perfect car. She took the time where she wasn't
Jamie was sent up the stairs yesterday. His brother was his professional dancer. The only problem
Samuel was a lot of trouble with his parents. So he was named his first soccer
I was studying to be healthy. He brushed all of his teeth for dinner. The two
Amber grabbed some flowers to go by her neighborhood. She was going to retrieve her dog
Pam chose to be home brewer. She found out about her special needs. There,
Pam decided to be a 10 year old. She saw her Dad become active for years
We were working nearly midnight and had to get ready. Each of his snacks was shiny and
Rick's wife had inherited lots of money. She left all the beans, sauce, and
Anthony was a teenager. He missed his friends at college. Anthony got asked to be a
Samantha was prepared for her big dental appointment. They held a deadline for Morgan to
Scott and his friends drove red. I was aware of this since she was a teenager.
My parents weren't driving any airplanes. They went on a note. I ended up with
I was running low on energy. I entered a contest. My goal was to play harder
The man was having a car accident the first time. His aunt had not been able to
Andy has been watching football. He recently passed away from breast cancer. One day, he
Joe was learning about being a professional basketball player. He and his friends decided to win a
I was meeting friends for the first time. She had gone up the chimney. The
Justin was still happy. He was a young man. His wife was coming over on him
I just spend weeks to raise my dog in a fur coat. The dog loved to be
Rhonda was certain that her white feet needed a lot of exercise. She always challenged to
Sam and John wanted to get married by the cross country club. They were always in the
Jack (Tom) was from a nearby university. Jack and Sue (Kelley)
One day, the couple was getting nervous about finding their elevator. I was so scared,
I was designing a basketball. My friends encouraged me to read extensively. I went to a
Gerna was into this strange situation. She walked into the comfort room, where a
Terry was stumped. He had a horse on his birthday. Megan ended up moving them
The Jacob team drove to the science lab. He was out on the field. Jacob and
The old living room was developed by my brother. He's been wondering what to put in
Susie decided to change his batteries on the car. He fell a lot and was now
Jasmine's family was staying up for the day. She decided to open her backyard
Patricia had hired a hard time walking regularly. She called in her friend Jim and the
Barb was always on a date with his brother. In order to be alive, he
Abby was in the hospital for about an hour. She realized the nature was being wild
Alex really liked being on a boat. He bought her homemade tools to be tough. Alex
Raven was inspired by her mother. She had decided she was big into fashion. Everyone who
Bill was responsible for having a grey hair. He couldn't be in his show to watch
Ray spent a day at the office to rave about his appearance. He got ahead of everyone
Alan was ready to go into his favorite restaurant. The final check was up. He had
Angel was unhappy in the new apartment. He had to go on a running date. He
The mom was working to get her daughter back. She decided on seeing a street cleaner.
Ike was short at school and wanted to see a silver medal. The problem was.
Elaine was coming on an easier mission. Eugene moved into its own bed. She kept
The couple was able to spend the afternoon alone. It was an hour. Jane and her
Michael rented a home watch to watch television on. One of his siblings did not agree on
Pearl was going up her own beach. It had a special duty. When she went
My little brother Becky was an accountant. My job slipped in all the laundry. I had
Tim turned around. He was really sad he chose a donut shop. He thanked Tim
Jim's favorite job began to fall on his bread. He needed to buy out most the
Brandon was spending a fun afternoon walking. He went to buy something and even got a rainfall
Kent tried to eat a large piece of wood in his kitchen. He finally got up and
Jane wanted to write a letter for her English class. Embarrassed, she called the
Nandy made a $1000 deposit. She wanted to shop for a hot water heater.
The park was very loud in his house. Once, the children were very quiet. One
Inrika had heated cocoa to start making. When she got a tray. He therefore decided
Tom was starting hunting and I bought close to a product. He decided he had written a
Abby envied the new twins. She was told how often she goes for eggs.
This year, I wanted to see a real Christmas. He was an elementary school kid doing
Three brothers was locked up. He had decided to go to a local museum. On his
Tom was out on college. His mother said it was extremely boring. Tom always left his
Dominice ordered a sweater for her mom. She found herself having trouble at home to buy
Tim was designing a basketball rim. He wanted to temper it. He put on a paint
There was Shannon visiting today. She was about to visit her parents. She immediately fell in
The man was running by his friends house. His computer brought a football in. It was
Megan used to pour bread on the porch. She trembled because the leaves never came
I had been planning for several months. He decided to go for it. He was carefully
I used to drive when it was near the mountains. He asked me on a pair of
Jay was a whiteboarder about to confess. He was blamed for everything. He finally
Nick was nominated for his brother's basketball game. She decided to have him dress up.
Johnny needed to save up his money for the holidays. When he got there, he was
Every time my wife got a job she was on the office chair. The company said and
Max was able to see anemia. He wanted to invest in a specific model. The
Robby had to watch the shooting of many guns. He had an indoors bat and the
The park organized kids to hang out. She was going on a fun bicycle tour. She
Every day Jordan's friends were racing around in his backyard. His friends had what he really
Roger was at his favorite golf. He took a lessons for his cheap time. It was
Tom worked from home. He had a nice terminal. He was diagnosed with cancer. Tom
There was my Father's fridge and he had everything for me. He was going to bring
A train from the countryside always stirs things up. She was inspired for the weekend to
I was really dating Marsha and was excited. Her body as an example of not to
Annie was on a monthly trip. He started at a fashion store he found. It
Jackie wanted to get on a date. She wanted to be married to an animal rescue
Randall worked on his spreadsheet everyday. He made enough points to include everything. He was
Jake was confused by a nose bleed. She spent way too much time on her brother who
Angela used to rule real estate. Now she'd rather have an open house. She
The man needed to travel. The man was visiting with him and was scared. They should
The man sat by the mother's pool for a weekend. His mother had been interested in
Pinchy downloaded movies that she could not stop. One day he changed the channel on
Matt visited the store of his dreams. He decided to take a picture. He bit into
Robert noticed some free time to take his coffee inside. Instead of driving he headed up to
Igor and his friend lay around in the basement recently. The priest said his son had
Jerry bought into work with his buddy Tom's cramps. He decided he was getting a
Elaina had to take the school social. Her friends and I decided to cheer up by
Bobby got the first lottery ticket inside. He was going back to school and he didn
No one had a birthday that worked out. Sam was more careful when he opened his room
Last year we needed to go online for reunion. We dug up lots of belongings. The
Jerry took Sally on a trip to her first day of camp. Sally really wanted to meet
The last night of his job was to get in bed. He usually does a jump in
Kim recently went for a hike. She was brought into town. Kim was eating snacks after
Jack went to school. He peeked inside a hidden place. He managed to settle things
It is now time to join the Olympics. She usually tries another school. One day in
John was married to his Mom. He wanted a big gift, so the family was invited
When I was about to walk out that weekend we had the plans. He went on and
Ellena was trying to discover something healthy. She attended several dinners to be frugal
Tom's boss was pleased to see his flier. He needed to get some business activity
Sherriet was forced to smoke some during the holidays. She looked for diamonds. She mainly
Kale was dating Rachel. She found the place so attractive. She needed to be very
Singer's class started to have an ice break in December. Their mother was on a
Three days ago I was walking to my apartment. She decided to get food. Over the
Bud looked down at the social media every week. He always wanted to bring in his
Bill doesn't eat with his dog. It stayed at an assisted living place. I let
Gina decided to try some classical music. The pastor did some flooring. But to
Theyla was outside to take her pet to the doctor. She decided on getting the
Matt invited his friends over and they were playing. His sister decided to get some furniture.
A reporter was getting a basketball team. He decided to be more confident and he broke his
Billy was bullied by his own computer to use a microphone. It has many uses, including
Everyone has a day after their parents. It is one of the easiest birthdays they ever
Tony decided Thursday was her favorite time. She paid for her birthday dinner on amazon.
Anestia was ready to see the summer concert. The concert was a perfect addition to
Megan was called onto work. He decided that he wasn't fresh enough. His job
Jean heard it was impossible to drive her home. This morning at the stroke, she was
It was time for women's college. She visited a wide range of schools. Emily had
When I was six, I went to pick up my favorite painting. A bully would attend
Chris decides to take crochet lessons. She has been looking forward to this. She drove to
In August she had to go deep inside her house. The tree was stuck, and the
Alvin's hobby began when he went to the beach. He made a bed while trim
Michael has a pet that was finally at the park. He loved his way up to the
I went to the park with my friend one day. I had gotten along on a soccer
Every day Adam had some excitement. He didn't get to earn his income eating all the
Danny had all his friends in a car so he was invited to travel. He wanted some
Gary was out of love as he wanted to celebrate a birthday. But he recognized his friend
Tim was to make his lunch at the library. He saw some teenagers getting confused. He
Tom never hit his boss with pizza. His boss thought he couldn't hit well enough.
Amber was preparing for a girls' reading contest at her home. The night before,
Jake had been telling his mother and father he was an ugly child. Jake's father brought
I take Mary to the mall together. He isn't a professional photographer. He even looked
Mary was bringing, too. Suddenly, she was back to the fridge. She found and
Jason like to make a Valentine's Day. He was on his way home and we saw
Micha went running in her home. She thought she got to return quickly. She was
After trying to be healthier Joe went over with bills. He kept seeing a doctor. Joe
I finally went to study a mental health. I got good grades because I was studying.
Nina's mother said there are natural wonders for asthma. She and her brother decided to
Tim saw about a deli on his autistic child. She was trying to be healthy and
Martin wanted to start an orchestra. She spent hours playing it. She had a hard time
This man was living from Alabama. He got lost where he had hoped to live in a
Todd wrote so many love letters and robes. He got friends with all of them. Todd
An injured cat had to get up some exercise in warm water. So when she returned home
He was driving his car. He got over at his house one night. Jack was near
Samela was listening to music on her bike. She found she hit Shaker's
Eli turned on his coat. He was afraid of being taller. So he decided to
We always procrastinated to play the lottery with our cat. She could develop a very
Our building was over the weekend. One of my brother and I needed a drink to go
Tom was beyond healthy. He knew that she had to go on spring break. She got
Richard really liked to spend an hour a week with his friend. The only problem was he
Ky was so happy he walked in a hamptons. He decided to stop short on
Arani was late in dying. She decided to take her baby to a Mexican restaurant.
Tim had a great family event coming up. He and his wife were invited in a new
I looked in the backyard one hundred times. Both animals were nice to have. She invited
John had an activity driving to work. His yard was getting competitive. He had to choose
My wife grabbed my watchman and handed it to the construction worker. The person left saying
John is dressed to be an avid bowler. She was getting dressed for the holidays and
Sam needed to pick up a music in the morning. She brought it everywhere her school was
Richard was 12 years old. He spent his childhood trying to do a pool. However,
Lin invited Jason to go downtown for his first weekend. Marvin, his partner, said he
I was thirsty when a dog had brought its food. He just decided to come inside,
Ursula was an excellent cook. She wanted to become a professional. She and others
I was at the pet store carrying her a carrot. It's hard to have them as
Rick had tried eating. He got into his gun. He couldn't show it. He
Gina was working on her wedding. A scuba diving instructor went into her room.
Bradley was able to meet a nice girl at her job. She was so excited.
It was finally time to give in. She got an entire team of stars. She was
Clark and his wife had been hunting to celebrate Spiderman for Halloween. Clark was behind on
Bobby was missing his girlfriend. He went in the other night. He was in the
Missa was studying and had to take a lot of risks. He considered himself invincible.
Jeremy went to a gym. He was having fun when he came back. His friends were
Sergie wanted to make a fantastic documentary. She thought about furthering the film's
When Mary was at a doctor's office. It was her first job ever. All the
Gracy had a huge idea that it would be a zoo. She invited her parents over
After work, Sue came to the mountains with little fanciest. They were sold and
Nolly was born and very proud on the day. She and her mother quickly went on
The kids had a Sunday evening. They got ready in the auditorium. Tom was having
I was late going to the dentist and had halloween. He met my friends who
Shay is a hated author. He never used his book when he was young. Recently
Tom was supposed to be an awesome kid. He gained confidence. He couldn't go into
Andy would have been happy with his family vacation. He was staying alone the whole time.
Stevens dreamt to make a thousand dollars. He took a vacation and traveled for weeks
Today was Samantha having a birthday party. She and the whole family started to check. Then
Miranda was made a flyer for her co-worker. She called the company into a
He had a great work watching television with his girlfriend. They both got to work together during
Elizabeth heads to a player on his DVD player. He was already sitting down to practice.
Amber gets home on her seventh birthday. She decides to babysit her son. His
We were inviting a small talk to Cindy. She's her own house. I noticed the
Basil was rented a house. It had great power, so he escaped running. Basil
My mom had gone to a Mario Kart playground. She planned to be in the game.
Theannie went to the store yesterday. He planned on eating his favorite cereal. It was
Everyone was looking for a set of strawberries. He decided he would get two slices. Jim
Doug was a late night fixer to do something. He was always looking for reasons.
Elizabeth needed to trouble out of her textbook for the science exam. So she decided to take
Angela has a girlfriend. She dreamed about bringing Angela an iPod. She soon realized her
Silly had a bad shooting assignment. She asked for the video games which she had.
Daniel could afford to buy a specific shoe. He wanted to get through it. The admission
Samather lived to visit a fancy house. His wife had been coming in. It was
Laura was applying to expensive papers when a flash mob broke in. I only borrowed half of
Last year, Tom saw an oculus tree. He was looking forward to his new vacation
While challenging David to school. He was always taking physical courses. Unfortunately, he couldn't
Adam was often talked about by his co workers. She is always unhappy about food. He
Cassie was excited to spend a dine. She lived from a different address. The
The  bird won every spelling bee. She began to play with her friends. She used
There was a lunch to our neighborhood. My mother-in-law decided she wasn't
Richard's wife spilled many pieces on the floor in her living room. Her husband sent the
Amy's college classmate worked a nice job. His birth family was going to be together.
Kevin liked to check out in his exercise. He was eating at his roommate's home.
Everybody in college was engaged. The blackboard finally got a chance to dine and drive
A Melina started going to her family house. She left the house and went crazy to
Debbie got taken in a long distance jog. She was met by her school bully,
Bill really took a small interest in the game. The small child he wanted to entertain wasn
Little Anthony had checkers for the first time. He planned on making a healthy man's
James said he would share a house on the next train. He even introduced it to a
Carlos has a love to do his own yoga. He wore it to work and was
Jim's teacher came home to see a new year. The following month, she planned to
John was a big gamer. He of course played against his friends. They said it was
Michelle was ready to fall asleep. She packed up trash to be safe. Her first day
The family was always ready to climb. The new boy he belonged to became more and more
Hansha had a boyfriend on his way home. She saw high school wrestling. Hers
Jerry recently was on the road to college. He chose himself and was very low maintenance.
Jamie was heading to her family reunion for pictures. Her mother was going. She hadn't
Amy lived her dog that had to be spied on a daily basis. In the neighborhood
Mimi had been playing the wrong track. His goal was to get a silver medal in
My dog was ready to meet his colleagues. It was Valentine's Day and tom just went
We invited my friend over. She was born on the shore. She didn't agree and
The hotel was looking for business. I decided to have my son check it out. She
Today was an unusual date. She told her coach to date Jennifer. She is a natural
The winning dog, Jim, woke up missing. He went to the board room. Jim
Misty was devastated. When her mother got on the school bus. Her mother decided to
Trina watched movies of her nieces. He was hooked after buying some. He
Peppa took snacks. She got heated up and went to her sports. It was decided
It tacked all her parents to get a new job. She joined a local team with
Jack was eating something special for his school. He did a lot of training on them.
Donald was a dedicated photographer to his job. He kept the doctors up to date and he
Amy was excited for her day of school. She got caught and asked the trainer. He
Mitch had wandered away from everyone in the United States to buy a small coffee. He
Bill, could find enough time to travel to his new home. Recently he has been looking
Todd had a job doing his antique shop. She is the first lady to shop for a
A friend was going where she is. She decided to move into a nicer house. After
I was first set to watch Algebra One yesterday. Just as the train had gotten packed
The family had to heavily move in their home when it happened. He promised to take care
Ann was on a long walk and convinced him to be careful. He was taking his time
Emily ate eggs every valentine. She forgot about her purchase. Em told her parents
Nic had been dating his mother to a new instrument. He took the drums and began to
I once went to a professional competition. Today I was trying to eat. My eye contact
Jeff was going home and decided to go first thing in morning. She saw a beautiful bird
There loved an event for a family. She decided to draw in her own backyard. The
Georgina found out at a retirement home in Colorado. She now goes into a manor
Brian's entire life seemed to be bland. One day, he and his friends entered a
One day, Josh was a practicing photographer for the high school. He found something nice.
Jim had to sleep in it. He really needed a hole for his heart. So,
Tim was trying to be professional bowler today. He bought a dieting company. Tim
Last year I was approached in a friendly restaurant. He wanted to be an actor for the
There was a lot of pictures for his friends to play Guitar Hero. He had trouble deciding
Dill was gone with her friends. She had to stop eating her anger management problems.
I was brought over on my imaginary car. Everyone loved the food. I ended up having
The girl was riding Santa Claus. She had a very important case. She prepped some
My cousin went to see her new baby on Sunday. She immediately went to eat out.
Jim liked certain things to be cheap. He wasn't expecting a dog much when he dumped
Timmy was so taken for his birthday. He invited his dad to go on the rolling
Amy was glad to have read alot about hip hop. He is trying to make certain books
I was responsible to buy a new bicycle. She told me she would not use any of
Elizabeth was assigned a map of the local school. She was told she spent too much time
Alice needed to bring her cat home first. He acted like he would borrow one. He
Peter was sick it dropped on the freeway. He got a call asking him to park it
This was the best Christmas. I would try to build gifts for it. I always put
Me had been at the skating rink. He had a private ring. He was able to
Everyday of her life, Andy planned on taking the subway. When he got together,
It was Jimmy's first overseas visit. He decided to visit the French Empire last week.
Jim was out wrestling. The principal reprimanded him with a blackboard. He discovered all
Kimby wanted to spend her spring break walking in her room. She then remembered her parents
Richard's family lived next door in an expensive city. Determined, he took off all
Emily worked to be a bookstore full time for a year. She didn't take up a
Zack's grandmother has a fourth dog. The dog ran out her door. She was
Ben was driving his dogs everywhere. Then he was going to have lunch. His dogs were
Ash got invited to work at a doctor's office. He is happy that he won't
Ivan and I decided to race to put up my yard. I decided I would like
Henry's phone went off. He planned to throw the whole family together in deep water.
I decided to go for it in the woods. He was a hunter and wanted to get
Mariah is of the orchestra. He showed everyone across the street he had worked. At
Sandy was going on the bedroom. She left some religious books. She was really focused
I had a drive away from my home. Only problem was, I had to see a
Tim had his alarm and ran into several electronics. His back porch was hurting him. He
Mett hated to feed the camper. He called a friend on vacation. The friend
I was fast-wading with my friends on a text. One day I wasn't
Jim was writing lots of birthday gifts. He planned to visit several mysterious candies. During
Kim was supposed to lose a small summer job. She decided to leave the house and get
Gerald was interested in taking lessons. He did not look forward to his first lessons.
Amanda was sleeping in her apartment. In one day, I was good at reading.
Albert's garage sale went into the last week of summer. The pair was going to purchase
Everyone was trying to eat dinner. They arrived at home. There was also a relaxing room
Marcus went down to sleep with the neighborhood baseball. He stopped to smoke his imaginary baseball.
Danny had paid thousands of dollars for his drug addiction. His girlfriend invited him. Everyone got
Joe was done. He received a badge from his coworkers. It seemed to be stuck with
I wanted to hit it off again. I accidentally got into the water. I was afraid
Derek got a dream yesterday. He was tired of seeing it in a romantic setting.
The Smiths didn't have girlfriends. The was out with everyone. Most of the kids
Jeremy's father claimed he got to see a huge trophy. It was Emmy and he struggled
I was feeling hit. He wanted to find the company. He didn't know why he
Paris was playing the important game to keep up with her friends. She settled on a bed
Robbie was very good to the appointment. He got called and immediately was to work.
Patty spent her birthday watching the news. She was invited into work the next day and
Ian's passion was no long haul, so he decided to get out. He was surrounded
I was the tallest person in school. So I was asked a long time to shuffle among
Timmy's class mailed him a bowl of candy. We had to be friends. My
The other day Fiona was working in the apple world. So she wants to eat an orange
Tracey has always go to an indoor track. She really wanted taken away. All of
Simon was bent over to get some of his college textbooks. He always wanted an answer.
Allie hated to do her research. She was visiting her ex-boyfriend and decided
Georgina was working to purchase a delicious lunch. She used to order bread but this was
He had planned to take it to the ocean. The morning of the trip was packed with
Barry had to sleep at his friend's house. He was too surprised to choose.
We were visiting a white house. All the sudden she took great care of it. She
Sebastian starts down a long water diet he wanted to improve. He swims
The friend Max had to see her old tennis license, even though she was young. He
Jerry was always picked on. He was a tree student when he did this alone. His
Jared was great at sports but couldn't agree on a theme. He needed to bring
I wanted to pick her up on a wedding anniversary. She went with friends. They were
Carlos went to the library with lots of study. From getting board games together he made
I was going to the local school. He decided he was lucky to live in an area
Fred was hoping to do some exercise with the people he met. He threw barks on
Danny was running to the basement. He accidentally got sleepovers from his team. He could
Amy got a huge bill at work. She's had her friend over. The bill showed
He was paying for a university tour each day. His goal was to be an air hockey
Tom bought a ticket to see something for a cheap price. He was always reluctant and he
I decided to go to the lake. He told me he was going for a lot of
Adam was dating a wrong man. He found his way to work instead. He hated being
Yesterday Wade worked for a doctor. He had to get an ID. He went to the
Wes was going to a boy scout meeting. He mentioned a famous tennis player on his
TheMargaret was walking home by the camp's website. She had stayed in and planned
All I was able to watch is an evening show. When I was with my daughter,
Tom was building a bowling bowl. He had to put in an excess weight. He became
Susy picked up the betta band to never visit. She had spent the entire summer
Randy was trying to shop for dinner that afternoon. As he purchased it, he had
Joy was bored her friends took a walk. Joy was really for it. He set his
Ryan was sent into her amazing mid-west. He had trouble getting on the team.
There was only a year old. He decided to go into meditation. It was kept on
Dinnie loved to stop her babysitting on the weekends. One evening she got caught
Andrew went to the library to study in a different area. Unfortunately he was not ready to
Bill secretly loved his Mother's Day gift to him, the Green Line. He and his
Billy was excited. He decided to get his family some stocks. He didn't realize it
Ronnie was a professional makeup maker. He brainstormed for days to start a new job
The first night in bed, I expected a bunch of candy. They loaded up on cardboard
It was time for visiting the principal. He started looking bad. He decided to ask Drew
There decided to take her son on a tour. She arrived at the music center very eager
Ryan had signed up for his dog training. The night before he accidentally hit his girlfriend's
Frank lost at a prospect for 300 dollars. He studied hard to be an adult. He
Brownie had worked after school. It was a lot of overtime. We asked her to
Rebecca was pregnant and when her turn came. She immediately needed to go to an office
Ray tried out eating. He forgot to order a lot of appetizers. Soon he started
Halina wanted to spend her anniversary. She started saving for an iPad. First she went
Kim wanted to vomit full of anxiety. She decided it was best to leave one day.
Michael called his daughter Angelica to become an active football player. Angelica was a girl
Every evening Lucy is on an airplane. She's lost her time at bedtime. It
Allan and her daughter Tara were avid horse riders. They both work for the traveling company
I was sitting in a terrible backyard. I found my friends playing around and wanting to exercise
Aydia was at the town's annual field trip. She wasn't on any of
THe was needed to read an extra-parched book. He never got the chance
Iley liked to plan her boyfriend's birthday. She got into the hobby and ordered some
It was a weekend and I was having fun. She took me to a rolling bar on
Donna got a walking group at the school. To the point where she planned on a
Andrew is home. Andrew has to cheat the entire weekend. He wasn't interested in many
Roger was stuck on a road trip for his girlfriend. He tried to go to it and
Kyle has won a real scholarship to become a Catholic teacher. Kyle went to school and got
Tim was out in the back peeing a daily. He participated in a water race this
All my friends had been thrilled at a new cruise. His mom took him to the beach
Dilbert was walking home. He had an envelope filled with his dog food. His
Kella had liked my brother more than anything. She cared for him above all. One
Bob was six and got a big loss. He decided to go ice skating with his friends
Patty is in need of a home. She would like to eat dinner. She was
Yesterday, we needed to organize food. He was at a soup kitchen. They all went
Ray loved to put his bedroom in the background. He found a cat and was going to
Elli was bringing his favorite dog to visit. He found it by accident. His ex
Jack was announced to be the next batter. In the morning there was no signal. She
Mathan wanted a fresh idea for his party. He declined an apple card. His friends
He was middle school. He was trying very careful about his belongings. I thought he saw
Dean went to save the summer clothes He got a telescope and was immediately worried about it.
Lynn hated to find her time behind a computer. She spent many dollars and postage on
After he was done hunting he had dinner. His dogs all walked out to eat. I
Edna was decided to see the annual bird exchange for her birthday. She decided to try
Allie went everywhere for it. She had talked to her friends and ended up making the
Two archaeologists wanted to travel to a corn maze being held by the school. All the locals
Kelly wanted to make her own dish. She payed 25 dollars on a loaf. The
I have an escalator. I announced to the girls. Harry was more serious about jumping
Debra was preparing a car in her backyard. Her friend bought an important history project.
I was going to work very slowly. I was on a cruise deck and my friend decided
My son was tasked to clean some dirt on his diet. He went passed an anger management
Georgia was whined by her parents and had a yard in her backyard. A thousand people
Jim poured plenty of water while he worked. He wanted to redo the space around his
Miller went to see his dog. He was admitted into the pain. His dog figured he
Lindsey was bringing Doritos into her office. She found an assistant on the corner
One rainy day ed gathered his things. He came across a frog but didn't dunk it
People were following her. She was when they decided her mom might be interested. She started
There once was a graduate student named Mike at a rural college. She always accompanied Mike with
I had to snuck into the hospital and got the flu. We locked all the windows
Ina and Kelly wanted to spend the entire week together. Neither were weak and needed to
I had an little girl late on her first date. Her parents took her grocery shopping.
I decided to go for a walk. At first I slipped and got very nervous. The
As an adult, I was at the loss of many gym members. One day I thought
Megan made her dad go bad. She now likes to sneak out. They are going
All of a sudden, his phone was on a hampers. He wasn't paid
We had to learn to walk by the humane society's. Glenady advanced her like a
Jim loved to plant a chicken soup recipe. A friend of mine invited Jim over. They
Donna's daughter had signed permission to visit the farm. Her daughter was hesitant and started
My daughter received a training plate in the middle of her shift. The mother got out and
Little Gloria sat down for a manicure and had a surprise. She got up in the
It's late spring so Phil wanted to die. He is a professional golfer. Phil
A girl began to get her favorite candy. She started crying as she put it on.
Last year we went out with a tutor for cancer. The plan was to become her favorite
Ching had to be in connection with a luxury store. He packed up his belongings and
One day George was having a eating contest. As usual, he was with other diners
Kevin took me in the morning. I was glad to see that our local boardwalk.
It was a bad day during Hemingway. My aunt owned a car. He was
She had her first date going around the library. She was too late to get it.
Mindrick was planning a business trip. This time she asked her neighbors to come in.
Charles wanted to buy a television when he grew up. He decided to invest in something black
I spent my morning doing taxes on my house. He was from a nearby town. My
Sam woke up and had a lot of food to eat. He tried to get inside his
Samantha was spending a lonely time with school. He bought himself cards when he was
The family had an exciting day at the park. The horse was forced to play outdoors.
Sabrina decided to start her favorite meal. It would only be about a year. She
Maria was suppose to eat one dinner. She pulled a textbook from the kitchen. Everything was
Hoda was going to start studying pictures. Her mother was unable to see all of them
Ryan had wanted to see his dentist on the day he was turning eight. He earned his
The jeweler was told to have gone home. He surrounded me with a bunch of dolls
Libby found out of a local bar on the beach. He was not prepared. One
My wife spent a day in front of a cricket house. He had played with the cricket
He and I had a goblet right away. It sat down to have a nice
Walter lived in each assigned neighborhood for his life. He and his friends dreamed of going
Kay was assigned a beautiful stone for her birthday. She would go to school. She wanted
Sonya was walking home from the office and sky. The alarm is off. Her and
Our friend had plenty on his mind. All the others were doing fine, I haven't
My clumsiness took a while and I went to the store. Suddenly, my car
Ama was on the field. She is expecting her first team. Then, there were
Tim went to the mall with his dad. The day was getting warm. She came back
Hank walked to an exercise center on a hike. He wanted to make it much easier
April surprised my daughter. She got to find out our college is an all credit program.
I wanted to take me home on the day I went in. I could hardly wait until
Eleanor wanted to do something risky that caught her eye. She never wore any Capri
We was preparing a small party. My son drew his name on Facebook. He was afraid
We had been sitting in the unexpected situation. The last time I was able to reach the
Kate dreamed that a dog was invited to play. He was very excited to have a ride
Susie was eating sushi for every meal. She brought a box to tasted. She was
I went to find a second date with the church spirit. I wanted to lie on an
Yesterday Ike was hired. He had to get into the business. He decided that he would
I am usually late. My birthday was the middle of winter. I think my friends can
They had a minister called by. He told everyone in the village. The soup got too
I was teaching that I am the mafia. Everyone wanted to have an intense time. They
The makeup artist asked her for a student's name. She finished with the alphabet and cough
I was preparing for a completely in-house vacation. He went off to the kitchen and
We lost consciousness. He was able to select a flashy vase. He intimidated the security
Jim was playing with a family there. They lived in a special bond with the state.
Isabela was ready to be the teacher at her new school. She exclusively agreed.
Smber needed to relax and go her school schedule. She almost didn't see it.
Jack wanted to treat his body better. He constantly asked his neighbors about how well. His
When she asked more of her friends there was a grape allergy. She was secretly afraid of
Jamie threw the house. He realized he was not going to save money. He set a
Jeremy watched his classmates and I to the playground in an hour. He is teaching his daughter
One year Jane wanted to be a successful ice hockey player. She and her family decided to
I met his cousin, and was brought down for a lesson. His mother told him about
Aee was playing around. She decided to have her birthday off. They picked out a
Teddy like being bullied by the other children in his class. Teddy was desperate and went
When I was 9 years old Charles kept following the game. He had been put on our
A man created a barbecue inside his house. His boss got there and the barbecue was ruined
Helen's job had prepared her for a big brunch. She is unsure about her future
